ARM GAS  C:\Users\mewin\AppData\Local\Temp\ccu9q5Cc.s 			page 1


   1              		.syntax unified
   2              		.cpu cortex-m0
   3              		.fpu softvfp
   4              		.eabi_attribute 20, 1
   5              		.eabi_attribute 21, 1
   6              		.eabi_attribute 23, 3
   7              		.eabi_attribute 24, 1
   8              		.eabi_attribute 25, 1
   9              		.eabi_attribute 26, 1
  10              		.eabi_attribute 30, 1
  11              		.eabi_attribute 34, 0
  12              		.eabi_attribute 18, 4
  13              		.thumb
  14              		.syntax unified
  15              		.file	"DebugMessages.c"
  16              		.text
  17              	.Ltext0:
  18              		.cfi_sections	.debug_frame
  19              		.section	.text.InitializeMessage,"ax",%progbits
  20              		.align	2
  21              		.global	InitializeMessage
  22              		.code	16
  23              		.thumb_func
  24              		.type	InitializeMessage, %function
  25              	InitializeMessage:
  26              	.LFB35:
  27              		.file 1 "DebugMessages.c"
   1:DebugMessages.c **** /* ========================================
   2:DebugMessages.c ****  *
   3:DebugMessages.c ****  * Copyright YOUR COMPANY, THE YEAR
   4:DebugMessages.c ****  * All Rights Reserved
   5:DebugMessages.c ****  * UNPUBLISHED, LICENSED SOFTWARE.
   6:DebugMessages.c ****  *
   7:DebugMessages.c ****  * CONFIDENTIAL AND PROPRIETARY INFORMATION
   8:DebugMessages.c ****  * WHICH IS THE PROPERTY OF your company.
   9:DebugMessages.c ****  *
  10:DebugMessages.c ****  * ========================================
  11:DebugMessages.c **** */
  12:DebugMessages.c **** #include "DebugMessages.h"
  13:DebugMessages.c **** #include "cyapicallbacks.h"
  14:DebugMessages.c **** #include <stdio.h>
  15:DebugMessages.c **** #include <stdlib.h>
  16:DebugMessages.c **** 
  17:DebugMessages.c **** extern char8 txData[TX_DATA_SIZE];
  18:DebugMessages.c **** extern volatile uint8_t address;
  19:DebugMessages.c **** 
  20:DebugMessages.c **** void InitializeMessage(void){
  28              		.loc 1 20 0
  29              		.cfi_startproc
  30              		@ args = 0, pretend = 0, frame = 0
  31              		@ frame_needed = 0, uses_anonymous_args = 0
  32 0000 10B5     		push	{r4, lr}
  33              		.cfi_def_cfa_offset 8
  34              		.cfi_offset 4, -8
  35              		.cfi_offset 14, -4
  21:DebugMessages.c ****     UART_UartPutString("\r\n-------------------------Reset-------------------------");
  36              		.loc 1 21 0
ARM GAS  C:\Users\mewin\AppData\Local\Temp\ccu9q5Cc.s 			page 2


  37 0002 0F48     		ldr	r0, .L3
  38 0004 FFF7FEFF 		bl	UART_UartPutString
  39              	.LVL0:
  22:DebugMessages.c ****     sprintf(txData, "\r\n\r\nAddr: %x \r\n", address);
  40              		.loc 1 22 0
  41 0008 0E4B     		ldr	r3, .L3+4
  42 000a 1A78     		ldrb	r2, [r3]
  43 000c D2B2     		uxtb	r2, r2
  44 000e 0E4C     		ldr	r4, .L3+8
  45 0010 0E49     		ldr	r1, .L3+12
  46 0012 2000     		movs	r0, r4
  47 0014 FFF7FEFF 		bl	sprintf
  48              	.LVL1:
  23:DebugMessages.c ****     UART_UartPutString(txData);
  49              		.loc 1 23 0
  50 0018 2000     		movs	r0, r4
  51 001a FFF7FEFF 		bl	UART_UartPutString
  52              	.LVL2:
  24:DebugMessages.c ****     UART_UartPutString("\r\nWelcome to Motor CAN Tester press enter to continue \r\n");
  53              		.loc 1 24 0
  54 001e 0C48     		ldr	r0, .L3+16
  55 0020 FFF7FEFF 		bl	UART_UartPutString
  56              	.LVL3:
  57              	.L2:
  25:DebugMessages.c ****     while(UART_UartGetChar() == 0){//y in ascii
  58              		.loc 1 25 0 discriminator 1
  59 0024 FFF7FEFF 		bl	UART_UartGetChar
  60              	.LVL4:
  61 0028 0028     		cmp	r0, #0
  62 002a FBD0     		beq	.L2
  26:DebugMessages.c ****     }
  27:DebugMessages.c ****     UART_SpiUartClearRxBuffer(); 
  63              		.loc 1 27 0
  64 002c FFF7FEFF 		bl	UART_SpiUartClearRxBuffer
  65              	.LVL5:
  28:DebugMessages.c ****     //clear the line return;
  29:DebugMessages.c ****     UART_UartPutString("\r\n-------------------------WARNING-------------------------");
  66              		.loc 1 29 0
  67 0030 0848     		ldr	r0, .L3+20
  68 0032 FFF7FEFF 		bl	UART_UartPutString
  69              	.LVL6:
  30:DebugMessages.c ****     UART_UartPutString("\r\nMake Sure the motors CAN MOVE FREELY. \r\nBe prepared to disconnect pow
  70              		.loc 1 30 0
  71 0036 0848     		ldr	r0, .L3+24
  72 0038 FFF7FEFF 		bl	UART_UartPutString
  73              	.LVL7:
  31:DebugMessages.c **** }
  74              		.loc 1 31 0
  75              		@ sp needed
  76 003c 10BD     		pop	{r4, pc}
  77              	.L4:
  78 003e C046     		.align	2
  79              	.L3:
  80 0040 00000000 		.word	.LC0
  81 0044 00000000 		.word	address
  82 0048 00000000 		.word	txData
  83 004c 3C000000 		.word	.LC3
ARM GAS  C:\Users\mewin\AppData\Local\Temp\ccu9q5Cc.s 			page 3


  84 0050 4C000000 		.word	.LC6
  85 0054 88000000 		.word	.LC8
  86 0058 C4000000 		.word	.LC10
  87              		.cfi_endproc
  88              	.LFE35:
  89              		.size	InitializeMessage, .-InitializeMessage
  90              		.section	.text.StoreUARTBufferToArray,"ax",%progbits
  91              		.align	2
  92              		.global	StoreUARTBufferToArray
  93              		.code	16
  94              		.thumb_func
  95              		.type	StoreUARTBufferToArray, %function
  96              	StoreUARTBufferToArray:
  97              	.LFB40:
  32:DebugMessages.c **** 
  33:DebugMessages.c **** uint8_t SelectModeMessage(void){
  34:DebugMessages.c ****     UART_UartPutString("\r\n-------------------------MODE SEL-------------------------");
  35:DebugMessages.c ****     UART_UartPutString("\r\nSelect a mode(type a number): \r\n 0: PWM \r\n 1: PID \r\nMode: ");
  36:DebugMessages.c ****     uint8_t response = UART_UartGetChar();
  37:DebugMessages.c ****     while (response < 48 + 0 || response > 48 + 1) {
  38:DebugMessages.c ****         response = UART_UartGetChar();
  39:DebugMessages.c ****     }
  40:DebugMessages.c ****     switch(response) {
  41:DebugMessages.c ****         case(48):
  42:DebugMessages.c ****             UART_UartPutString("\r\nPWM Mode Selected\r\n");
  43:DebugMessages.c ****             return 0;
  44:DebugMessages.c ****             break;
  45:DebugMessages.c ****         case(49):
  46:DebugMessages.c ****             UART_UartPutString("\r\nPID Mode Selected\r\n");
  47:DebugMessages.c ****             return(NeedToImplementMessage());
  48:DebugMessages.c ****             break;
  49:DebugMessages.c ****         case(50):
  50:DebugMessages.c ****             UART_UartPutString("\r\nCAN SEND Mode Selected\r\n");
  51:DebugMessages.c ****             return(NeedToImplementMessage());
  52:DebugMessages.c ****             break;
  53:DebugMessages.c ****         case(51):
  54:DebugMessages.c ****             UART_UartPutString("\r\nCAN READ Mode Selected\r\n");
  55:DebugMessages.c ****             return(NeedToImplementMessage());
  56:DebugMessages.c ****             break;
  57:DebugMessages.c ****         default:
  58:DebugMessages.c ****             UART_UartPutString("\r\nERROR SENDING BACK TO MODE SELECT\r\n");
  59:DebugMessages.c ****             return(0xFF);
  60:DebugMessages.c ****             break;
  61:DebugMessages.c ****     }
  62:DebugMessages.c **** }
  63:DebugMessages.c **** 
  64:DebugMessages.c **** uint8_t SetTargetSerial(void) {
  65:DebugMessages.c ****     UART_UartPutString("\r\n-------------------------SERIAL VALUE-------------------------");
  66:DebugMessages.c ****     UART_UartPutString("\r\nSerial are values between 1-63. 0 is broadcast and is disabled for saft
  67:DebugMessages.c ****     uint8_t serial = 0;   
  68:DebugMessages.c ****     do {
  69:DebugMessages.c ****         serial = ReadNumberFromUART();
  70:DebugMessages.c ****     } while (serial <= 0 || serial > 63);
  71:DebugMessages.c ****     sprintf(txData, "Serial Value: %d\r\n", serial);
  72:DebugMessages.c ****     UART_UartPutString(txData);
  73:DebugMessages.c ****     return serial;
  74:DebugMessages.c **** }
ARM GAS  C:\Users\mewin\AppData\Local\Temp\ccu9q5Cc.s 			page 4


  75:DebugMessages.c **** 
  76:DebugMessages.c **** int32_t SetMotorPWM(void){
  77:DebugMessages.c ****     UART_SpiUartClearRxBuffer();
  78:DebugMessages.c ****     UART_UartPutString("\r\n-------------------------PWM VALUE-------------------------");
  79:DebugMessages.c ****     UART_UartPutString("\r\nSet a PWM value between  −32,768 and 32,767\r\nValue: ");
  80:DebugMessages.c ****     int32_t result = ReadNumberFromUART();
  81:DebugMessages.c ****     sprintf(txData, "PWM Value: %d\r\n", result);
  82:DebugMessages.c ****     UART_UartPutString(txData);
  83:DebugMessages.c ****     return(result);
  84:DebugMessages.c **** }
  85:DebugMessages.c **** 
  86:DebugMessages.c **** int32_t ReadNumberFromUART(void) {
  87:DebugMessages.c ****     char buffer[100];
  88:DebugMessages.c ****     uint8_t size = 100;
  89:DebugMessages.c ****     StoreUARTBufferToArray(buffer,size);
  90:DebugMessages.c ****     return atoi(buffer);
  91:DebugMessages.c **** }
  92:DebugMessages.c **** 
  93:DebugMessages.c **** void StoreUARTBufferToArray(char* buffer, uint8_t size){
  98              		.loc 1 93 0
  99              		.cfi_startproc
 100              		@ args = 0, pretend = 0, frame = 0
 101              		@ frame_needed = 0, uses_anonymous_args = 0
 102              	.LVL8:
 103 0000 70B5     		push	{r4, r5, r6, lr}
 104              		.cfi_def_cfa_offset 16
 105              		.cfi_offset 4, -16
 106              		.cfi_offset 5, -12
 107              		.cfi_offset 6, -8
 108              		.cfi_offset 14, -4
 109 0002 0500     		movs	r5, r0
 110 0004 0E00     		movs	r6, r1
 111              	.LVL9:
 112              	.L6:
  94:DebugMessages.c ****     uint8_t index = 1;   
  95:DebugMessages.c ****     uint8_t response;
  96:DebugMessages.c ****     
  97:DebugMessages.c ****     do {
  98:DebugMessages.c ****         response = UART_UartGetChar();
 113              		.loc 1 98 0 discriminator 1
 114 0006 FFF7FEFF 		bl	UART_UartGetChar
 115              	.LVL10:
 116 000a C0B2     		uxtb	r0, r0
 117              	.LVL11:
  99:DebugMessages.c ****     } while(response == 0);
 118              		.loc 1 99 0 discriminator 1
 119 000c 0028     		cmp	r0, #0
 120 000e FAD0     		beq	.L6
 100:DebugMessages.c ****     
 101:DebugMessages.c ****     buffer[0] = response;
 121              		.loc 1 101 0
 122 0010 2870     		strb	r0, [r5]
  94:DebugMessages.c ****     uint8_t response;
 123              		.loc 1 94 0
 124 0012 0124     		movs	r4, #1
 102:DebugMessages.c ****     
 103:DebugMessages.c ****     while(response != '\r' && index < size - 1){
ARM GAS  C:\Users\mewin\AppData\Local\Temp\ccu9q5Cc.s 			page 5


 125              		.loc 1 103 0
 126 0014 07E0     		b	.L7
 127              	.LVL12:
 128              	.L8:
 104:DebugMessages.c ****         do { 
 105:DebugMessages.c ****             response = UART_UartGetChar();
 129              		.loc 1 105 0 discriminator 1
 130 0016 FFF7FEFF 		bl	UART_UartGetChar
 131              	.LVL13:
 132 001a C0B2     		uxtb	r0, r0
 133              	.LVL14:
 106:DebugMessages.c ****         } while(response == 0);
 134              		.loc 1 106 0 discriminator 1
 135 001c 0028     		cmp	r0, #0
 136 001e FAD0     		beq	.L8
 107:DebugMessages.c ****         buffer[index] = response;
 137              		.loc 1 107 0
 138 0020 2855     		strb	r0, [r5, r4]
 108:DebugMessages.c ****         index++;
 139              		.loc 1 108 0
 140 0022 0134     		adds	r4, r4, #1
 141              	.LVL15:
 142 0024 E4B2     		uxtb	r4, r4
 143              	.LVL16:
 144              	.L7:
 103:DebugMessages.c ****         do { 
 145              		.loc 1 103 0
 146 0026 0D28     		cmp	r0, #13
 147 0028 02D0     		beq	.L9
 103:DebugMessages.c ****         do { 
 148              		.loc 1 103 0 is_stmt 0 discriminator 1
 149 002a 731E     		subs	r3, r6, #1
 150 002c 9C42     		cmp	r4, r3
 151 002e F2DB     		blt	.L8
 152              	.L9:
 109:DebugMessages.c ****     }
 110:DebugMessages.c ****     buffer[index] = 0; 
 153              		.loc 1 110 0 is_stmt 1
 154 0030 2C19     		adds	r4, r5, r4
 155              	.LVL17:
 156 0032 0023     		movs	r3, #0
 157 0034 2370     		strb	r3, [r4]
 111:DebugMessages.c **** }
 158              		.loc 1 111 0
 159              		@ sp needed
 160              	.LVL18:
 161 0036 70BD     		pop	{r4, r5, r6, pc}
 162              		.cfi_endproc
 163              	.LFE40:
 164              		.size	StoreUARTBufferToArray, .-StoreUARTBufferToArray
 165              		.section	.text.ReadNumberFromUART,"ax",%progbits
 166              		.align	2
 167              		.global	ReadNumberFromUART
 168              		.code	16
 169              		.thumb_func
 170              		.type	ReadNumberFromUART, %function
 171              	ReadNumberFromUART:
ARM GAS  C:\Users\mewin\AppData\Local\Temp\ccu9q5Cc.s 			page 6


 172              	.LFB39:
  86:DebugMessages.c ****     char buffer[100];
 173              		.loc 1 86 0
 174              		.cfi_startproc
 175              		@ args = 0, pretend = 0, frame = 104
 176              		@ frame_needed = 0, uses_anonymous_args = 0
 177 0000 00B5     		push	{lr}
 178              		.cfi_def_cfa_offset 4
 179              		.cfi_offset 14, -4
 180 0002 9BB0     		sub	sp, sp, #108
 181              		.cfi_def_cfa_offset 112
 182              	.LVL19:
  89:DebugMessages.c ****     return atoi(buffer);
 183              		.loc 1 89 0
 184 0004 6421     		movs	r1, #100
 185 0006 01A8     		add	r0, sp, #4
 186 0008 FFF7FEFF 		bl	StoreUARTBufferToArray
 187              	.LVL20:
  90:DebugMessages.c **** }
 188              		.loc 1 90 0
 189 000c 01A8     		add	r0, sp, #4
 190 000e FFF7FEFF 		bl	atoi
 191              	.LVL21:
  91:DebugMessages.c **** 
 192              		.loc 1 91 0
 193 0012 1BB0     		add	sp, sp, #108
 194              		@ sp needed
 195 0014 00BD     		pop	{pc}
 196              		.cfi_endproc
 197              	.LFE39:
 198              		.size	ReadNumberFromUART, .-ReadNumberFromUART
 199 0016 C046     		.section	.text.SetTargetSerial,"ax",%progbits
 200              		.align	2
 201              		.global	SetTargetSerial
 202              		.code	16
 203              		.thumb_func
 204              		.type	SetTargetSerial, %function
 205              	SetTargetSerial:
 206              	.LFB37:
  64:DebugMessages.c ****     UART_UartPutString("\r\n-------------------------SERIAL VALUE-------------------------");
 207              		.loc 1 64 0
 208              		.cfi_startproc
 209              		@ args = 0, pretend = 0, frame = 0
 210              		@ frame_needed = 0, uses_anonymous_args = 0
 211 0000 70B5     		push	{r4, r5, r6, lr}
 212              		.cfi_def_cfa_offset 16
 213              		.cfi_offset 4, -16
 214              		.cfi_offset 5, -12
 215              		.cfi_offset 6, -8
 216              		.cfi_offset 14, -4
  65:DebugMessages.c ****     UART_UartPutString("\r\nSerial are values between 1-63. 0 is broadcast and is disabled for saft
 217              		.loc 1 65 0
 218 0002 0C48     		ldr	r0, .L13
 219 0004 FFF7FEFF 		bl	UART_UartPutString
 220              	.LVL22:
  66:DebugMessages.c ****     uint8_t serial = 0;   
 221              		.loc 1 66 0
ARM GAS  C:\Users\mewin\AppData\Local\Temp\ccu9q5Cc.s 			page 7


 222 0008 0B48     		ldr	r0, .L13+4
 223 000a FFF7FEFF 		bl	UART_UartPutString
 224              	.LVL23:
 225              	.L12:
  69:DebugMessages.c ****     } while (serial <= 0 || serial > 63);
 226              		.loc 1 69 0 discriminator 1
 227 000e FFF7FEFF 		bl	ReadNumberFromUART
 228              	.LVL24:
 229 0012 C4B2     		uxtb	r4, r0
 230              	.LVL25:
  70:DebugMessages.c ****     sprintf(txData, "Serial Value: %d\r\n", serial);
 231              		.loc 1 70 0 discriminator 1
 232 0014 631E     		subs	r3, r4, #1
 233 0016 DBB2     		uxtb	r3, r3
 234 0018 3E2B     		cmp	r3, #62
 235 001a F8D8     		bhi	.L12
  71:DebugMessages.c ****     UART_UartPutString(txData);
 236              		.loc 1 71 0
 237 001c FF22     		movs	r2, #255
 238 001e 0240     		ands	r2, r0
 239 0020 064D     		ldr	r5, .L13+8
 240 0022 0749     		ldr	r1, .L13+12
 241 0024 2800     		movs	r0, r5
 242 0026 FFF7FEFF 		bl	sprintf
 243              	.LVL26:
  72:DebugMessages.c ****     return serial;
 244              		.loc 1 72 0
 245 002a 2800     		movs	r0, r5
 246 002c FFF7FEFF 		bl	UART_UartPutString
 247              	.LVL27:
  74:DebugMessages.c **** 
 248              		.loc 1 74 0
 249 0030 2000     		movs	r0, r4
 250              		@ sp needed
 251              	.LVL28:
 252 0032 70BD     		pop	{r4, r5, r6, pc}
 253              	.L14:
 254              		.align	2
 255              	.L13:
 256 0034 30010000 		.word	.LC12
 257 0038 74010000 		.word	.LC14
 258 003c 00000000 		.word	txData
 259 0040 CC010000 		.word	.LC16
 260              		.cfi_endproc
 261              	.LFE37:
 262              		.size	SetTargetSerial, .-SetTargetSerial
 263              		.section	.text.SetMotorPWM,"ax",%progbits
 264              		.align	2
 265              		.global	SetMotorPWM
 266              		.code	16
 267              		.thumb_func
 268              		.type	SetMotorPWM, %function
 269              	SetMotorPWM:
 270              	.LFB38:
  76:DebugMessages.c ****     UART_SpiUartClearRxBuffer();
 271              		.loc 1 76 0
 272              		.cfi_startproc
ARM GAS  C:\Users\mewin\AppData\Local\Temp\ccu9q5Cc.s 			page 8


 273              		@ args = 0, pretend = 0, frame = 0
 274              		@ frame_needed = 0, uses_anonymous_args = 0
 275 0000 70B5     		push	{r4, r5, r6, lr}
 276              		.cfi_def_cfa_offset 16
 277              		.cfi_offset 4, -16
 278              		.cfi_offset 5, -12
 279              		.cfi_offset 6, -8
 280              		.cfi_offset 14, -4
  77:DebugMessages.c ****     UART_UartPutString("\r\n-------------------------PWM VALUE-------------------------");
 281              		.loc 1 77 0
 282 0002 FFF7FEFF 		bl	UART_SpiUartClearRxBuffer
 283              	.LVL29:
  78:DebugMessages.c ****     UART_UartPutString("\r\nSet a PWM value between  −32,768 and 32,767\r\nValue: ");
 284              		.loc 1 78 0
 285 0006 0A48     		ldr	r0, .L16
 286 0008 FFF7FEFF 		bl	UART_UartPutString
 287              	.LVL30:
  79:DebugMessages.c ****     int32_t result = ReadNumberFromUART();
 288              		.loc 1 79 0
 289 000c 0948     		ldr	r0, .L16+4
 290 000e FFF7FEFF 		bl	UART_UartPutString
 291              	.LVL31:
  80:DebugMessages.c ****     sprintf(txData, "PWM Value: %d\r\n", result);
 292              		.loc 1 80 0
 293 0012 FFF7FEFF 		bl	ReadNumberFromUART
 294              	.LVL32:
 295 0016 0400     		movs	r4, r0
 296              	.LVL33:
  81:DebugMessages.c ****     UART_UartPutString(txData);
 297              		.loc 1 81 0
 298 0018 074D     		ldr	r5, .L16+8
 299 001a 0200     		movs	r2, r0
 300 001c 0749     		ldr	r1, .L16+12
 301 001e 2800     		movs	r0, r5
 302              	.LVL34:
 303 0020 FFF7FEFF 		bl	sprintf
 304              	.LVL35:
  82:DebugMessages.c ****     return(result);
 305              		.loc 1 82 0
 306 0024 2800     		movs	r0, r5
 307 0026 FFF7FEFF 		bl	UART_UartPutString
 308              	.LVL36:
  84:DebugMessages.c **** 
 309              		.loc 1 84 0
 310 002a 2000     		movs	r0, r4
 311              		@ sp needed
 312              	.LVL37:
 313 002c 70BD     		pop	{r4, r5, r6, pc}
 314              	.L17:
 315 002e C046     		.align	2
 316              	.L16:
 317 0030 E0010000 		.word	.LC19
 318 0034 20020000 		.word	.LC21
 319 0038 00000000 		.word	txData
 320 003c 5C020000 		.word	.LC23
 321              		.cfi_endproc
 322              	.LFE38:
ARM GAS  C:\Users\mewin\AppData\Local\Temp\ccu9q5Cc.s 			page 9


 323              		.size	SetMotorPWM, .-SetMotorPWM
 324              		.section	.text.NeedToImplementMessage,"ax",%progbits
 325              		.align	2
 326              		.global	NeedToImplementMessage
 327              		.code	16
 328              		.thumb_func
 329              		.type	NeedToImplementMessage, %function
 330              	NeedToImplementMessage:
 331              	.LFB41:
 112:DebugMessages.c **** 
 113:DebugMessages.c **** uint8_t NeedToImplementMessage(void){
 332              		.loc 1 113 0
 333              		.cfi_startproc
 334              		@ args = 0, pretend = 0, frame = 0
 335              		@ frame_needed = 0, uses_anonymous_args = 0
 336 0000 10B5     		push	{r4, lr}
 337              		.cfi_def_cfa_offset 8
 338              		.cfi_offset 4, -8
 339              		.cfi_offset 14, -4
 114:DebugMessages.c ****     UART_UartPutString("\r\n---NOT IMPLEMENTED YET---\r\n");
 340              		.loc 1 114 0
 341 0002 0248     		ldr	r0, .L19
 342 0004 FFF7FEFF 		bl	UART_UartPutString
 343              	.LVL38:
 115:DebugMessages.c ****     return 0xFF;
 116:DebugMessages.c ****     
 117:DebugMessages.c **** }
 344              		.loc 1 117 0
 345 0008 FF20     		movs	r0, #255
 346              		@ sp needed
 347 000a 10BD     		pop	{r4, pc}
 348              	.L20:
 349              		.align	2
 350              	.L19:
 351 000c 6C020000 		.word	.LC26
 352              		.cfi_endproc
 353              	.LFE41:
 354              		.size	NeedToImplementMessage, .-NeedToImplementMessage
 355              		.section	.text.SelectModeMessage,"ax",%progbits
 356              		.align	2
 357              		.global	SelectModeMessage
 358              		.code	16
 359              		.thumb_func
 360              		.type	SelectModeMessage, %function
 361              	SelectModeMessage:
 362              	.LFB36:
  33:DebugMessages.c ****     UART_UartPutString("\r\n-------------------------MODE SEL-------------------------");
 363              		.loc 1 33 0
 364              		.cfi_startproc
 365              		@ args = 0, pretend = 0, frame = 0
 366              		@ frame_needed = 0, uses_anonymous_args = 0
 367 0000 10B5     		push	{r4, lr}
 368              		.cfi_def_cfa_offset 8
 369              		.cfi_offset 4, -8
 370              		.cfi_offset 14, -4
  34:DebugMessages.c ****     UART_UartPutString("\r\nSelect a mode(type a number): \r\n 0: PWM \r\n 1: PID \r\nMode: ");
 371              		.loc 1 34 0
ARM GAS  C:\Users\mewin\AppData\Local\Temp\ccu9q5Cc.s 			page 10


 372 0002 1C48     		ldr	r0, .L31
 373 0004 FFF7FEFF 		bl	UART_UartPutString
 374              	.LVL39:
  35:DebugMessages.c ****     uint8_t response = UART_UartGetChar();
 375              		.loc 1 35 0
 376 0008 1B48     		ldr	r0, .L31+4
 377 000a FFF7FEFF 		bl	UART_UartPutString
 378              	.LVL40:
  36:DebugMessages.c ****     while (response < 48 + 0 || response > 48 + 1) {
 379              		.loc 1 36 0
 380 000e FFF7FEFF 		bl	UART_UartGetChar
 381              	.LVL41:
 382 0012 C0B2     		uxtb	r0, r0
 383              	.LVL42:
  37:DebugMessages.c ****         response = UART_UartGetChar();
 384              		.loc 1 37 0
 385 0014 02E0     		b	.L22
 386              	.L23:
  38:DebugMessages.c ****     }
 387              		.loc 1 38 0
 388 0016 FFF7FEFF 		bl	UART_UartGetChar
 389              	.LVL43:
 390 001a C0B2     		uxtb	r0, r0
 391              	.LVL44:
 392              	.L22:
  37:DebugMessages.c ****         response = UART_UartGetChar();
 393              		.loc 1 37 0
 394 001c 0300     		movs	r3, r0
 395 001e 303B     		subs	r3, r3, #48
 396 0020 DBB2     		uxtb	r3, r3
 397 0022 012B     		cmp	r3, #1
 398 0024 F7D8     		bhi	.L23
  40:DebugMessages.c ****         case(48):
 399              		.loc 1 40 0
 400 0026 3128     		cmp	r0, #49
 401 0028 0DD0     		beq	.L25
 402 002a 02D8     		bhi	.L26
 403 002c 3028     		cmp	r0, #48
 404 002e 05D0     		beq	.L27
 405 0030 1BE0     		b	.L24
 406              	.L26:
 407 0032 3228     		cmp	r0, #50
 408 0034 0DD0     		beq	.L28
 409 0036 3328     		cmp	r0, #51
 410 0038 11D0     		beq	.L29
 411 003a 16E0     		b	.L24
 412              	.L27:
  42:DebugMessages.c ****             return 0;
 413              		.loc 1 42 0
 414 003c 0F48     		ldr	r0, .L31+8
 415              	.LVL45:
 416 003e FFF7FEFF 		bl	UART_UartPutString
 417              	.LVL46:
  43:DebugMessages.c ****             break;
 418              		.loc 1 43 0
 419 0042 0020     		movs	r0, #0
 420 0044 15E0     		b	.L30
ARM GAS  C:\Users\mewin\AppData\Local\Temp\ccu9q5Cc.s 			page 11


 421              	.LVL47:
 422              	.L25:
  46:DebugMessages.c ****             return(NeedToImplementMessage());
 423              		.loc 1 46 0
 424 0046 0E48     		ldr	r0, .L31+12
 425              	.LVL48:
 426 0048 FFF7FEFF 		bl	UART_UartPutString
 427              	.LVL49:
  47:DebugMessages.c ****             break;
 428              		.loc 1 47 0
 429 004c FFF7FEFF 		bl	NeedToImplementMessage
 430              	.LVL50:
 431 0050 0FE0     		b	.L30
 432              	.LVL51:
 433              	.L28:
  50:DebugMessages.c ****             return(NeedToImplementMessage());
 434              		.loc 1 50 0
 435 0052 0C48     		ldr	r0, .L31+16
 436              	.LVL52:
 437 0054 FFF7FEFF 		bl	UART_UartPutString
 438              	.LVL53:
  51:DebugMessages.c ****             break;
 439              		.loc 1 51 0
 440 0058 FFF7FEFF 		bl	NeedToImplementMessage
 441              	.LVL54:
 442 005c 09E0     		b	.L30
 443              	.LVL55:
 444              	.L29:
  54:DebugMessages.c ****             return(NeedToImplementMessage());
 445              		.loc 1 54 0
 446 005e 0A48     		ldr	r0, .L31+20
 447              	.LVL56:
 448 0060 FFF7FEFF 		bl	UART_UartPutString
 449              	.LVL57:
  55:DebugMessages.c ****             break;
 450              		.loc 1 55 0
 451 0064 FFF7FEFF 		bl	NeedToImplementMessage
 452              	.LVL58:
 453 0068 03E0     		b	.L30
 454              	.LVL59:
 455              	.L24:
  58:DebugMessages.c ****             return(0xFF);
 456              		.loc 1 58 0
 457 006a 0848     		ldr	r0, .L31+24
 458              	.LVL60:
 459 006c FFF7FEFF 		bl	UART_UartPutString
 460              	.LVL61:
  59:DebugMessages.c ****             break;
 461              		.loc 1 59 0
 462 0070 FF20     		movs	r0, #255
 463              	.L30:
  62:DebugMessages.c **** 
 464              		.loc 1 62 0
 465              		@ sp needed
 466 0072 10BD     		pop	{r4, pc}
 467              	.L32:
 468              		.align	2
ARM GAS  C:\Users\mewin\AppData\Local\Temp\ccu9q5Cc.s 			page 12


 469              	.L31:
 470 0074 8C020000 		.word	.LC28
 471 0078 CC020000 		.word	.LC30
 472 007c 0C030000 		.word	.LC32
 473 0080 24030000 		.word	.LC34
 474 0084 3C030000 		.word	.LC36
 475 0088 58030000 		.word	.LC38
 476 008c 74030000 		.word	.LC40
 477              		.cfi_endproc
 478              	.LFE36:
 479              		.size	SelectModeMessage, .-SelectModeMessage
 480              		.section	.rodata.str1.4,"aMS",%progbits,1
 481              		.align	2
 482              	.LC0:
 483 0000 0D0A2D2D 		.ascii	"\015\012-------------------------Reset-------------"
 483      2D2D2D2D 
 483      2D2D2D2D 
 483      2D2D2D2D 
 483      2D2D2D2D 
 484 002d 2D2D2D2D 		.ascii	"------------\000"
 484      2D2D2D2D 
 484      2D2D2D2D 
 484      00
 485 003a 0000     		.space	2
 486              	.LC3:
 487 003c 0D0A0D0A 		.ascii	"\015\012\015\012Addr: %x \015\012\000"
 487      41646472 
 487      3A202578 
 487      200D0A00 
 488              	.LC6:
 489 004c 0D0A5765 		.ascii	"\015\012Welcome to Motor CAN Tester press enter to "
 489      6C636F6D 
 489      6520746F 
 489      204D6F74 
 489      6F722043 
 490 0079 636F6E74 		.ascii	"continue \015\012\000"
 490      696E7565 
 490      200D0A00 
 491 0085 000000   		.space	3
 492              	.LC8:
 493 0088 0D0A2D2D 		.ascii	"\015\012-------------------------WARNING-----------"
 493      2D2D2D2D 
 493      2D2D2D2D 
 493      2D2D2D2D 
 493      2D2D2D2D 
 494 00b5 2D2D2D2D 		.ascii	"--------------\000"
 494      2D2D2D2D 
 494      2D2D2D2D 
 494      2D2D00
 495              	.LC10:
 496 00c4 0D0A4D61 		.ascii	"\015\012Make Sure the motors CAN MOVE FREELY. \015\012"
 496      6B652053 
 496      75726520 
 496      74686520 
 496      6D6F746F 
 497 00ee 42652070 		.ascii	"Be prepared to disconnect power from the system at "
 497      72657061 
ARM GAS  C:\Users\mewin\AppData\Local\Temp\ccu9q5Cc.s 			page 13


 497      72656420 
 497      746F2064 
 497      6973636F 
 498 0121 616E7920 		.ascii	"any point\015\012\000"
 498      706F696E 
 498      740D0A00 
 499 012d 000000   		.space	3
 500              	.LC12:
 501 0130 0D0A2D2D 		.ascii	"\015\012-------------------------SERIAL VALUE------"
 501      2D2D2D2D 
 501      2D2D2D2D 
 501      2D2D2D2D 
 501      2D2D2D2D 
 502 015d 2D2D2D2D 		.ascii	"-------------------\000"
 502      2D2D2D2D 
 502      2D2D2D2D 
 502      2D2D2D2D 
 502      2D2D2D00 
 503 0171 000000   		.space	3
 504              	.LC14:
 505 0174 0D0A5365 		.ascii	"\015\012Serial are values between 1-63. 0 is broadc"
 505      7269616C 
 505      20617265 
 505      2076616C 
 505      75657320 
 506 01a1 61737420 		.ascii	"ast and is disabled for saftey \015\012Value: \000"
 506      616E6420 
 506      69732064 
 506      69736162 
 506      6C656420 
 507 01ca 0000     		.space	2
 508              	.LC16:
 509 01cc 53657269 		.ascii	"Serial Value: %d\015\012\000"
 509      616C2056 
 509      616C7565 
 509      3A202564 
 509      0D0A00
 510 01df 00       		.space	1
 511              	.LC19:
 512 01e0 0D0A2D2D 		.ascii	"\015\012-------------------------PWM VALUE---------"
 512      2D2D2D2D 
 512      2D2D2D2D 
 512      2D2D2D2D 
 512      2D2D2D2D 
 513 020d 2D2D2D2D 		.ascii	"----------------\000"
 513      2D2D2D2D 
 513      2D2D2D2D 
 513      2D2D2D2D 
 513      00
 514 021e 0000     		.space	2
 515              	.LC21:
 516 0220 0D0A5365 		.ascii	"\015\012Set a PWM value between  \342\210\22232,768"
 516      74206120 
 516      50574D20 
 516      76616C75 
 516      65206265 
 517 0244 20616E64 		.ascii	" and 32,767\015\012Value: \000"
ARM GAS  C:\Users\mewin\AppData\Local\Temp\ccu9q5Cc.s 			page 14


 517      2033322C 
 517      3736370D 
 517      0A56616C 
 517      75653A20 
 518 0259 000000   		.space	3
 519              	.LC23:
 520 025c 50574D20 		.ascii	"PWM Value: %d\015\012\000"
 520      56616C75 
 520      653A2025 
 520      640D0A00 
 521              	.LC26:
 522 026c 0D0A2D2D 		.ascii	"\015\012---NOT IMPLEMENTED YET---\015\012\000"
 522      2D4E4F54 
 522      20494D50 
 522      4C454D45 
 522      4E544544 
 523 028a 0000     		.space	2
 524              	.LC28:
 525 028c 0D0A2D2D 		.ascii	"\015\012-------------------------MODE SEL----------"
 525      2D2D2D2D 
 525      2D2D2D2D 
 525      2D2D2D2D 
 525      2D2D2D2D 
 526 02b9 2D2D2D2D 		.ascii	"---------------\000"
 526      2D2D2D2D 
 526      2D2D2D2D 
 526      2D2D2D00 
 527 02c9 000000   		.space	3
 528              	.LC30:
 529 02cc 0D0A5365 		.ascii	"\015\012Select a mode(type a number): \015\012 0: P"
 529      6C656374 
 529      2061206D 
 529      6F646528 
 529      74797065 
 530 02f3 574D200D 		.ascii	"WM \015\012 1: PID \015\012Mode: \000"
 530      0A20313A 
 530      20504944 
 530      200D0A4D 
 530      6F64653A 
 531 0309 000000   		.space	3
 532              	.LC32:
 533 030c 0D0A5057 		.ascii	"\015\012PWM Mode Selected\015\012\000"
 533      4D204D6F 
 533      64652053 
 533      656C6563 
 533      7465640D 
 534 0322 0000     		.space	2
 535              	.LC34:
 536 0324 0D0A5049 		.ascii	"\015\012PID Mode Selected\015\012\000"
 536      44204D6F 
 536      64652053 
 536      656C6563 
 536      7465640D 
 537 033a 0000     		.space	2
 538              	.LC36:
 539 033c 0D0A4341 		.ascii	"\015\012CAN SEND Mode Selected\015\012\000"
 539      4E205345 
ARM GAS  C:\Users\mewin\AppData\Local\Temp\ccu9q5Cc.s 			page 15


 539      4E44204D 
 539      6F646520 
 539      53656C65 
 540 0357 00       		.space	1
 541              	.LC38:
 542 0358 0D0A4341 		.ascii	"\015\012CAN READ Mode Selected\015\012\000"
 542      4E205245 
 542      4144204D 
 542      6F646520 
 542      53656C65 
 543 0373 00       		.space	1
 544              	.LC40:
 545 0374 0D0A4552 		.ascii	"\015\012ERROR SENDING BACK TO MODE SELECT\015\012\000"
 545      524F5220 
 545      53454E44 
 545      494E4720 
 545      4241434B 
 546              		.text
 547              	.Letext0:
 548              		.file 2 "c:\\program files (x86)\\cypress\\psoc creator\\4.4\\psoc creator\\import\\gnu\\arm\\5.4.
 549              		.file 3 "c:\\program files (x86)\\cypress\\psoc creator\\4.4\\psoc creator\\import\\gnu\\arm\\5.4.
 550              		.file 4 "Generated_Source\\PSoC4/cytypes.h"
 551              		.file 5 "Generated_Source\\PSoC4/UART_SPI_UART.h"
 552              		.file 6 "c:\\program files (x86)\\cypress\\psoc creator\\4.4\\psoc creator\\import\\gnu\\arm\\5.4.
 553              		.file 7 "c:\\program files (x86)\\cypress\\psoc creator\\4.4\\psoc creator\\import\\gnu\\arm\\5.4.
 554              		.section	.debug_info,"",%progbits
 555              	.Ldebug_info0:
 556 0000 FD040000 		.4byte	0x4fd
 557 0004 0400     		.2byte	0x4
 558 0006 00000000 		.4byte	.Ldebug_abbrev0
 559 000a 04       		.byte	0x4
 560 000b 01       		.uleb128 0x1
 561 000c 9C010000 		.4byte	.LASF39
 562 0010 0C       		.byte	0xc
 563 0011 17010000 		.4byte	.LASF40
 564 0015 A3000000 		.4byte	.LASF41
 565 0019 00000000 		.4byte	.Ldebug_ranges0+0
 566 001d 00000000 		.4byte	0
 567 0021 00000000 		.4byte	.Ldebug_line0
 568 0025 02       		.uleb128 0x2
 569 0026 01       		.byte	0x1
 570 0027 06       		.byte	0x6
 571 0028 BF020000 		.4byte	.LASF0
 572 002c 03       		.uleb128 0x3
 573 002d 00000000 		.4byte	.LASF4
 574 0031 02       		.byte	0x2
 575 0032 1D       		.byte	0x1d
 576 0033 37000000 		.4byte	0x37
 577 0037 02       		.uleb128 0x2
 578 0038 01       		.byte	0x1
 579 0039 08       		.byte	0x8
 580 003a 45010000 		.4byte	.LASF1
 581 003e 02       		.uleb128 0x2
 582 003f 02       		.byte	0x2
 583 0040 05       		.byte	0x5
 584 0041 7F020000 		.4byte	.LASF2
 585 0045 02       		.uleb128 0x2
ARM GAS  C:\Users\mewin\AppData\Local\Temp\ccu9q5Cc.s 			page 16


 586 0046 02       		.byte	0x2
 587 0047 07       		.byte	0x7
 588 0048 7E000000 		.4byte	.LASF3
 589 004c 03       		.uleb128 0x3
 590 004d 0A000000 		.4byte	.LASF5
 591 0051 02       		.byte	0x2
 592 0052 3F       		.byte	0x3f
 593 0053 57000000 		.4byte	0x57
 594 0057 02       		.uleb128 0x2
 595 0058 04       		.byte	0x4
 596 0059 05       		.byte	0x5
 597 005a 90020000 		.4byte	.LASF6
 598 005e 02       		.uleb128 0x2
 599 005f 04       		.byte	0x4
 600 0060 07       		.byte	0x7
 601 0061 5A000000 		.4byte	.LASF7
 602 0065 02       		.uleb128 0x2
 603 0066 08       		.byte	0x8
 604 0067 05       		.byte	0x5
 605 0068 4F020000 		.4byte	.LASF8
 606 006c 02       		.uleb128 0x2
 607 006d 08       		.byte	0x8
 608 006e 07       		.byte	0x7
 609 006f 68010000 		.4byte	.LASF9
 610 0073 04       		.uleb128 0x4
 611 0074 04       		.byte	0x4
 612 0075 05       		.byte	0x5
 613 0076 696E7400 		.ascii	"int\000"
 614 007a 02       		.uleb128 0x2
 615 007b 04       		.byte	0x4
 616 007c 07       		.byte	0x7
 617 007d 53010000 		.4byte	.LASF10
 618 0081 02       		.uleb128 0x2
 619 0082 08       		.byte	0x8
 620 0083 04       		.byte	0x4
 621 0084 2A020000 		.4byte	.LASF11
 622 0088 02       		.uleb128 0x2
 623 0089 04       		.byte	0x4
 624 008a 07       		.byte	0x7
 625 008b 36020000 		.4byte	.LASF12
 626 008f 05       		.uleb128 0x5
 627 0090 04       		.byte	0x4
 628 0091 95000000 		.4byte	0x95
 629 0095 02       		.uleb128 0x2
 630 0096 01       		.byte	0x1
 631 0097 08       		.byte	0x8
 632 0098 74020000 		.4byte	.LASF13
 633 009c 03       		.uleb128 0x3
 634 009d 7F010000 		.4byte	.LASF14
 635 00a1 03       		.byte	0x3
 636 00a2 18       		.byte	0x18
 637 00a3 2C000000 		.4byte	0x2c
 638 00a7 03       		.uleb128 0x3
 639 00a8 1B000000 		.4byte	.LASF15
 640 00ac 03       		.byte	0x3
 641 00ad 2C       		.byte	0x2c
 642 00ae 4C000000 		.4byte	0x4c
ARM GAS  C:\Users\mewin\AppData\Local\Temp\ccu9q5Cc.s 			page 17


 643 00b2 02       		.uleb128 0x2
 644 00b3 04       		.byte	0x4
 645 00b4 04       		.byte	0x4
 646 00b5 36000000 		.4byte	.LASF16
 647 00b9 02       		.uleb128 0x2
 648 00ba 08       		.byte	0x8
 649 00bb 04       		.byte	0x4
 650 00bc 27010000 		.4byte	.LASF17
 651 00c0 06       		.uleb128 0x6
 652 00c1 54000000 		.4byte	.LASF18
 653 00c5 04       		.byte	0x4
 654 00c6 0D02     		.2byte	0x20d
 655 00c8 95000000 		.4byte	0x95
 656 00cc 07       		.uleb128 0x7
 657 00cd 6C000000 		.4byte	.LASF19
 658 00d1 01       		.byte	0x1
 659 00d2 14       		.byte	0x14
 660 00d3 00000000 		.4byte	.LFB35
 661 00d7 5C000000 		.4byte	.LFE35-.LFB35
 662 00db 01       		.uleb128 0x1
 663 00dc 9C       		.byte	0x9c
 664 00dd 7D010000 		.4byte	0x17d
 665 00e1 08       		.uleb128 0x8
 666 00e2 08000000 		.4byte	.LVL0
 667 00e6 C6040000 		.4byte	0x4c6
 668 00ea F8000000 		.4byte	0xf8
 669 00ee 09       		.uleb128 0x9
 670 00ef 01       		.uleb128 0x1
 671 00f0 50       		.byte	0x50
 672 00f1 05       		.uleb128 0x5
 673 00f2 03       		.byte	0x3
 674 00f3 00000000 		.4byte	.LC0
 675 00f7 00       		.byte	0
 676 00f8 08       		.uleb128 0x8
 677 00f9 18000000 		.4byte	.LVL1
 678 00fd D2040000 		.4byte	0x4d2
 679 0101 15010000 		.4byte	0x115
 680 0105 09       		.uleb128 0x9
 681 0106 01       		.uleb128 0x1
 682 0107 50       		.byte	0x50
 683 0108 02       		.uleb128 0x2
 684 0109 74       		.byte	0x74
 685 010a 00       		.sleb128 0
 686 010b 09       		.uleb128 0x9
 687 010c 01       		.uleb128 0x1
 688 010d 51       		.byte	0x51
 689 010e 05       		.uleb128 0x5
 690 010f 03       		.byte	0x3
 691 0110 3C000000 		.4byte	.LC3
 692 0114 00       		.byte	0
 693 0115 08       		.uleb128 0x8
 694 0116 1E000000 		.4byte	.LVL2
 695 011a C6040000 		.4byte	0x4c6
 696 011e 29010000 		.4byte	0x129
 697 0122 09       		.uleb128 0x9
 698 0123 01       		.uleb128 0x1
 699 0124 50       		.byte	0x50
ARM GAS  C:\Users\mewin\AppData\Local\Temp\ccu9q5Cc.s 			page 18


 700 0125 02       		.uleb128 0x2
 701 0126 74       		.byte	0x74
 702 0127 00       		.sleb128 0
 703 0128 00       		.byte	0
 704 0129 08       		.uleb128 0x8
 705 012a 24000000 		.4byte	.LVL3
 706 012e C6040000 		.4byte	0x4c6
 707 0132 40010000 		.4byte	0x140
 708 0136 09       		.uleb128 0x9
 709 0137 01       		.uleb128 0x1
 710 0138 50       		.byte	0x50
 711 0139 05       		.uleb128 0x5
 712 013a 03       		.byte	0x3
 713 013b 4C000000 		.4byte	.LC6
 714 013f 00       		.byte	0
 715 0140 0A       		.uleb128 0xa
 716 0141 28000000 		.4byte	.LVL4
 717 0145 DD040000 		.4byte	0x4dd
 718 0149 0A       		.uleb128 0xa
 719 014a 30000000 		.4byte	.LVL5
 720 014e E9040000 		.4byte	0x4e9
 721 0152 08       		.uleb128 0x8
 722 0153 36000000 		.4byte	.LVL6
 723 0157 C6040000 		.4byte	0x4c6
 724 015b 69010000 		.4byte	0x169
 725 015f 09       		.uleb128 0x9
 726 0160 01       		.uleb128 0x1
 727 0161 50       		.byte	0x50
 728 0162 05       		.uleb128 0x5
 729 0163 03       		.byte	0x3
 730 0164 88000000 		.4byte	.LC8
 731 0168 00       		.byte	0
 732 0169 0B       		.uleb128 0xb
 733 016a 3C000000 		.4byte	.LVL7
 734 016e C6040000 		.4byte	0x4c6
 735 0172 09       		.uleb128 0x9
 736 0173 01       		.uleb128 0x1
 737 0174 50       		.byte	0x50
 738 0175 05       		.uleb128 0x5
 739 0176 03       		.byte	0x3
 740 0177 C4000000 		.4byte	.LC10
 741 017b 00       		.byte	0
 742 017c 00       		.byte	0
 743 017d 07       		.uleb128 0x7
 744 017e 2E010000 		.4byte	.LASF20
 745 0182 01       		.byte	0x1
 746 0183 5D       		.byte	0x5d
 747 0184 00000000 		.4byte	.LFB40
 748 0188 38000000 		.4byte	.LFE40-.LFB40
 749 018c 01       		.uleb128 0x1
 750 018d 9C       		.byte	0x9c
 751 018e E1010000 		.4byte	0x1e1
 752 0192 0C       		.uleb128 0xc
 753 0193 89020000 		.4byte	.LASF21
 754 0197 01       		.byte	0x1
 755 0198 5D       		.byte	0x5d
 756 0199 8F000000 		.4byte	0x8f
ARM GAS  C:\Users\mewin\AppData\Local\Temp\ccu9q5Cc.s 			page 19


 757 019d 00000000 		.4byte	.LLST0
 758 01a1 0C       		.uleb128 0xc
 759 01a2 CB020000 		.4byte	.LASF22
 760 01a6 01       		.byte	0x1
 761 01a7 5D       		.byte	0x5d
 762 01a8 9C000000 		.4byte	0x9c
 763 01ac 2C000000 		.4byte	.LLST1
 764 01b0 0D       		.uleb128 0xd
 765 01b1 79020000 		.4byte	.LASF23
 766 01b5 01       		.byte	0x1
 767 01b6 5E       		.byte	0x5e
 768 01b7 9C000000 		.4byte	0x9c
 769 01bb 4D000000 		.4byte	.LLST2
 770 01bf 0D       		.uleb128 0xd
 771 01c0 93010000 		.4byte	.LASF24
 772 01c4 01       		.byte	0x1
 773 01c5 5F       		.byte	0x5f
 774 01c6 9C000000 		.4byte	0x9c
 775 01ca 77000000 		.4byte	.LLST3
 776 01ce 0A       		.uleb128 0xa
 777 01cf 0A000000 		.4byte	.LVL10
 778 01d3 DD040000 		.4byte	0x4dd
 779 01d7 0A       		.uleb128 0xa
 780 01d8 1A000000 		.4byte	.LVL13
 781 01dc DD040000 		.4byte	0x4dd
 782 01e0 00       		.byte	0
 783 01e1 0E       		.uleb128 0xe
 784 01e2 04010000 		.4byte	.LASF25
 785 01e6 01       		.byte	0x1
 786 01e7 56       		.byte	0x56
 787 01e8 A7000000 		.4byte	0xa7
 788 01ec 00000000 		.4byte	.LFB39
 789 01f0 16000000 		.4byte	.LFE39-.LFB39
 790 01f4 01       		.uleb128 0x1
 791 01f5 9C       		.byte	0x9c
 792 01f6 42020000 		.4byte	0x242
 793 01fa 0F       		.uleb128 0xf
 794 01fb 89020000 		.4byte	.LASF21
 795 01ff 01       		.byte	0x1
 796 0200 57       		.byte	0x57
 797 0201 42020000 		.4byte	0x242
 798 0205 03       		.uleb128 0x3
 799 0206 91       		.byte	0x91
 800 0207 947F     		.sleb128 -108
 801 0209 10       		.uleb128 0x10
 802 020a CB020000 		.4byte	.LASF22
 803 020e 01       		.byte	0x1
 804 020f 58       		.byte	0x58
 805 0210 9C000000 		.4byte	0x9c
 806 0214 64       		.byte	0x64
 807 0215 08       		.uleb128 0x8
 808 0216 0C000000 		.4byte	.LVL20
 809 021a 7D010000 		.4byte	0x17d
 810 021e 30020000 		.4byte	0x230
 811 0222 09       		.uleb128 0x9
 812 0223 01       		.uleb128 0x1
 813 0224 50       		.byte	0x50
ARM GAS  C:\Users\mewin\AppData\Local\Temp\ccu9q5Cc.s 			page 20


 814 0225 03       		.uleb128 0x3
 815 0226 91       		.byte	0x91
 816 0227 947F     		.sleb128 -108
 817 0229 09       		.uleb128 0x9
 818 022a 01       		.uleb128 0x1
 819 022b 51       		.byte	0x51
 820 022c 02       		.uleb128 0x2
 821 022d 08       		.byte	0x8
 822 022e 64       		.byte	0x64
 823 022f 00       		.byte	0
 824 0230 0B       		.uleb128 0xb
 825 0231 12000000 		.4byte	.LVL21
 826 0235 F5040000 		.4byte	0x4f5
 827 0239 09       		.uleb128 0x9
 828 023a 01       		.uleb128 0x1
 829 023b 50       		.byte	0x50
 830 023c 03       		.uleb128 0x3
 831 023d 91       		.byte	0x91
 832 023e 947F     		.sleb128 -108
 833 0240 00       		.byte	0
 834 0241 00       		.byte	0
 835 0242 11       		.uleb128 0x11
 836 0243 95000000 		.4byte	0x95
 837 0247 52020000 		.4byte	0x252
 838 024b 12       		.uleb128 0x12
 839 024c 88000000 		.4byte	0x88
 840 0250 63       		.byte	0x63
 841 0251 00       		.byte	0
 842 0252 0E       		.uleb128 0xe
 843 0253 3F020000 		.4byte	.LASF26
 844 0257 01       		.byte	0x1
 845 0258 40       		.byte	0x40
 846 0259 9C000000 		.4byte	0x9c
 847 025d 00000000 		.4byte	.LFB37
 848 0261 44000000 		.4byte	.LFE37-.LFB37
 849 0265 01       		.uleb128 0x1
 850 0266 9C       		.byte	0x9c
 851 0267 DF020000 		.4byte	0x2df
 852 026b 0D       		.uleb128 0xd
 853 026c 4D000000 		.4byte	.LASF27
 854 0270 01       		.byte	0x1
 855 0271 43       		.byte	0x43
 856 0272 9C000000 		.4byte	0x9c
 857 0276 95000000 		.4byte	.LLST4
 858 027a 08       		.uleb128 0x8
 859 027b 08000000 		.4byte	.LVL22
 860 027f C6040000 		.4byte	0x4c6
 861 0283 91020000 		.4byte	0x291
 862 0287 09       		.uleb128 0x9
 863 0288 01       		.uleb128 0x1
 864 0289 50       		.byte	0x50
 865 028a 05       		.uleb128 0x5
 866 028b 03       		.byte	0x3
 867 028c 30010000 		.4byte	.LC12
 868 0290 00       		.byte	0
 869 0291 08       		.uleb128 0x8
 870 0292 0E000000 		.4byte	.LVL23
ARM GAS  C:\Users\mewin\AppData\Local\Temp\ccu9q5Cc.s 			page 21


 871 0296 C6040000 		.4byte	0x4c6
 872 029a A8020000 		.4byte	0x2a8
 873 029e 09       		.uleb128 0x9
 874 029f 01       		.uleb128 0x1
 875 02a0 50       		.byte	0x50
 876 02a1 05       		.uleb128 0x5
 877 02a2 03       		.byte	0x3
 878 02a3 74010000 		.4byte	.LC14
 879 02a7 00       		.byte	0
 880 02a8 0A       		.uleb128 0xa
 881 02a9 12000000 		.4byte	.LVL24
 882 02ad E1010000 		.4byte	0x1e1
 883 02b1 08       		.uleb128 0x8
 884 02b2 2A000000 		.4byte	.LVL26
 885 02b6 D2040000 		.4byte	0x4d2
 886 02ba CE020000 		.4byte	0x2ce
 887 02be 09       		.uleb128 0x9
 888 02bf 01       		.uleb128 0x1
 889 02c0 50       		.byte	0x50
 890 02c1 02       		.uleb128 0x2
 891 02c2 75       		.byte	0x75
 892 02c3 00       		.sleb128 0
 893 02c4 09       		.uleb128 0x9
 894 02c5 01       		.uleb128 0x1
 895 02c6 51       		.byte	0x51
 896 02c7 05       		.uleb128 0x5
 897 02c8 03       		.byte	0x3
 898 02c9 CC010000 		.4byte	.LC16
 899 02cd 00       		.byte	0
 900 02ce 0B       		.uleb128 0xb
 901 02cf 30000000 		.4byte	.LVL27
 902 02d3 C6040000 		.4byte	0x4c6
 903 02d7 09       		.uleb128 0x9
 904 02d8 01       		.uleb128 0x1
 905 02d9 50       		.byte	0x50
 906 02da 02       		.uleb128 0x2
 907 02db 75       		.byte	0x75
 908 02dc 00       		.sleb128 0
 909 02dd 00       		.byte	0
 910 02de 00       		.byte	0
 911 02df 0E       		.uleb128 0xe
 912 02e0 B3020000 		.4byte	.LASF28
 913 02e4 01       		.byte	0x1
 914 02e5 4C       		.byte	0x4c
 915 02e6 A7000000 		.4byte	0xa7
 916 02ea 00000000 		.4byte	.LFB38
 917 02ee 40000000 		.4byte	.LFE38-.LFB38
 918 02f2 01       		.uleb128 0x1
 919 02f3 9C       		.byte	0x9c
 920 02f4 7B030000 		.4byte	0x37b
 921 02f8 0D       		.uleb128 0xd
 922 02f9 87010000 		.4byte	.LASF29
 923 02fd 01       		.byte	0x1
 924 02fe 50       		.byte	0x50
 925 02ff A7000000 		.4byte	0xa7
 926 0303 B3000000 		.4byte	.LLST5
 927 0307 0A       		.uleb128 0xa
ARM GAS  C:\Users\mewin\AppData\Local\Temp\ccu9q5Cc.s 			page 22


 928 0308 06000000 		.4byte	.LVL29
 929 030c E9040000 		.4byte	0x4e9
 930 0310 08       		.uleb128 0x8
 931 0311 0C000000 		.4byte	.LVL30
 932 0315 C6040000 		.4byte	0x4c6
 933 0319 27030000 		.4byte	0x327
 934 031d 09       		.uleb128 0x9
 935 031e 01       		.uleb128 0x1
 936 031f 50       		.byte	0x50
 937 0320 05       		.uleb128 0x5
 938 0321 03       		.byte	0x3
 939 0322 E0010000 		.4byte	.LC19
 940 0326 00       		.byte	0
 941 0327 08       		.uleb128 0x8
 942 0328 12000000 		.4byte	.LVL31
 943 032c C6040000 		.4byte	0x4c6
 944 0330 3E030000 		.4byte	0x33e
 945 0334 09       		.uleb128 0x9
 946 0335 01       		.uleb128 0x1
 947 0336 50       		.byte	0x50
 948 0337 05       		.uleb128 0x5
 949 0338 03       		.byte	0x3
 950 0339 20020000 		.4byte	.LC21
 951 033d 00       		.byte	0
 952 033e 0A       		.uleb128 0xa
 953 033f 16000000 		.4byte	.LVL32
 954 0343 E1010000 		.4byte	0x1e1
 955 0347 08       		.uleb128 0x8
 956 0348 24000000 		.4byte	.LVL35
 957 034c D2040000 		.4byte	0x4d2
 958 0350 6A030000 		.4byte	0x36a
 959 0354 09       		.uleb128 0x9
 960 0355 01       		.uleb128 0x1
 961 0356 50       		.byte	0x50
 962 0357 02       		.uleb128 0x2
 963 0358 75       		.byte	0x75
 964 0359 00       		.sleb128 0
 965 035a 09       		.uleb128 0x9
 966 035b 01       		.uleb128 0x1
 967 035c 51       		.byte	0x51
 968 035d 05       		.uleb128 0x5
 969 035e 03       		.byte	0x3
 970 035f 5C020000 		.4byte	.LC23
 971 0363 09       		.uleb128 0x9
 972 0364 01       		.uleb128 0x1
 973 0365 52       		.byte	0x52
 974 0366 02       		.uleb128 0x2
 975 0367 74       		.byte	0x74
 976 0368 00       		.sleb128 0
 977 0369 00       		.byte	0
 978 036a 0B       		.uleb128 0xb
 979 036b 2A000000 		.4byte	.LVL36
 980 036f C6040000 		.4byte	0x4c6
 981 0373 09       		.uleb128 0x9
 982 0374 01       		.uleb128 0x1
 983 0375 50       		.byte	0x50
 984 0376 02       		.uleb128 0x2
ARM GAS  C:\Users\mewin\AppData\Local\Temp\ccu9q5Cc.s 			page 23


 985 0377 75       		.byte	0x75
 986 0378 00       		.sleb128 0
 987 0379 00       		.byte	0
 988 037a 00       		.byte	0
 989 037b 0E       		.uleb128 0xe
 990 037c 5D020000 		.4byte	.LASF30
 991 0380 01       		.byte	0x1
 992 0381 71       		.byte	0x71
 993 0382 9C000000 		.4byte	0x9c
 994 0386 00000000 		.4byte	.LFB41
 995 038a 10000000 		.4byte	.LFE41-.LFB41
 996 038e 01       		.uleb128 0x1
 997 038f 9C       		.byte	0x9c
 998 0390 A8030000 		.4byte	0x3a8
 999 0394 0B       		.uleb128 0xb
 1000 0395 08000000 		.4byte	.LVL38
 1001 0399 C6040000 		.4byte	0x4c6
 1002 039d 09       		.uleb128 0x9
 1003 039e 01       		.uleb128 0x1
 1004 039f 50       		.byte	0x50
 1005 03a0 05       		.uleb128 0x5
 1006 03a1 03       		.byte	0x3
 1007 03a2 6C020000 		.4byte	.LC26
 1008 03a6 00       		.byte	0
 1009 03a7 00       		.byte	0
 1010 03a8 0E       		.uleb128 0xe
 1011 03a9 91000000 		.4byte	.LASF31
 1012 03ad 01       		.byte	0x1
 1013 03ae 21       		.byte	0x21
 1014 03af 9C000000 		.4byte	0x9c
 1015 03b3 00000000 		.4byte	.LFB36
 1016 03b7 90000000 		.4byte	.LFE36-.LFB36
 1017 03bb 01       		.uleb128 0x1
 1018 03bc 9C       		.byte	0x9c
 1019 03bd 9B040000 		.4byte	0x49b
 1020 03c1 0D       		.uleb128 0xd
 1021 03c2 93010000 		.4byte	.LASF24
 1022 03c6 01       		.byte	0x1
 1023 03c7 24       		.byte	0x24
 1024 03c8 9C000000 		.4byte	0x9c
 1025 03cc E7000000 		.4byte	.LLST6
 1026 03d0 08       		.uleb128 0x8
 1027 03d1 08000000 		.4byte	.LVL39
 1028 03d5 C6040000 		.4byte	0x4c6
 1029 03d9 E7030000 		.4byte	0x3e7
 1030 03dd 09       		.uleb128 0x9
 1031 03de 01       		.uleb128 0x1
 1032 03df 50       		.byte	0x50
 1033 03e0 05       		.uleb128 0x5
 1034 03e1 03       		.byte	0x3
 1035 03e2 8C020000 		.4byte	.LC28
 1036 03e6 00       		.byte	0
 1037 03e7 08       		.uleb128 0x8
 1038 03e8 0E000000 		.4byte	.LVL40
 1039 03ec C6040000 		.4byte	0x4c6
 1040 03f0 FE030000 		.4byte	0x3fe
 1041 03f4 09       		.uleb128 0x9
ARM GAS  C:\Users\mewin\AppData\Local\Temp\ccu9q5Cc.s 			page 24


 1042 03f5 01       		.uleb128 0x1
 1043 03f6 50       		.byte	0x50
 1044 03f7 05       		.uleb128 0x5
 1045 03f8 03       		.byte	0x3
 1046 03f9 CC020000 		.4byte	.LC30
 1047 03fd 00       		.byte	0
 1048 03fe 0A       		.uleb128 0xa
 1049 03ff 12000000 		.4byte	.LVL41
 1050 0403 DD040000 		.4byte	0x4dd
 1051 0407 0A       		.uleb128 0xa
 1052 0408 1A000000 		.4byte	.LVL43
 1053 040c DD040000 		.4byte	0x4dd
 1054 0410 08       		.uleb128 0x8
 1055 0411 42000000 		.4byte	.LVL46
 1056 0415 C6040000 		.4byte	0x4c6
 1057 0419 27040000 		.4byte	0x427
 1058 041d 09       		.uleb128 0x9
 1059 041e 01       		.uleb128 0x1
 1060 041f 50       		.byte	0x50
 1061 0420 05       		.uleb128 0x5
 1062 0421 03       		.byte	0x3
 1063 0422 0C030000 		.4byte	.LC32
 1064 0426 00       		.byte	0
 1065 0427 08       		.uleb128 0x8
 1066 0428 4C000000 		.4byte	.LVL49
 1067 042c C6040000 		.4byte	0x4c6
 1068 0430 3E040000 		.4byte	0x43e
 1069 0434 09       		.uleb128 0x9
 1070 0435 01       		.uleb128 0x1
 1071 0436 50       		.byte	0x50
 1072 0437 05       		.uleb128 0x5
 1073 0438 03       		.byte	0x3
 1074 0439 24030000 		.4byte	.LC34
 1075 043d 00       		.byte	0
 1076 043e 0A       		.uleb128 0xa
 1077 043f 50000000 		.4byte	.LVL50
 1078 0443 7B030000 		.4byte	0x37b
 1079 0447 08       		.uleb128 0x8
 1080 0448 58000000 		.4byte	.LVL53
 1081 044c C6040000 		.4byte	0x4c6
 1082 0450 5E040000 		.4byte	0x45e
 1083 0454 09       		.uleb128 0x9
 1084 0455 01       		.uleb128 0x1
 1085 0456 50       		.byte	0x50
 1086 0457 05       		.uleb128 0x5
 1087 0458 03       		.byte	0x3
 1088 0459 3C030000 		.4byte	.LC36
 1089 045d 00       		.byte	0
 1090 045e 0A       		.uleb128 0xa
 1091 045f 5C000000 		.4byte	.LVL54
 1092 0463 7B030000 		.4byte	0x37b
 1093 0467 08       		.uleb128 0x8
 1094 0468 64000000 		.4byte	.LVL57
 1095 046c C6040000 		.4byte	0x4c6
 1096 0470 7E040000 		.4byte	0x47e
 1097 0474 09       		.uleb128 0x9
 1098 0475 01       		.uleb128 0x1
ARM GAS  C:\Users\mewin\AppData\Local\Temp\ccu9q5Cc.s 			page 25


 1099 0476 50       		.byte	0x50
 1100 0477 05       		.uleb128 0x5
 1101 0478 03       		.byte	0x3
 1102 0479 58030000 		.4byte	.LC38
 1103 047d 00       		.byte	0
 1104 047e 0A       		.uleb128 0xa
 1105 047f 68000000 		.4byte	.LVL58
 1106 0483 7B030000 		.4byte	0x37b
 1107 0487 0B       		.uleb128 0xb
 1108 0488 70000000 		.4byte	.LVL61
 1109 048c C6040000 		.4byte	0x4c6
 1110 0490 09       		.uleb128 0x9
 1111 0491 01       		.uleb128 0x1
 1112 0492 50       		.byte	0x50
 1113 0493 05       		.uleb128 0x5
 1114 0494 03       		.byte	0x3
 1115 0495 74030000 		.4byte	.LC40
 1116 0499 00       		.byte	0
 1117 049a 00       		.byte	0
 1118 049b 11       		.uleb128 0x11
 1119 049c C0000000 		.4byte	0xc0
 1120 04a0 AB040000 		.4byte	0x4ab
 1121 04a4 12       		.uleb128 0x12
 1122 04a5 88000000 		.4byte	0x88
 1123 04a9 63       		.byte	0x63
 1124 04aa 00       		.byte	0
 1125 04ab 13       		.uleb128 0x13
 1126 04ac 14000000 		.4byte	.LASF32
 1127 04b0 01       		.byte	0x1
 1128 04b1 11       		.byte	0x11
 1129 04b2 9B040000 		.4byte	0x49b
 1130 04b6 13       		.uleb128 0x13
 1131 04b7 60010000 		.4byte	.LASF33
 1132 04bb 01       		.byte	0x1
 1133 04bc 12       		.byte	0x12
 1134 04bd C1040000 		.4byte	0x4c1
 1135 04c1 14       		.uleb128 0x14
 1136 04c2 9C000000 		.4byte	0x9c
 1137 04c6 15       		.uleb128 0x15
 1138 04c7 23000000 		.4byte	.LASF34
 1139 04cb 23000000 		.4byte	.LASF34
 1140 04cf 05       		.byte	0x5
 1141 04d0 2A03     		.2byte	0x32a
 1142 04d2 16       		.uleb128 0x16
 1143 04d3 D0020000 		.4byte	.LASF35
 1144 04d7 D0020000 		.4byte	.LASF35
 1145 04db 06       		.byte	0x6
 1146 04dc E7       		.byte	0xe7
 1147 04dd 15       		.uleb128 0x15
 1148 04de 3C000000 		.4byte	.LASF36
 1149 04e2 3C000000 		.4byte	.LASF36
 1150 04e6 05       		.byte	0x5
 1151 04e7 0F03     		.2byte	0x30f
 1152 04e9 15       		.uleb128 0x15
 1153 04ea 99020000 		.4byte	.LASF37
 1154 04ee 99020000 		.4byte	.LASF37
 1155 04f2 05       		.byte	0x5
ARM GAS  C:\Users\mewin\AppData\Local\Temp\ccu9q5Cc.s 			page 26


 1156 04f3 3F03     		.2byte	0x33f
 1157 04f5 16       		.uleb128 0x16
 1158 04f6 8E010000 		.4byte	.LASF38
 1159 04fa 8E010000 		.4byte	.LASF38
 1160 04fe 07       		.byte	0x7
 1161 04ff 4D       		.byte	0x4d
 1162 0500 00       		.byte	0
 1163              		.section	.debug_abbrev,"",%progbits
 1164              	.Ldebug_abbrev0:
 1165 0000 01       		.uleb128 0x1
 1166 0001 11       		.uleb128 0x11
 1167 0002 01       		.byte	0x1
 1168 0003 25       		.uleb128 0x25
 1169 0004 0E       		.uleb128 0xe
 1170 0005 13       		.uleb128 0x13
 1171 0006 0B       		.uleb128 0xb
 1172 0007 03       		.uleb128 0x3
 1173 0008 0E       		.uleb128 0xe
 1174 0009 1B       		.uleb128 0x1b
 1175 000a 0E       		.uleb128 0xe
 1176 000b 55       		.uleb128 0x55
 1177 000c 17       		.uleb128 0x17
 1178 000d 11       		.uleb128 0x11
 1179 000e 01       		.uleb128 0x1
 1180 000f 10       		.uleb128 0x10
 1181 0010 17       		.uleb128 0x17
 1182 0011 00       		.byte	0
 1183 0012 00       		.byte	0
 1184 0013 02       		.uleb128 0x2
 1185 0014 24       		.uleb128 0x24
 1186 0015 00       		.byte	0
 1187 0016 0B       		.uleb128 0xb
 1188 0017 0B       		.uleb128 0xb
 1189 0018 3E       		.uleb128 0x3e
 1190 0019 0B       		.uleb128 0xb
 1191 001a 03       		.uleb128 0x3
 1192 001b 0E       		.uleb128 0xe
 1193 001c 00       		.byte	0
 1194 001d 00       		.byte	0
 1195 001e 03       		.uleb128 0x3
 1196 001f 16       		.uleb128 0x16
 1197 0020 00       		.byte	0
 1198 0021 03       		.uleb128 0x3
 1199 0022 0E       		.uleb128 0xe
 1200 0023 3A       		.uleb128 0x3a
 1201 0024 0B       		.uleb128 0xb
 1202 0025 3B       		.uleb128 0x3b
 1203 0026 0B       		.uleb128 0xb
 1204 0027 49       		.uleb128 0x49
 1205 0028 13       		.uleb128 0x13
 1206 0029 00       		.byte	0
 1207 002a 00       		.byte	0
 1208 002b 04       		.uleb128 0x4
 1209 002c 24       		.uleb128 0x24
 1210 002d 00       		.byte	0
 1211 002e 0B       		.uleb128 0xb
 1212 002f 0B       		.uleb128 0xb
ARM GAS  C:\Users\mewin\AppData\Local\Temp\ccu9q5Cc.s 			page 27


 1213 0030 3E       		.uleb128 0x3e
 1214 0031 0B       		.uleb128 0xb
 1215 0032 03       		.uleb128 0x3
 1216 0033 08       		.uleb128 0x8
 1217 0034 00       		.byte	0
 1218 0035 00       		.byte	0
 1219 0036 05       		.uleb128 0x5
 1220 0037 0F       		.uleb128 0xf
 1221 0038 00       		.byte	0
 1222 0039 0B       		.uleb128 0xb
 1223 003a 0B       		.uleb128 0xb
 1224 003b 49       		.uleb128 0x49
 1225 003c 13       		.uleb128 0x13
 1226 003d 00       		.byte	0
 1227 003e 00       		.byte	0
 1228 003f 06       		.uleb128 0x6
 1229 0040 16       		.uleb128 0x16
 1230 0041 00       		.byte	0
 1231 0042 03       		.uleb128 0x3
 1232 0043 0E       		.uleb128 0xe
 1233 0044 3A       		.uleb128 0x3a
 1234 0045 0B       		.uleb128 0xb
 1235 0046 3B       		.uleb128 0x3b
 1236 0047 05       		.uleb128 0x5
 1237 0048 49       		.uleb128 0x49
 1238 0049 13       		.uleb128 0x13
 1239 004a 00       		.byte	0
 1240 004b 00       		.byte	0
 1241 004c 07       		.uleb128 0x7
 1242 004d 2E       		.uleb128 0x2e
 1243 004e 01       		.byte	0x1
 1244 004f 3F       		.uleb128 0x3f
 1245 0050 19       		.uleb128 0x19
 1246 0051 03       		.uleb128 0x3
 1247 0052 0E       		.uleb128 0xe
 1248 0053 3A       		.uleb128 0x3a
 1249 0054 0B       		.uleb128 0xb
 1250 0055 3B       		.uleb128 0x3b
 1251 0056 0B       		.uleb128 0xb
 1252 0057 27       		.uleb128 0x27
 1253 0058 19       		.uleb128 0x19
 1254 0059 11       		.uleb128 0x11
 1255 005a 01       		.uleb128 0x1
 1256 005b 12       		.uleb128 0x12
 1257 005c 06       		.uleb128 0x6
 1258 005d 40       		.uleb128 0x40
 1259 005e 18       		.uleb128 0x18
 1260 005f 9742     		.uleb128 0x2117
 1261 0061 19       		.uleb128 0x19
 1262 0062 01       		.uleb128 0x1
 1263 0063 13       		.uleb128 0x13
 1264 0064 00       		.byte	0
 1265 0065 00       		.byte	0
 1266 0066 08       		.uleb128 0x8
 1267 0067 898201   		.uleb128 0x4109
 1268 006a 01       		.byte	0x1
 1269 006b 11       		.uleb128 0x11
ARM GAS  C:\Users\mewin\AppData\Local\Temp\ccu9q5Cc.s 			page 28


 1270 006c 01       		.uleb128 0x1
 1271 006d 31       		.uleb128 0x31
 1272 006e 13       		.uleb128 0x13
 1273 006f 01       		.uleb128 0x1
 1274 0070 13       		.uleb128 0x13
 1275 0071 00       		.byte	0
 1276 0072 00       		.byte	0
 1277 0073 09       		.uleb128 0x9
 1278 0074 8A8201   		.uleb128 0x410a
 1279 0077 00       		.byte	0
 1280 0078 02       		.uleb128 0x2
 1281 0079 18       		.uleb128 0x18
 1282 007a 9142     		.uleb128 0x2111
 1283 007c 18       		.uleb128 0x18
 1284 007d 00       		.byte	0
 1285 007e 00       		.byte	0
 1286 007f 0A       		.uleb128 0xa
 1287 0080 898201   		.uleb128 0x4109
 1288 0083 00       		.byte	0
 1289 0084 11       		.uleb128 0x11
 1290 0085 01       		.uleb128 0x1
 1291 0086 31       		.uleb128 0x31
 1292 0087 13       		.uleb128 0x13
 1293 0088 00       		.byte	0
 1294 0089 00       		.byte	0
 1295 008a 0B       		.uleb128 0xb
 1296 008b 898201   		.uleb128 0x4109
 1297 008e 01       		.byte	0x1
 1298 008f 11       		.uleb128 0x11
 1299 0090 01       		.uleb128 0x1
 1300 0091 31       		.uleb128 0x31
 1301 0092 13       		.uleb128 0x13
 1302 0093 00       		.byte	0
 1303 0094 00       		.byte	0
 1304 0095 0C       		.uleb128 0xc
 1305 0096 05       		.uleb128 0x5
 1306 0097 00       		.byte	0
 1307 0098 03       		.uleb128 0x3
 1308 0099 0E       		.uleb128 0xe
 1309 009a 3A       		.uleb128 0x3a
 1310 009b 0B       		.uleb128 0xb
 1311 009c 3B       		.uleb128 0x3b
 1312 009d 0B       		.uleb128 0xb
 1313 009e 49       		.uleb128 0x49
 1314 009f 13       		.uleb128 0x13
 1315 00a0 02       		.uleb128 0x2
 1316 00a1 17       		.uleb128 0x17
 1317 00a2 00       		.byte	0
 1318 00a3 00       		.byte	0
 1319 00a4 0D       		.uleb128 0xd
 1320 00a5 34       		.uleb128 0x34
 1321 00a6 00       		.byte	0
 1322 00a7 03       		.uleb128 0x3
 1323 00a8 0E       		.uleb128 0xe
 1324 00a9 3A       		.uleb128 0x3a
 1325 00aa 0B       		.uleb128 0xb
 1326 00ab 3B       		.uleb128 0x3b
ARM GAS  C:\Users\mewin\AppData\Local\Temp\ccu9q5Cc.s 			page 29


 1327 00ac 0B       		.uleb128 0xb
 1328 00ad 49       		.uleb128 0x49
 1329 00ae 13       		.uleb128 0x13
 1330 00af 02       		.uleb128 0x2
 1331 00b0 17       		.uleb128 0x17
 1332 00b1 00       		.byte	0
 1333 00b2 00       		.byte	0
 1334 00b3 0E       		.uleb128 0xe
 1335 00b4 2E       		.uleb128 0x2e
 1336 00b5 01       		.byte	0x1
 1337 00b6 3F       		.uleb128 0x3f
 1338 00b7 19       		.uleb128 0x19
 1339 00b8 03       		.uleb128 0x3
 1340 00b9 0E       		.uleb128 0xe
 1341 00ba 3A       		.uleb128 0x3a
 1342 00bb 0B       		.uleb128 0xb
 1343 00bc 3B       		.uleb128 0x3b
 1344 00bd 0B       		.uleb128 0xb
 1345 00be 27       		.uleb128 0x27
 1346 00bf 19       		.uleb128 0x19
 1347 00c0 49       		.uleb128 0x49
 1348 00c1 13       		.uleb128 0x13
 1349 00c2 11       		.uleb128 0x11
 1350 00c3 01       		.uleb128 0x1
 1351 00c4 12       		.uleb128 0x12
 1352 00c5 06       		.uleb128 0x6
 1353 00c6 40       		.uleb128 0x40
 1354 00c7 18       		.uleb128 0x18
 1355 00c8 9742     		.uleb128 0x2117
 1356 00ca 19       		.uleb128 0x19
 1357 00cb 01       		.uleb128 0x1
 1358 00cc 13       		.uleb128 0x13
 1359 00cd 00       		.byte	0
 1360 00ce 00       		.byte	0
 1361 00cf 0F       		.uleb128 0xf
 1362 00d0 34       		.uleb128 0x34
 1363 00d1 00       		.byte	0
 1364 00d2 03       		.uleb128 0x3
 1365 00d3 0E       		.uleb128 0xe
 1366 00d4 3A       		.uleb128 0x3a
 1367 00d5 0B       		.uleb128 0xb
 1368 00d6 3B       		.uleb128 0x3b
 1369 00d7 0B       		.uleb128 0xb
 1370 00d8 49       		.uleb128 0x49
 1371 00d9 13       		.uleb128 0x13
 1372 00da 02       		.uleb128 0x2
 1373 00db 18       		.uleb128 0x18
 1374 00dc 00       		.byte	0
 1375 00dd 00       		.byte	0
 1376 00de 10       		.uleb128 0x10
 1377 00df 34       		.uleb128 0x34
 1378 00e0 00       		.byte	0
 1379 00e1 03       		.uleb128 0x3
 1380 00e2 0E       		.uleb128 0xe
 1381 00e3 3A       		.uleb128 0x3a
 1382 00e4 0B       		.uleb128 0xb
 1383 00e5 3B       		.uleb128 0x3b
ARM GAS  C:\Users\mewin\AppData\Local\Temp\ccu9q5Cc.s 			page 30


 1384 00e6 0B       		.uleb128 0xb
 1385 00e7 49       		.uleb128 0x49
 1386 00e8 13       		.uleb128 0x13
 1387 00e9 1C       		.uleb128 0x1c
 1388 00ea 0B       		.uleb128 0xb
 1389 00eb 00       		.byte	0
 1390 00ec 00       		.byte	0
 1391 00ed 11       		.uleb128 0x11
 1392 00ee 01       		.uleb128 0x1
 1393 00ef 01       		.byte	0x1
 1394 00f0 49       		.uleb128 0x49
 1395 00f1 13       		.uleb128 0x13
 1396 00f2 01       		.uleb128 0x1
 1397 00f3 13       		.uleb128 0x13
 1398 00f4 00       		.byte	0
 1399 00f5 00       		.byte	0
 1400 00f6 12       		.uleb128 0x12
 1401 00f7 21       		.uleb128 0x21
 1402 00f8 00       		.byte	0
 1403 00f9 49       		.uleb128 0x49
 1404 00fa 13       		.uleb128 0x13
 1405 00fb 2F       		.uleb128 0x2f
 1406 00fc 0B       		.uleb128 0xb
 1407 00fd 00       		.byte	0
 1408 00fe 00       		.byte	0
 1409 00ff 13       		.uleb128 0x13
 1410 0100 34       		.uleb128 0x34
 1411 0101 00       		.byte	0
 1412 0102 03       		.uleb128 0x3
 1413 0103 0E       		.uleb128 0xe
 1414 0104 3A       		.uleb128 0x3a
 1415 0105 0B       		.uleb128 0xb
 1416 0106 3B       		.uleb128 0x3b
 1417 0107 0B       		.uleb128 0xb
 1418 0108 49       		.uleb128 0x49
 1419 0109 13       		.uleb128 0x13
 1420 010a 3F       		.uleb128 0x3f
 1421 010b 19       		.uleb128 0x19
 1422 010c 3C       		.uleb128 0x3c
 1423 010d 19       		.uleb128 0x19
 1424 010e 00       		.byte	0
 1425 010f 00       		.byte	0
 1426 0110 14       		.uleb128 0x14
 1427 0111 35       		.uleb128 0x35
 1428 0112 00       		.byte	0
 1429 0113 49       		.uleb128 0x49
 1430 0114 13       		.uleb128 0x13
 1431 0115 00       		.byte	0
 1432 0116 00       		.byte	0
 1433 0117 15       		.uleb128 0x15
 1434 0118 2E       		.uleb128 0x2e
 1435 0119 00       		.byte	0
 1436 011a 3F       		.uleb128 0x3f
 1437 011b 19       		.uleb128 0x19
 1438 011c 3C       		.uleb128 0x3c
 1439 011d 19       		.uleb128 0x19
 1440 011e 6E       		.uleb128 0x6e
ARM GAS  C:\Users\mewin\AppData\Local\Temp\ccu9q5Cc.s 			page 31


 1441 011f 0E       		.uleb128 0xe
 1442 0120 03       		.uleb128 0x3
 1443 0121 0E       		.uleb128 0xe
 1444 0122 3A       		.uleb128 0x3a
 1445 0123 0B       		.uleb128 0xb
 1446 0124 3B       		.uleb128 0x3b
 1447 0125 05       		.uleb128 0x5
 1448 0126 00       		.byte	0
 1449 0127 00       		.byte	0
 1450 0128 16       		.uleb128 0x16
 1451 0129 2E       		.uleb128 0x2e
 1452 012a 00       		.byte	0
 1453 012b 3F       		.uleb128 0x3f
 1454 012c 19       		.uleb128 0x19
 1455 012d 3C       		.uleb128 0x3c
 1456 012e 19       		.uleb128 0x19
 1457 012f 6E       		.uleb128 0x6e
 1458 0130 0E       		.uleb128 0xe
 1459 0131 03       		.uleb128 0x3
 1460 0132 0E       		.uleb128 0xe
 1461 0133 3A       		.uleb128 0x3a
 1462 0134 0B       		.uleb128 0xb
 1463 0135 3B       		.uleb128 0x3b
 1464 0136 0B       		.uleb128 0xb
 1465 0137 00       		.byte	0
 1466 0138 00       		.byte	0
 1467 0139 00       		.byte	0
 1468              		.section	.debug_loc,"",%progbits
 1469              	.Ldebug_loc0:
 1470              	.LLST0:
 1471 0000 00000000 		.4byte	.LVL8
 1472 0004 06000000 		.4byte	.LVL9
 1473 0008 0100     		.2byte	0x1
 1474 000a 50       		.byte	0x50
 1475 000b 06000000 		.4byte	.LVL9
 1476 000f 36000000 		.4byte	.LVL18
 1477 0013 0100     		.2byte	0x1
 1478 0015 55       		.byte	0x55
 1479 0016 36000000 		.4byte	.LVL18
 1480 001a 38000000 		.4byte	.LFE40
 1481 001e 0400     		.2byte	0x4
 1482 0020 F3       		.byte	0xf3
 1483 0021 01       		.uleb128 0x1
 1484 0022 50       		.byte	0x50
 1485 0023 9F       		.byte	0x9f
 1486 0024 00000000 		.4byte	0
 1487 0028 00000000 		.4byte	0
 1488              	.LLST1:
 1489 002c 00000000 		.4byte	.LVL8
 1490 0030 06000000 		.4byte	.LVL9
 1491 0034 0100     		.2byte	0x1
 1492 0036 51       		.byte	0x51
 1493 0037 06000000 		.4byte	.LVL9
 1494 003b 38000000 		.4byte	.LFE40
 1495 003f 0400     		.2byte	0x4
 1496 0041 F3       		.byte	0xf3
 1497 0042 01       		.uleb128 0x1
ARM GAS  C:\Users\mewin\AppData\Local\Temp\ccu9q5Cc.s 			page 32


 1498 0043 51       		.byte	0x51
 1499 0044 9F       		.byte	0x9f
 1500 0045 00000000 		.4byte	0
 1501 0049 00000000 		.4byte	0
 1502              	.LLST2:
 1503 004d 06000000 		.4byte	.LVL9
 1504 0051 16000000 		.4byte	.LVL12
 1505 0055 0200     		.2byte	0x2
 1506 0057 31       		.byte	0x31
 1507 0058 9F       		.byte	0x9f
 1508 0059 16000000 		.4byte	.LVL12
 1509 005d 24000000 		.4byte	.LVL15
 1510 0061 0100     		.2byte	0x1
 1511 0063 54       		.byte	0x54
 1512 0064 26000000 		.4byte	.LVL16
 1513 0068 32000000 		.4byte	.LVL17
 1514 006c 0100     		.2byte	0x1
 1515 006e 54       		.byte	0x54
 1516 006f 00000000 		.4byte	0
 1517 0073 00000000 		.4byte	0
 1518              	.LLST3:
 1519 0077 0C000000 		.4byte	.LVL11
 1520 007b 19000000 		.4byte	.LVL13-1
 1521 007f 0100     		.2byte	0x1
 1522 0081 50       		.byte	0x50
 1523 0082 1C000000 		.4byte	.LVL14
 1524 0086 38000000 		.4byte	.LFE40
 1525 008a 0100     		.2byte	0x1
 1526 008c 50       		.byte	0x50
 1527 008d 00000000 		.4byte	0
 1528 0091 00000000 		.4byte	0
 1529              	.LLST4:
 1530 0095 14000000 		.4byte	.LVL25
 1531 0099 32000000 		.4byte	.LVL28
 1532 009d 0100     		.2byte	0x1
 1533 009f 54       		.byte	0x54
 1534 00a0 32000000 		.4byte	.LVL28
 1535 00a4 44000000 		.4byte	.LFE37
 1536 00a8 0100     		.2byte	0x1
 1537 00aa 50       		.byte	0x50
 1538 00ab 00000000 		.4byte	0
 1539 00af 00000000 		.4byte	0
 1540              	.LLST5:
 1541 00b3 18000000 		.4byte	.LVL33
 1542 00b7 20000000 		.4byte	.LVL34
 1543 00bb 0100     		.2byte	0x1
 1544 00bd 50       		.byte	0x50
 1545 00be 20000000 		.4byte	.LVL34
 1546 00c2 23000000 		.4byte	.LVL35-1
 1547 00c6 0100     		.2byte	0x1
 1548 00c8 52       		.byte	0x52
 1549 00c9 23000000 		.4byte	.LVL35-1
 1550 00cd 2C000000 		.4byte	.LVL37
 1551 00d1 0100     		.2byte	0x1
 1552 00d3 54       		.byte	0x54
 1553 00d4 2C000000 		.4byte	.LVL37
 1554 00d8 40000000 		.4byte	.LFE38
ARM GAS  C:\Users\mewin\AppData\Local\Temp\ccu9q5Cc.s 			page 33


 1555 00dc 0100     		.2byte	0x1
 1556 00de 50       		.byte	0x50
 1557 00df 00000000 		.4byte	0
 1558 00e3 00000000 		.4byte	0
 1559              	.LLST6:
 1560 00e7 14000000 		.4byte	.LVL42
 1561 00eb 19000000 		.4byte	.LVL43-1
 1562 00ef 0100     		.2byte	0x1
 1563 00f1 50       		.byte	0x50
 1564 00f2 1C000000 		.4byte	.LVL44
 1565 00f6 3E000000 		.4byte	.LVL45
 1566 00fa 0100     		.2byte	0x1
 1567 00fc 50       		.byte	0x50
 1568 00fd 46000000 		.4byte	.LVL47
 1569 0101 48000000 		.4byte	.LVL48
 1570 0105 0100     		.2byte	0x1
 1571 0107 50       		.byte	0x50
 1572 0108 52000000 		.4byte	.LVL51
 1573 010c 54000000 		.4byte	.LVL52
 1574 0110 0100     		.2byte	0x1
 1575 0112 50       		.byte	0x50
 1576 0113 5E000000 		.4byte	.LVL55
 1577 0117 60000000 		.4byte	.LVL56
 1578 011b 0100     		.2byte	0x1
 1579 011d 50       		.byte	0x50
 1580 011e 6A000000 		.4byte	.LVL59
 1581 0122 6C000000 		.4byte	.LVL60
 1582 0126 0100     		.2byte	0x1
 1583 0128 50       		.byte	0x50
 1584 0129 00000000 		.4byte	0
 1585 012d 00000000 		.4byte	0
 1586              		.section	.debug_aranges,"",%progbits
 1587 0000 4C000000 		.4byte	0x4c
 1588 0004 0200     		.2byte	0x2
 1589 0006 00000000 		.4byte	.Ldebug_info0
 1590 000a 04       		.byte	0x4
 1591 000b 00       		.byte	0
 1592 000c 0000     		.2byte	0
 1593 000e 0000     		.2byte	0
 1594 0010 00000000 		.4byte	.LFB35
 1595 0014 5C000000 		.4byte	.LFE35-.LFB35
 1596 0018 00000000 		.4byte	.LFB40
 1597 001c 38000000 		.4byte	.LFE40-.LFB40
 1598 0020 00000000 		.4byte	.LFB39
 1599 0024 16000000 		.4byte	.LFE39-.LFB39
 1600 0028 00000000 		.4byte	.LFB37
 1601 002c 44000000 		.4byte	.LFE37-.LFB37
 1602 0030 00000000 		.4byte	.LFB38
 1603 0034 40000000 		.4byte	.LFE38-.LFB38
 1604 0038 00000000 		.4byte	.LFB41
 1605 003c 10000000 		.4byte	.LFE41-.LFB41
 1606 0040 00000000 		.4byte	.LFB36
 1607 0044 90000000 		.4byte	.LFE36-.LFB36
 1608 0048 00000000 		.4byte	0
 1609 004c 00000000 		.4byte	0
 1610              		.section	.debug_ranges,"",%progbits
 1611              	.Ldebug_ranges0:
ARM GAS  C:\Users\mewin\AppData\Local\Temp\ccu9q5Cc.s 			page 34


 1612 0000 00000000 		.4byte	.LFB35
 1613 0004 5C000000 		.4byte	.LFE35
 1614 0008 00000000 		.4byte	.LFB40
 1615 000c 38000000 		.4byte	.LFE40
 1616 0010 00000000 		.4byte	.LFB39
 1617 0014 16000000 		.4byte	.LFE39
 1618 0018 00000000 		.4byte	.LFB37
 1619 001c 44000000 		.4byte	.LFE37
 1620 0020 00000000 		.4byte	.LFB38
 1621 0024 40000000 		.4byte	.LFE38
 1622 0028 00000000 		.4byte	.LFB41
 1623 002c 10000000 		.4byte	.LFE41
 1624 0030 00000000 		.4byte	.LFB36
 1625 0034 90000000 		.4byte	.LFE36
 1626 0038 00000000 		.4byte	0
 1627 003c 00000000 		.4byte	0
 1628              		.section	.debug_line,"",%progbits
 1629              	.Ldebug_line0:
 1630 0000 AD020000 		.section	.debug_str,"MS",%progbits,1
 1630      0200D901 
 1630      00000201 
 1630      FB0E0D00 
 1630      01010101 
 1631              	.LASF4:
 1632 0000 5F5F7569 		.ascii	"__uint8_t\000"
 1632      6E74385F 
 1632      7400
 1633              	.LASF5:
 1634 000a 5F5F696E 		.ascii	"__int32_t\000"
 1634      7433325F 
 1634      7400
 1635              	.LASF32:
 1636 0014 74784461 		.ascii	"txData\000"
 1636      746100
 1637              	.LASF15:
 1638 001b 696E7433 		.ascii	"int32_t\000"
 1638      325F7400 
 1639              	.LASF34:
 1640 0023 55415254 		.ascii	"UART_UartPutString\000"
 1640      5F556172 
 1640      74507574 
 1640      53747269 
 1640      6E6700
 1641              	.LASF16:
 1642 0036 666C6F61 		.ascii	"float\000"
 1642      7400
 1643              	.LASF36:
 1644 003c 55415254 		.ascii	"UART_UartGetChar\000"
 1644      5F556172 
 1644      74476574 
 1644      43686172 
 1644      00
 1645              	.LASF27:
 1646 004d 73657269 		.ascii	"serial\000"
 1646      616C00
 1647              	.LASF18:
 1648 0054 63686172 		.ascii	"char8\000"
ARM GAS  C:\Users\mewin\AppData\Local\Temp\ccu9q5Cc.s 			page 35


 1648      3800
 1649              	.LASF7:
 1650 005a 6C6F6E67 		.ascii	"long unsigned int\000"
 1650      20756E73 
 1650      69676E65 
 1650      6420696E 
 1650      7400
 1651              	.LASF19:
 1652 006c 496E6974 		.ascii	"InitializeMessage\000"
 1652      69616C69 
 1652      7A654D65 
 1652      73736167 
 1652      6500
 1653              	.LASF3:
 1654 007e 73686F72 		.ascii	"short unsigned int\000"
 1654      7420756E 
 1654      7369676E 
 1654      65642069 
 1654      6E7400
 1655              	.LASF31:
 1656 0091 53656C65 		.ascii	"SelectModeMessage\000"
 1656      63744D6F 
 1656      64654D65 
 1656      73736167 
 1656      6500
 1657              	.LASF41:
 1658 00a3 433A5C55 		.ascii	"C:\\Users\\mewin\\OneDrive\\Documents\\PSoC Creator"
 1658      73657273 
 1658      5C6D6577 
 1658      696E5C4F 
 1658      6E654472 
 1659 00d1 5C537765 		.ascii	"\\Swerve Motor Controller\\SwerveMotorFirmware.cyds"
 1659      72766520 
 1659      4D6F746F 
 1659      7220436F 
 1659      6E74726F 
 1660 0102 6E00     		.ascii	"n\000"
 1661              	.LASF25:
 1662 0104 52656164 		.ascii	"ReadNumberFromUART\000"
 1662      4E756D62 
 1662      65724672 
 1662      6F6D5541 
 1662      525400
 1663              	.LASF40:
 1664 0117 44656275 		.ascii	"DebugMessages.c\000"
 1664      674D6573 
 1664      73616765 
 1664      732E6300 
 1665              	.LASF17:
 1666 0127 646F7562 		.ascii	"double\000"
 1666      6C6500
 1667              	.LASF20:
 1668 012e 53746F72 		.ascii	"StoreUARTBufferToArray\000"
 1668      65554152 
 1668      54427566 
 1668      66657254 
 1668      6F417272 
ARM GAS  C:\Users\mewin\AppData\Local\Temp\ccu9q5Cc.s 			page 36


 1669              	.LASF1:
 1670 0145 756E7369 		.ascii	"unsigned char\000"
 1670      676E6564 
 1670      20636861 
 1670      7200
 1671              	.LASF10:
 1672 0153 756E7369 		.ascii	"unsigned int\000"
 1672      676E6564 
 1672      20696E74 
 1672      00
 1673              	.LASF33:
 1674 0160 61646472 		.ascii	"address\000"
 1674      65737300 
 1675              	.LASF9:
 1676 0168 6C6F6E67 		.ascii	"long long unsigned int\000"
 1676      206C6F6E 
 1676      6720756E 
 1676      7369676E 
 1676      65642069 
 1677              	.LASF14:
 1678 017f 75696E74 		.ascii	"uint8_t\000"
 1678      385F7400 
 1679              	.LASF29:
 1680 0187 72657375 		.ascii	"result\000"
 1680      6C7400
 1681              	.LASF38:
 1682 018e 61746F69 		.ascii	"atoi\000"
 1682      00
 1683              	.LASF24:
 1684 0193 72657370 		.ascii	"response\000"
 1684      6F6E7365 
 1684      00
 1685              	.LASF39:
 1686 019c 474E5520 		.ascii	"GNU C11 5.4.1 20160609 (release) [ARM/embedded-5-br"
 1686      43313120 
 1686      352E342E 
 1686      31203230 
 1686      31363036 
 1687 01cf 616E6368 		.ascii	"anch revision 237715] -mcpu=cortex-m0 -mthumb -g -O"
 1687      20726576 
 1687      6973696F 
 1687      6E203233 
 1687      37373135 
 1688 0202 67202D66 		.ascii	"g -ffunction-sections -ffat-lto-objects\000"
 1688      66756E63 
 1688      74696F6E 
 1688      2D736563 
 1688      74696F6E 
 1689              	.LASF11:
 1690 022a 6C6F6E67 		.ascii	"long double\000"
 1690      20646F75 
 1690      626C6500 
 1691              	.LASF12:
 1692 0236 73697A65 		.ascii	"sizetype\000"
 1692      74797065 
 1692      00
 1693              	.LASF26:
ARM GAS  C:\Users\mewin\AppData\Local\Temp\ccu9q5Cc.s 			page 37


 1694 023f 53657454 		.ascii	"SetTargetSerial\000"
 1694      61726765 
 1694      74536572 
 1694      69616C00 
 1695              	.LASF8:
 1696 024f 6C6F6E67 		.ascii	"long long int\000"
 1696      206C6F6E 
 1696      6720696E 
 1696      7400
 1697              	.LASF30:
 1698 025d 4E656564 		.ascii	"NeedToImplementMessage\000"
 1698      546F496D 
 1698      706C656D 
 1698      656E744D 
 1698      65737361 
 1699              	.LASF13:
 1700 0274 63686172 		.ascii	"char\000"
 1700      00
 1701              	.LASF23:
 1702 0279 696E6465 		.ascii	"index\000"
 1702      7800
 1703              	.LASF2:
 1704 027f 73686F72 		.ascii	"short int\000"
 1704      7420696E 
 1704      7400
 1705              	.LASF21:
 1706 0289 62756666 		.ascii	"buffer\000"
 1706      657200
 1707              	.LASF6:
 1708 0290 6C6F6E67 		.ascii	"long int\000"
 1708      20696E74 
 1708      00
 1709              	.LASF37:
 1710 0299 55415254 		.ascii	"UART_SpiUartClearRxBuffer\000"
 1710      5F537069 
 1710      55617274 
 1710      436C6561 
 1710      72527842 
 1711              	.LASF28:
 1712 02b3 5365744D 		.ascii	"SetMotorPWM\000"
 1712      6F746F72 
 1712      50574D00 
 1713              	.LASF0:
 1714 02bf 7369676E 		.ascii	"signed char\000"
 1714      65642063 
 1714      68617200 
 1715              	.LASF22:
 1716 02cb 73697A65 		.ascii	"size\000"
 1716      00
 1717              	.LASF35:
 1718 02d0 73707269 		.ascii	"sprintf\000"
 1718      6E746600 
 1719              		.ident	"GCC: (GNU Tools for ARM Embedded Processors) 5.4.1 20160609 (release) [ARM/embedded-5-bran
