ARM GAS  C:\Users\mewin\AppData\Local\Temp\ccvujhoe.s 			page 1


   1              		.syntax unified
   2              		.cpu cortex-m0
   3              		.fpu softvfp
   4              		.eabi_attribute 20, 1
   5              		.eabi_attribute 21, 1
   6              		.eabi_attribute 23, 3
   7              		.eabi_attribute 24, 1
   8              		.eabi_attribute 25, 1
   9              		.eabi_attribute 26, 1
  10              		.eabi_attribute 30, 1
  11              		.eabi_attribute 34, 0
  12              		.eabi_attribute 18, 4
  13              		.thumb
  14              		.syntax unified
  15              		.file	"UART_SPI_UART.c"
  16              		.text
  17              	.Ltext0:
  18              		.cfi_sections	.debug_frame
  19              		.section	.text.UART_SpiUartReadRxData,"ax",%progbits
  20              		.align	2
  21              		.global	UART_SpiUartReadRxData
  22              		.code	16
  23              		.thumb_func
  24              		.type	UART_SpiUartReadRxData, %function
  25              	UART_SpiUartReadRxData:
  26              	.LFB1:
  27              		.file 1 "Generated_Source\\PSoC4\\UART_SPI_UART.c"
   1:Generated_Source\PSoC4/UART_SPI_UART.c **** /***************************************************************************//**
   2:Generated_Source\PSoC4/UART_SPI_UART.c **** * \file UART_SPI_UART.c
   3:Generated_Source\PSoC4/UART_SPI_UART.c **** * \version 4.0
   4:Generated_Source\PSoC4/UART_SPI_UART.c **** *
   5:Generated_Source\PSoC4/UART_SPI_UART.c **** * \brief
   6:Generated_Source\PSoC4/UART_SPI_UART.c **** *  This file provides the source code to the API for the SCB Component in
   7:Generated_Source\PSoC4/UART_SPI_UART.c **** *  SPI and UART modes.
   8:Generated_Source\PSoC4/UART_SPI_UART.c **** *
   9:Generated_Source\PSoC4/UART_SPI_UART.c **** * Note:
  10:Generated_Source\PSoC4/UART_SPI_UART.c **** *
  11:Generated_Source\PSoC4/UART_SPI_UART.c **** *******************************************************************************
  12:Generated_Source\PSoC4/UART_SPI_UART.c **** * \copyright
  13:Generated_Source\PSoC4/UART_SPI_UART.c **** * Copyright 2013-2017, Cypress Semiconductor Corporation.  All rights reserved.
  14:Generated_Source\PSoC4/UART_SPI_UART.c **** * You may use this file only in accordance with the license, terms, conditions,
  15:Generated_Source\PSoC4/UART_SPI_UART.c **** * disclaimers, and limitations in the end user license agreement accompanying
  16:Generated_Source\PSoC4/UART_SPI_UART.c **** * the software package with which this file was provided.
  17:Generated_Source\PSoC4/UART_SPI_UART.c **** *******************************************************************************/
  18:Generated_Source\PSoC4/UART_SPI_UART.c **** 
  19:Generated_Source\PSoC4/UART_SPI_UART.c **** #include "UART_PVT.h"
  20:Generated_Source\PSoC4/UART_SPI_UART.c **** #include "UART_SPI_UART_PVT.h"
  21:Generated_Source\PSoC4/UART_SPI_UART.c **** 
  22:Generated_Source\PSoC4/UART_SPI_UART.c **** /***************************************
  23:Generated_Source\PSoC4/UART_SPI_UART.c **** *        SPI/UART Private Vars
  24:Generated_Source\PSoC4/UART_SPI_UART.c **** ***************************************/
  25:Generated_Source\PSoC4/UART_SPI_UART.c **** 
  26:Generated_Source\PSoC4/UART_SPI_UART.c **** #if(UART_INTERNAL_RX_SW_BUFFER_CONST)
  27:Generated_Source\PSoC4/UART_SPI_UART.c ****     /* Start index to put data into the software receive buffer.*/
  28:Generated_Source\PSoC4/UART_SPI_UART.c ****     volatile uint32 UART_rxBufferHead;
  29:Generated_Source\PSoC4/UART_SPI_UART.c ****     /* Start index to get data from the software receive buffer.*/
  30:Generated_Source\PSoC4/UART_SPI_UART.c ****     volatile uint32 UART_rxBufferTail;
ARM GAS  C:\Users\mewin\AppData\Local\Temp\ccvujhoe.s 			page 2


  31:Generated_Source\PSoC4/UART_SPI_UART.c ****     /**
  32:Generated_Source\PSoC4/UART_SPI_UART.c ****     * \addtogroup group_globals
  33:Generated_Source\PSoC4/UART_SPI_UART.c ****     * \{
  34:Generated_Source\PSoC4/UART_SPI_UART.c ****     */
  35:Generated_Source\PSoC4/UART_SPI_UART.c ****     /** Sets when internal software receive buffer overflow
  36:Generated_Source\PSoC4/UART_SPI_UART.c ****     *  was occurred.
  37:Generated_Source\PSoC4/UART_SPI_UART.c ****     */
  38:Generated_Source\PSoC4/UART_SPI_UART.c ****     volatile uint8  UART_rxBufferOverflow;
  39:Generated_Source\PSoC4/UART_SPI_UART.c ****     /** \} globals */
  40:Generated_Source\PSoC4/UART_SPI_UART.c **** #endif /* (UART_INTERNAL_RX_SW_BUFFER_CONST) */
  41:Generated_Source\PSoC4/UART_SPI_UART.c **** 
  42:Generated_Source\PSoC4/UART_SPI_UART.c **** #if(UART_INTERNAL_TX_SW_BUFFER_CONST)
  43:Generated_Source\PSoC4/UART_SPI_UART.c ****     /* Start index to put data into the software transmit buffer.*/
  44:Generated_Source\PSoC4/UART_SPI_UART.c ****     volatile uint32 UART_txBufferHead;
  45:Generated_Source\PSoC4/UART_SPI_UART.c ****     /* Start index to get data from the software transmit buffer.*/
  46:Generated_Source\PSoC4/UART_SPI_UART.c ****     volatile uint32 UART_txBufferTail;
  47:Generated_Source\PSoC4/UART_SPI_UART.c **** #endif /* (UART_INTERNAL_TX_SW_BUFFER_CONST) */
  48:Generated_Source\PSoC4/UART_SPI_UART.c **** 
  49:Generated_Source\PSoC4/UART_SPI_UART.c **** #if(UART_INTERNAL_RX_SW_BUFFER)
  50:Generated_Source\PSoC4/UART_SPI_UART.c ****     /* Add one element to the buffer to receive full packet. One byte in receive buffer is always e
  51:Generated_Source\PSoC4/UART_SPI_UART.c ****     volatile uint8 UART_rxBufferInternal[UART_INTERNAL_RX_BUFFER_SIZE];
  52:Generated_Source\PSoC4/UART_SPI_UART.c **** #endif /* (UART_INTERNAL_RX_SW_BUFFER) */
  53:Generated_Source\PSoC4/UART_SPI_UART.c **** 
  54:Generated_Source\PSoC4/UART_SPI_UART.c **** #if(UART_INTERNAL_TX_SW_BUFFER)
  55:Generated_Source\PSoC4/UART_SPI_UART.c ****     volatile uint8 UART_txBufferInternal[UART_TX_BUFFER_SIZE];
  56:Generated_Source\PSoC4/UART_SPI_UART.c **** #endif /* (UART_INTERNAL_TX_SW_BUFFER) */
  57:Generated_Source\PSoC4/UART_SPI_UART.c **** 
  58:Generated_Source\PSoC4/UART_SPI_UART.c **** 
  59:Generated_Source\PSoC4/UART_SPI_UART.c **** #if(UART_RX_DIRECTION)
  60:Generated_Source\PSoC4/UART_SPI_UART.c ****     /*******************************************************************************
  61:Generated_Source\PSoC4/UART_SPI_UART.c ****     * Function Name: UART_SpiUartReadRxData
  62:Generated_Source\PSoC4/UART_SPI_UART.c ****     ****************************************************************************//**
  63:Generated_Source\PSoC4/UART_SPI_UART.c ****     *
  64:Generated_Source\PSoC4/UART_SPI_UART.c ****     *  Retrieves the next data element from the receive buffer.
  65:Generated_Source\PSoC4/UART_SPI_UART.c ****     *   - RX software buffer is disabled: Returns data element retrieved from
  66:Generated_Source\PSoC4/UART_SPI_UART.c ****     *     RX FIFO. Undefined data will be returned if the RX FIFO is empty.
  67:Generated_Source\PSoC4/UART_SPI_UART.c ****     *   - RX software buffer is enabled: Returns data element from the software
  68:Generated_Source\PSoC4/UART_SPI_UART.c ****     *     receive buffer. Zero value is returned if the software receive buffer
  69:Generated_Source\PSoC4/UART_SPI_UART.c ****     *     is empty.
  70:Generated_Source\PSoC4/UART_SPI_UART.c ****     *
  71:Generated_Source\PSoC4/UART_SPI_UART.c ****     * \return
  72:Generated_Source\PSoC4/UART_SPI_UART.c ****     *  Next data element from the receive buffer. 
  73:Generated_Source\PSoC4/UART_SPI_UART.c ****     *  The amount of data bits to be received depends on RX data bits selection 
  74:Generated_Source\PSoC4/UART_SPI_UART.c ****     *  (the data bit counting starts from LSB of return value).
  75:Generated_Source\PSoC4/UART_SPI_UART.c ****     *
  76:Generated_Source\PSoC4/UART_SPI_UART.c ****     * \globalvars
  77:Generated_Source\PSoC4/UART_SPI_UART.c ****     *  UART_rxBufferHead - the start index to put data into the 
  78:Generated_Source\PSoC4/UART_SPI_UART.c ****     *  software receive buffer.
  79:Generated_Source\PSoC4/UART_SPI_UART.c ****     *  UART_rxBufferTail - the start index to get data from the 
  80:Generated_Source\PSoC4/UART_SPI_UART.c ****     *  software receive buffer.
  81:Generated_Source\PSoC4/UART_SPI_UART.c ****     *
  82:Generated_Source\PSoC4/UART_SPI_UART.c ****     *******************************************************************************/
  83:Generated_Source\PSoC4/UART_SPI_UART.c ****     uint32 UART_SpiUartReadRxData(void)
  84:Generated_Source\PSoC4/UART_SPI_UART.c ****     {
  28              		.loc 1 84 0
  29              		.cfi_startproc
  30              		@ args = 0, pretend = 0, frame = 0
ARM GAS  C:\Users\mewin\AppData\Local\Temp\ccvujhoe.s 			page 3


  31              		@ frame_needed = 0, uses_anonymous_args = 0
  32              		@ link register save eliminated.
  33              	.LVL0:
  85:Generated_Source\PSoC4/UART_SPI_UART.c ****         uint32 rxData = 0u;
  86:Generated_Source\PSoC4/UART_SPI_UART.c **** 
  87:Generated_Source\PSoC4/UART_SPI_UART.c ****     #if (UART_INTERNAL_RX_SW_BUFFER_CONST)
  88:Generated_Source\PSoC4/UART_SPI_UART.c ****         uint32 locTail;
  89:Generated_Source\PSoC4/UART_SPI_UART.c ****     #endif /* (UART_INTERNAL_RX_SW_BUFFER_CONST) */
  90:Generated_Source\PSoC4/UART_SPI_UART.c **** 
  91:Generated_Source\PSoC4/UART_SPI_UART.c ****         #if (UART_CHECK_RX_SW_BUFFER)
  92:Generated_Source\PSoC4/UART_SPI_UART.c ****         {
  93:Generated_Source\PSoC4/UART_SPI_UART.c ****             if (UART_rxBufferHead != UART_rxBufferTail)
  34              		.loc 1 93 0
  35 0000 094B     		ldr	r3, .L6
  36 0002 1A68     		ldr	r2, [r3]
  37 0004 094B     		ldr	r3, .L6+4
  38 0006 1B68     		ldr	r3, [r3]
  39 0008 9A42     		cmp	r2, r3
  40 000a 0BD0     		beq	.L4
  94:Generated_Source\PSoC4/UART_SPI_UART.c ****             {
  95:Generated_Source\PSoC4/UART_SPI_UART.c ****                 /* There is data in RX software buffer */
  96:Generated_Source\PSoC4/UART_SPI_UART.c **** 
  97:Generated_Source\PSoC4/UART_SPI_UART.c ****                 /* Calculate index to read from */
  98:Generated_Source\PSoC4/UART_SPI_UART.c ****                 locTail = (UART_rxBufferTail + 1u);
  41              		.loc 1 98 0
  42 000c 074B     		ldr	r3, .L6+4
  43 000e 1B68     		ldr	r3, [r3]
  44 0010 0133     		adds	r3, r3, #1
  45              	.LVL1:
  99:Generated_Source\PSoC4/UART_SPI_UART.c **** 
 100:Generated_Source\PSoC4/UART_SPI_UART.c ****                 if (UART_INTERNAL_RX_BUFFER_SIZE == locTail)
  46              		.loc 1 100 0
  47 0012 112B     		cmp	r3, #17
  48 0014 00D1     		bne	.L3
 101:Generated_Source\PSoC4/UART_SPI_UART.c ****                 {
 102:Generated_Source\PSoC4/UART_SPI_UART.c ****                     locTail = 0u;
  49              		.loc 1 102 0
  50 0016 0023     		movs	r3, #0
  51              	.LVL2:
  52              	.L3:
 103:Generated_Source\PSoC4/UART_SPI_UART.c ****                 }
 104:Generated_Source\PSoC4/UART_SPI_UART.c **** 
 105:Generated_Source\PSoC4/UART_SPI_UART.c ****                 /* Get data from RX software buffer */
 106:Generated_Source\PSoC4/UART_SPI_UART.c ****                 rxData = UART_GetWordFromRxBuffer(locTail);
  53              		.loc 1 106 0
  54 0018 054A     		ldr	r2, .L6+8
  55 001a D05C     		ldrb	r0, [r2, r3]
  56 001c C0B2     		uxtb	r0, r0
  57              	.LVL3:
 107:Generated_Source\PSoC4/UART_SPI_UART.c **** 
 108:Generated_Source\PSoC4/UART_SPI_UART.c ****                 /* Change index in the buffer */
 109:Generated_Source\PSoC4/UART_SPI_UART.c ****                 UART_rxBufferTail = locTail;
  58              		.loc 1 109 0
  59 001e 034A     		ldr	r2, .L6+4
  60 0020 1360     		str	r3, [r2]
  61 0022 00E0     		b	.L2
  62              	.LVL4:
ARM GAS  C:\Users\mewin\AppData\Local\Temp\ccvujhoe.s 			page 4


  63              	.L4:
  85:Generated_Source\PSoC4/UART_SPI_UART.c **** 
  64              		.loc 1 85 0
  65 0024 0020     		movs	r0, #0
  66              	.LVL5:
  67              	.L2:
 110:Generated_Source\PSoC4/UART_SPI_UART.c **** 
 111:Generated_Source\PSoC4/UART_SPI_UART.c ****                 #if (UART_CHECK_UART_RTS_CONTROL_FLOW)
 112:Generated_Source\PSoC4/UART_SPI_UART.c ****                 {
 113:Generated_Source\PSoC4/UART_SPI_UART.c ****                     /* Check if RX Not Empty is disabled in the interrupt */
 114:Generated_Source\PSoC4/UART_SPI_UART.c ****                     if (0u == (UART_INTR_RX_MASK_REG & UART_INTR_RX_NOT_EMPTY))
 115:Generated_Source\PSoC4/UART_SPI_UART.c ****                     {
 116:Generated_Source\PSoC4/UART_SPI_UART.c ****                         /* Enable RX Not Empty interrupt source to continue
 117:Generated_Source\PSoC4/UART_SPI_UART.c ****                         * receiving data into software buffer.
 118:Generated_Source\PSoC4/UART_SPI_UART.c ****                         */
 119:Generated_Source\PSoC4/UART_SPI_UART.c ****                         UART_INTR_RX_MASK_REG |= UART_INTR_RX_NOT_EMPTY;
 120:Generated_Source\PSoC4/UART_SPI_UART.c ****                     }
 121:Generated_Source\PSoC4/UART_SPI_UART.c ****                 }
 122:Generated_Source\PSoC4/UART_SPI_UART.c ****                 #endif
 123:Generated_Source\PSoC4/UART_SPI_UART.c **** 
 124:Generated_Source\PSoC4/UART_SPI_UART.c ****             }
 125:Generated_Source\PSoC4/UART_SPI_UART.c ****         }
 126:Generated_Source\PSoC4/UART_SPI_UART.c ****         #else
 127:Generated_Source\PSoC4/UART_SPI_UART.c ****         {
 128:Generated_Source\PSoC4/UART_SPI_UART.c ****             /* Read data from RX FIFO */
 129:Generated_Source\PSoC4/UART_SPI_UART.c ****             rxData = UART_RX_FIFO_RD_REG;
 130:Generated_Source\PSoC4/UART_SPI_UART.c ****         }
 131:Generated_Source\PSoC4/UART_SPI_UART.c ****         #endif
 132:Generated_Source\PSoC4/UART_SPI_UART.c **** 
 133:Generated_Source\PSoC4/UART_SPI_UART.c ****         return (rxData);
 134:Generated_Source\PSoC4/UART_SPI_UART.c ****     }
  68              		.loc 1 134 0
  69              		@ sp needed
  70 0026 7047     		bx	lr
  71              	.L7:
  72              		.align	2
  73              	.L6:
  74 0028 00000000 		.word	UART_rxBufferHead
  75 002c 00000000 		.word	UART_rxBufferTail
  76 0030 00000000 		.word	UART_rxBufferInternal
  77              		.cfi_endproc
  78              	.LFE1:
  79              		.size	UART_SpiUartReadRxData, .-UART_SpiUartReadRxData
  80              		.section	.text.UART_SpiUartGetRxBufferSize,"ax",%progbits
  81              		.align	2
  82              		.global	UART_SpiUartGetRxBufferSize
  83              		.code	16
  84              		.thumb_func
  85              		.type	UART_SpiUartGetRxBufferSize, %function
  86              	UART_SpiUartGetRxBufferSize:
  87              	.LFB2:
 135:Generated_Source\PSoC4/UART_SPI_UART.c **** 
 136:Generated_Source\PSoC4/UART_SPI_UART.c **** 
 137:Generated_Source\PSoC4/UART_SPI_UART.c ****     /*******************************************************************************
 138:Generated_Source\PSoC4/UART_SPI_UART.c ****     * Function Name: UART_SpiUartGetRxBufferSize
 139:Generated_Source\PSoC4/UART_SPI_UART.c ****     ****************************************************************************//**
 140:Generated_Source\PSoC4/UART_SPI_UART.c ****     *
ARM GAS  C:\Users\mewin\AppData\Local\Temp\ccvujhoe.s 			page 5


 141:Generated_Source\PSoC4/UART_SPI_UART.c ****     *  Returns the number of received data elements in the receive buffer.
 142:Generated_Source\PSoC4/UART_SPI_UART.c ****     *   - RX software buffer disabled: returns the number of used entries in
 143:Generated_Source\PSoC4/UART_SPI_UART.c ****     *     RX FIFO.
 144:Generated_Source\PSoC4/UART_SPI_UART.c ****     *   - RX software buffer enabled: returns the number of elements which were
 145:Generated_Source\PSoC4/UART_SPI_UART.c ****     *     placed in the receive buffer. This does not include the hardware RX FIFO.
 146:Generated_Source\PSoC4/UART_SPI_UART.c ****     *
 147:Generated_Source\PSoC4/UART_SPI_UART.c ****     * \return
 148:Generated_Source\PSoC4/UART_SPI_UART.c ****     *  Number of received data elements.
 149:Generated_Source\PSoC4/UART_SPI_UART.c ****     *
 150:Generated_Source\PSoC4/UART_SPI_UART.c ****     * \globalvars
 151:Generated_Source\PSoC4/UART_SPI_UART.c ****     *  UART_rxBufferHead - the start index to put data into the 
 152:Generated_Source\PSoC4/UART_SPI_UART.c ****     *  software receive buffer.
 153:Generated_Source\PSoC4/UART_SPI_UART.c ****     *  UART_rxBufferTail - the start index to get data from the 
 154:Generated_Source\PSoC4/UART_SPI_UART.c ****     *  software receive buffer.
 155:Generated_Source\PSoC4/UART_SPI_UART.c ****     *
 156:Generated_Source\PSoC4/UART_SPI_UART.c ****     *******************************************************************************/
 157:Generated_Source\PSoC4/UART_SPI_UART.c ****     uint32 UART_SpiUartGetRxBufferSize(void)
 158:Generated_Source\PSoC4/UART_SPI_UART.c ****     {
  88              		.loc 1 158 0
  89              		.cfi_startproc
  90              		@ args = 0, pretend = 0, frame = 0
  91              		@ frame_needed = 0, uses_anonymous_args = 0
  92              		@ link register save eliminated.
 159:Generated_Source\PSoC4/UART_SPI_UART.c ****         uint32 size;
 160:Generated_Source\PSoC4/UART_SPI_UART.c ****     #if (UART_INTERNAL_RX_SW_BUFFER_CONST)
 161:Generated_Source\PSoC4/UART_SPI_UART.c ****         uint32 locHead;
 162:Generated_Source\PSoC4/UART_SPI_UART.c ****     #endif /* (UART_INTERNAL_RX_SW_BUFFER_CONST) */
 163:Generated_Source\PSoC4/UART_SPI_UART.c **** 
 164:Generated_Source\PSoC4/UART_SPI_UART.c ****         #if (UART_CHECK_RX_SW_BUFFER)
 165:Generated_Source\PSoC4/UART_SPI_UART.c ****         {
 166:Generated_Source\PSoC4/UART_SPI_UART.c ****             locHead = UART_rxBufferHead;
  93              		.loc 1 166 0
  94 0000 074B     		ldr	r3, .L11
  95 0002 1B68     		ldr	r3, [r3]
  96              	.LVL6:
 167:Generated_Source\PSoC4/UART_SPI_UART.c **** 
 168:Generated_Source\PSoC4/UART_SPI_UART.c ****             if(locHead >= UART_rxBufferTail)
  97              		.loc 1 168 0
  98 0004 074A     		ldr	r2, .L11+4
  99 0006 1268     		ldr	r2, [r2]
 100 0008 9342     		cmp	r3, r2
 101 000a 03D3     		bcc	.L9
 169:Generated_Source\PSoC4/UART_SPI_UART.c ****             {
 170:Generated_Source\PSoC4/UART_SPI_UART.c ****                 size = (locHead - UART_rxBufferTail);
 102              		.loc 1 170 0
 103 000c 054A     		ldr	r2, .L11+4
 104 000e 1068     		ldr	r0, [r2]
 105 0010 181A     		subs	r0, r3, r0
 106              	.LVL7:
 107 0012 04E0     		b	.L10
 108              	.LVL8:
 109              	.L9:
 171:Generated_Source\PSoC4/UART_SPI_UART.c ****             }
 172:Generated_Source\PSoC4/UART_SPI_UART.c ****             else
 173:Generated_Source\PSoC4/UART_SPI_UART.c ****             {
 174:Generated_Source\PSoC4/UART_SPI_UART.c ****                 size = (locHead + (UART_INTERNAL_RX_BUFFER_SIZE - UART_rxBufferTail));
 110              		.loc 1 174 0
ARM GAS  C:\Users\mewin\AppData\Local\Temp\ccvujhoe.s 			page 6


 111 0014 034A     		ldr	r2, .L11+4
 112 0016 1068     		ldr	r0, [r2]
 113 0018 1B1A     		subs	r3, r3, r0
 114              	.LVL9:
 115 001a 1133     		adds	r3, r3, #17
 116 001c 1800     		movs	r0, r3
 117              	.LVL10:
 118              	.L10:
 175:Generated_Source\PSoC4/UART_SPI_UART.c ****             }
 176:Generated_Source\PSoC4/UART_SPI_UART.c ****         }
 177:Generated_Source\PSoC4/UART_SPI_UART.c ****         #else
 178:Generated_Source\PSoC4/UART_SPI_UART.c ****         {
 179:Generated_Source\PSoC4/UART_SPI_UART.c ****             size = UART_GET_RX_FIFO_ENTRIES;
 180:Generated_Source\PSoC4/UART_SPI_UART.c ****         }
 181:Generated_Source\PSoC4/UART_SPI_UART.c ****         #endif
 182:Generated_Source\PSoC4/UART_SPI_UART.c **** 
 183:Generated_Source\PSoC4/UART_SPI_UART.c ****         return (size);
 184:Generated_Source\PSoC4/UART_SPI_UART.c ****     }
 119              		.loc 1 184 0
 120              		@ sp needed
 121 001e 7047     		bx	lr
 122              	.L12:
 123              		.align	2
 124              	.L11:
 125 0020 00000000 		.word	UART_rxBufferHead
 126 0024 00000000 		.word	UART_rxBufferTail
 127              		.cfi_endproc
 128              	.LFE2:
 129              		.size	UART_SpiUartGetRxBufferSize, .-UART_SpiUartGetRxBufferSize
 130              		.section	.text.UART_SpiUartClearRxBuffer,"ax",%progbits
 131              		.align	2
 132              		.global	UART_SpiUartClearRxBuffer
 133              		.code	16
 134              		.thumb_func
 135              		.type	UART_SpiUartClearRxBuffer, %function
 136              	UART_SpiUartClearRxBuffer:
 137              	.LFB3:
 185:Generated_Source\PSoC4/UART_SPI_UART.c **** 
 186:Generated_Source\PSoC4/UART_SPI_UART.c **** 
 187:Generated_Source\PSoC4/UART_SPI_UART.c ****     /*******************************************************************************
 188:Generated_Source\PSoC4/UART_SPI_UART.c ****     * Function Name: UART_SpiUartClearRxBuffer
 189:Generated_Source\PSoC4/UART_SPI_UART.c ****     ****************************************************************************//**
 190:Generated_Source\PSoC4/UART_SPI_UART.c ****     *
 191:Generated_Source\PSoC4/UART_SPI_UART.c ****     *  Clears the receive buffer and RX FIFO.
 192:Generated_Source\PSoC4/UART_SPI_UART.c ****     *
 193:Generated_Source\PSoC4/UART_SPI_UART.c ****     * \globalvars
 194:Generated_Source\PSoC4/UART_SPI_UART.c ****     *  UART_rxBufferHead - the start index to put data into the 
 195:Generated_Source\PSoC4/UART_SPI_UART.c ****     *  software receive buffer.
 196:Generated_Source\PSoC4/UART_SPI_UART.c ****     *  UART_rxBufferTail - the start index to get data from the 
 197:Generated_Source\PSoC4/UART_SPI_UART.c ****     *  software receive buffer.
 198:Generated_Source\PSoC4/UART_SPI_UART.c ****     *
 199:Generated_Source\PSoC4/UART_SPI_UART.c ****     *******************************************************************************/
 200:Generated_Source\PSoC4/UART_SPI_UART.c ****     void UART_SpiUartClearRxBuffer(void)
 201:Generated_Source\PSoC4/UART_SPI_UART.c ****     {
 138              		.loc 1 201 0
 139              		.cfi_startproc
 140              		@ args = 0, pretend = 0, frame = 0
ARM GAS  C:\Users\mewin\AppData\Local\Temp\ccvujhoe.s 			page 7


 141              		@ frame_needed = 0, uses_anonymous_args = 0
 142 0000 10B5     		push	{r4, lr}
 143              		.cfi_def_cfa_offset 8
 144              		.cfi_offset 4, -8
 145              		.cfi_offset 14, -4
 202:Generated_Source\PSoC4/UART_SPI_UART.c ****         #if (UART_CHECK_RX_SW_BUFFER)
 203:Generated_Source\PSoC4/UART_SPI_UART.c ****         {
 204:Generated_Source\PSoC4/UART_SPI_UART.c ****             /* Lock from component interruption */
 205:Generated_Source\PSoC4/UART_SPI_UART.c ****             UART_DisableInt();
 146              		.loc 1 205 0
 147 0002 0A20     		movs	r0, #10
 148 0004 FFF7FEFF 		bl	CyIntDisable
 149              	.LVL11:
 206:Generated_Source\PSoC4/UART_SPI_UART.c **** 
 207:Generated_Source\PSoC4/UART_SPI_UART.c ****             /* Flush RX software buffer */
 208:Generated_Source\PSoC4/UART_SPI_UART.c ****             UART_rxBufferHead = UART_rxBufferTail;
 150              		.loc 1 208 0
 151 0008 0B4B     		ldr	r3, .L14
 152 000a 1A68     		ldr	r2, [r3]
 153 000c 0B4B     		ldr	r3, .L14+4
 154 000e 1A60     		str	r2, [r3]
 209:Generated_Source\PSoC4/UART_SPI_UART.c ****             UART_rxBufferOverflow = 0u;
 155              		.loc 1 209 0
 156 0010 0022     		movs	r2, #0
 157 0012 0B4B     		ldr	r3, .L14+8
 158 0014 1A70     		strb	r2, [r3]
 210:Generated_Source\PSoC4/UART_SPI_UART.c **** 
 211:Generated_Source\PSoC4/UART_SPI_UART.c ****             UART_CLEAR_RX_FIFO;
 159              		.loc 1 211 0
 160 0016 0B4B     		ldr	r3, .L14+12
 161 0018 1A68     		ldr	r2, [r3]
 162 001a 8021     		movs	r1, #128
 163 001c 4902     		lsls	r1, r1, #9
 164 001e 0A43     		orrs	r2, r1
 165 0020 1A60     		str	r2, [r3]
 166 0022 1968     		ldr	r1, [r3]
 167 0024 084A     		ldr	r2, .L14+16
 168 0026 0A40     		ands	r2, r1
 169 0028 1A60     		str	r2, [r3]
 212:Generated_Source\PSoC4/UART_SPI_UART.c ****             UART_ClearRxInterruptSource(UART_INTR_RX_ALL);
 170              		.loc 1 212 0
 171 002a 084A     		ldr	r2, .L14+20
 172 002c 084B     		ldr	r3, .L14+24
 173 002e 1A60     		str	r2, [r3]
 213:Generated_Source\PSoC4/UART_SPI_UART.c **** 
 214:Generated_Source\PSoC4/UART_SPI_UART.c ****             #if (UART_CHECK_UART_RTS_CONTROL_FLOW)
 215:Generated_Source\PSoC4/UART_SPI_UART.c ****             {
 216:Generated_Source\PSoC4/UART_SPI_UART.c ****                 /* Enable RX Not Empty interrupt source to continue receiving
 217:Generated_Source\PSoC4/UART_SPI_UART.c ****                 * data into software buffer.
 218:Generated_Source\PSoC4/UART_SPI_UART.c ****                 */
 219:Generated_Source\PSoC4/UART_SPI_UART.c ****                 UART_INTR_RX_MASK_REG |= UART_INTR_RX_NOT_EMPTY;
 220:Generated_Source\PSoC4/UART_SPI_UART.c ****             }
 221:Generated_Source\PSoC4/UART_SPI_UART.c ****             #endif
 222:Generated_Source\PSoC4/UART_SPI_UART.c ****             
 223:Generated_Source\PSoC4/UART_SPI_UART.c ****             /* Release lock */
 224:Generated_Source\PSoC4/UART_SPI_UART.c ****             UART_EnableInt();
 174              		.loc 1 224 0
ARM GAS  C:\Users\mewin\AppData\Local\Temp\ccvujhoe.s 			page 8


 175 0030 0A20     		movs	r0, #10
 176 0032 FFF7FEFF 		bl	CyIntEnable
 177              	.LVL12:
 225:Generated_Source\PSoC4/UART_SPI_UART.c ****         }
 226:Generated_Source\PSoC4/UART_SPI_UART.c ****         #else
 227:Generated_Source\PSoC4/UART_SPI_UART.c ****         {
 228:Generated_Source\PSoC4/UART_SPI_UART.c ****             UART_CLEAR_RX_FIFO;
 229:Generated_Source\PSoC4/UART_SPI_UART.c ****         }
 230:Generated_Source\PSoC4/UART_SPI_UART.c ****         #endif
 231:Generated_Source\PSoC4/UART_SPI_UART.c ****     }
 178              		.loc 1 231 0
 179              		@ sp needed
 180 0036 10BD     		pop	{r4, pc}
 181              	.L15:
 182              		.align	2
 183              	.L14:
 184 0038 00000000 		.word	UART_rxBufferTail
 185 003c 00000000 		.word	UART_rxBufferHead
 186 0040 00000000 		.word	UART_rxBufferOverflow
 187 0044 04032540 		.word	1076167428
 188 0048 FFFFFEFF 		.word	-65537
 189 004c ED0F0000 		.word	4077
 190 0050 C00F2540 		.word	1076170688
 191              		.cfi_endproc
 192              	.LFE3:
 193              		.size	UART_SpiUartClearRxBuffer, .-UART_SpiUartClearRxBuffer
 194              		.section	.text.UART_SpiUartWriteTxData,"ax",%progbits
 195              		.align	2
 196              		.global	UART_SpiUartWriteTxData
 197              		.code	16
 198              		.thumb_func
 199              		.type	UART_SpiUartWriteTxData, %function
 200              	UART_SpiUartWriteTxData:
 201              	.LFB4:
 232:Generated_Source\PSoC4/UART_SPI_UART.c **** 
 233:Generated_Source\PSoC4/UART_SPI_UART.c **** #endif /* (UART_RX_DIRECTION) */
 234:Generated_Source\PSoC4/UART_SPI_UART.c **** 
 235:Generated_Source\PSoC4/UART_SPI_UART.c **** 
 236:Generated_Source\PSoC4/UART_SPI_UART.c **** #if(UART_TX_DIRECTION)
 237:Generated_Source\PSoC4/UART_SPI_UART.c ****     /*******************************************************************************
 238:Generated_Source\PSoC4/UART_SPI_UART.c ****     * Function Name: UART_SpiUartWriteTxData
 239:Generated_Source\PSoC4/UART_SPI_UART.c ****     ****************************************************************************//**
 240:Generated_Source\PSoC4/UART_SPI_UART.c ****     *
 241:Generated_Source\PSoC4/UART_SPI_UART.c ****     *  Places a data entry into the transmit buffer to be sent at the next available
 242:Generated_Source\PSoC4/UART_SPI_UART.c ****     *  bus time.
 243:Generated_Source\PSoC4/UART_SPI_UART.c ****     *  This function is blocking and waits until there is space available to put the
 244:Generated_Source\PSoC4/UART_SPI_UART.c ****     *  requested data in the transmit buffer.
 245:Generated_Source\PSoC4/UART_SPI_UART.c ****     *
 246:Generated_Source\PSoC4/UART_SPI_UART.c ****     *  \param txDataByte: the data to be transmitted.
 247:Generated_Source\PSoC4/UART_SPI_UART.c ****     *   The amount of data bits to be transmitted depends on TX data bits selection 
 248:Generated_Source\PSoC4/UART_SPI_UART.c ****     *   (the data bit counting starts from LSB of txDataByte).
 249:Generated_Source\PSoC4/UART_SPI_UART.c ****     *
 250:Generated_Source\PSoC4/UART_SPI_UART.c ****     * \globalvars
 251:Generated_Source\PSoC4/UART_SPI_UART.c ****     *  UART_txBufferHead - the start index to put data into the 
 252:Generated_Source\PSoC4/UART_SPI_UART.c ****     *  software transmit buffer.
 253:Generated_Source\PSoC4/UART_SPI_UART.c ****     *  UART_txBufferTail - start index to get data from the software
 254:Generated_Source\PSoC4/UART_SPI_UART.c ****     *  transmit buffer.
ARM GAS  C:\Users\mewin\AppData\Local\Temp\ccvujhoe.s 			page 9


 255:Generated_Source\PSoC4/UART_SPI_UART.c ****     *
 256:Generated_Source\PSoC4/UART_SPI_UART.c ****     *******************************************************************************/
 257:Generated_Source\PSoC4/UART_SPI_UART.c ****     void UART_SpiUartWriteTxData(uint32 txData)
 258:Generated_Source\PSoC4/UART_SPI_UART.c ****     {
 202              		.loc 1 258 0
 203              		.cfi_startproc
 204              		@ args = 0, pretend = 0, frame = 0
 205              		@ frame_needed = 0, uses_anonymous_args = 0
 206              		@ link register save eliminated.
 207              	.LVL13:
 208              	.L17:
 259:Generated_Source\PSoC4/UART_SPI_UART.c ****     #if (UART_INTERNAL_TX_SW_BUFFER_CONST)
 260:Generated_Source\PSoC4/UART_SPI_UART.c ****         uint32 locHead;
 261:Generated_Source\PSoC4/UART_SPI_UART.c ****     #endif /* (UART_INTERNAL_TX_SW_BUFFER_CONST) */
 262:Generated_Source\PSoC4/UART_SPI_UART.c **** 
 263:Generated_Source\PSoC4/UART_SPI_UART.c ****         #if (UART_CHECK_TX_SW_BUFFER)
 264:Generated_Source\PSoC4/UART_SPI_UART.c ****         {
 265:Generated_Source\PSoC4/UART_SPI_UART.c ****             /* Put data directly into the TX FIFO */
 266:Generated_Source\PSoC4/UART_SPI_UART.c ****             if ((UART_txBufferHead == UART_txBufferTail) &&
 267:Generated_Source\PSoC4/UART_SPI_UART.c ****                 (UART_SPI_UART_FIFO_SIZE != UART_GET_TX_FIFO_ENTRIES))
 268:Generated_Source\PSoC4/UART_SPI_UART.c ****             {
 269:Generated_Source\PSoC4/UART_SPI_UART.c ****                 /* TX software buffer is empty: put data directly in TX FIFO */
 270:Generated_Source\PSoC4/UART_SPI_UART.c ****                 UART_TX_FIFO_WR_REG = txData;
 271:Generated_Source\PSoC4/UART_SPI_UART.c ****             }
 272:Generated_Source\PSoC4/UART_SPI_UART.c ****             /* Put data into TX software buffer */
 273:Generated_Source\PSoC4/UART_SPI_UART.c ****             else
 274:Generated_Source\PSoC4/UART_SPI_UART.c ****             {
 275:Generated_Source\PSoC4/UART_SPI_UART.c ****                 /* Head index to put data */
 276:Generated_Source\PSoC4/UART_SPI_UART.c ****                 locHead = (UART_txBufferHead + 1u);
 277:Generated_Source\PSoC4/UART_SPI_UART.c **** 
 278:Generated_Source\PSoC4/UART_SPI_UART.c ****                 /* Adjust TX software buffer index */
 279:Generated_Source\PSoC4/UART_SPI_UART.c ****                 if (UART_TX_BUFFER_SIZE == locHead)
 280:Generated_Source\PSoC4/UART_SPI_UART.c ****                 {
 281:Generated_Source\PSoC4/UART_SPI_UART.c ****                     locHead = 0u;
 282:Generated_Source\PSoC4/UART_SPI_UART.c ****                 }
 283:Generated_Source\PSoC4/UART_SPI_UART.c **** 
 284:Generated_Source\PSoC4/UART_SPI_UART.c ****                 /* Wait for space in TX software buffer */
 285:Generated_Source\PSoC4/UART_SPI_UART.c ****                 while (locHead == UART_txBufferTail)
 286:Generated_Source\PSoC4/UART_SPI_UART.c ****                 {
 287:Generated_Source\PSoC4/UART_SPI_UART.c ****                 }
 288:Generated_Source\PSoC4/UART_SPI_UART.c **** 
 289:Generated_Source\PSoC4/UART_SPI_UART.c ****                 /* TX software buffer has at least one room */
 290:Generated_Source\PSoC4/UART_SPI_UART.c **** 
 291:Generated_Source\PSoC4/UART_SPI_UART.c ****                 /* Clear old status of INTR_TX_NOT_FULL. It sets at the end of transfer when TX FIF
 292:Generated_Source\PSoC4/UART_SPI_UART.c ****                 UART_ClearTxInterruptSource(UART_INTR_TX_NOT_FULL);
 293:Generated_Source\PSoC4/UART_SPI_UART.c **** 
 294:Generated_Source\PSoC4/UART_SPI_UART.c ****                 UART_PutWordInTxBuffer(locHead, txData);
 295:Generated_Source\PSoC4/UART_SPI_UART.c **** 
 296:Generated_Source\PSoC4/UART_SPI_UART.c ****                 UART_txBufferHead = locHead;
 297:Generated_Source\PSoC4/UART_SPI_UART.c **** 
 298:Generated_Source\PSoC4/UART_SPI_UART.c ****                 /* Check if TX Not Full is disabled in interrupt */
 299:Generated_Source\PSoC4/UART_SPI_UART.c ****                 if (0u == (UART_INTR_TX_MASK_REG & UART_INTR_TX_NOT_FULL))
 300:Generated_Source\PSoC4/UART_SPI_UART.c ****                 {
 301:Generated_Source\PSoC4/UART_SPI_UART.c ****                     /* Enable TX Not Full interrupt source to transmit from software buffer */
 302:Generated_Source\PSoC4/UART_SPI_UART.c ****                     UART_INTR_TX_MASK_REG |= (uint32) UART_INTR_TX_NOT_FULL;
 303:Generated_Source\PSoC4/UART_SPI_UART.c ****                 }
 304:Generated_Source\PSoC4/UART_SPI_UART.c ****             }
ARM GAS  C:\Users\mewin\AppData\Local\Temp\ccvujhoe.s 			page 10


 305:Generated_Source\PSoC4/UART_SPI_UART.c ****         }
 306:Generated_Source\PSoC4/UART_SPI_UART.c ****         #else
 307:Generated_Source\PSoC4/UART_SPI_UART.c ****         {
 308:Generated_Source\PSoC4/UART_SPI_UART.c ****             /* Wait until TX FIFO has space to put data element */
 309:Generated_Source\PSoC4/UART_SPI_UART.c ****             while (UART_SPI_UART_FIFO_SIZE == UART_GET_TX_FIFO_ENTRIES)
 209              		.loc 1 309 0 discriminator 1
 210 0000 044B     		ldr	r3, .L18
 211 0002 1B68     		ldr	r3, [r3]
 212 0004 1F22     		movs	r2, #31
 213 0006 1340     		ands	r3, r2
 214 0008 082B     		cmp	r3, #8
 215 000a F9D0     		beq	.L17
 310:Generated_Source\PSoC4/UART_SPI_UART.c ****             {
 311:Generated_Source\PSoC4/UART_SPI_UART.c ****             }
 312:Generated_Source\PSoC4/UART_SPI_UART.c **** 
 313:Generated_Source\PSoC4/UART_SPI_UART.c ****             UART_TX_FIFO_WR_REG = txData;
 216              		.loc 1 313 0
 217 000c 024B     		ldr	r3, .L18+4
 218 000e 1860     		str	r0, [r3]
 314:Generated_Source\PSoC4/UART_SPI_UART.c ****         }
 315:Generated_Source\PSoC4/UART_SPI_UART.c ****         #endif
 316:Generated_Source\PSoC4/UART_SPI_UART.c ****     }
 219              		.loc 1 316 0
 220              		@ sp needed
 221 0010 7047     		bx	lr
 222              	.L19:
 223 0012 C046     		.align	2
 224              	.L18:
 225 0014 08022540 		.word	1076167176
 226 0018 40022540 		.word	1076167232
 227              		.cfi_endproc
 228              	.LFE4:
 229              		.size	UART_SpiUartWriteTxData, .-UART_SpiUartWriteTxData
 230              		.section	.text.UART_SpiUartPutArray,"ax",%progbits
 231              		.align	2
 232              		.global	UART_SpiUartPutArray
 233              		.code	16
 234              		.thumb_func
 235              		.type	UART_SpiUartPutArray, %function
 236              	UART_SpiUartPutArray:
 237              	.LFB5:
 317:Generated_Source\PSoC4/UART_SPI_UART.c **** 
 318:Generated_Source\PSoC4/UART_SPI_UART.c **** 
 319:Generated_Source\PSoC4/UART_SPI_UART.c ****     /*******************************************************************************
 320:Generated_Source\PSoC4/UART_SPI_UART.c ****     * Function Name: UART_SpiUartPutArray
 321:Generated_Source\PSoC4/UART_SPI_UART.c ****     ****************************************************************************//**
 322:Generated_Source\PSoC4/UART_SPI_UART.c ****     *
 323:Generated_Source\PSoC4/UART_SPI_UART.c ****     *  Places an array of data into the transmit buffer to be sent.
 324:Generated_Source\PSoC4/UART_SPI_UART.c ****     *  This function is blocking and waits until there is a space available to put
 325:Generated_Source\PSoC4/UART_SPI_UART.c ****     *  all the requested data in the transmit buffer. The array size can be greater
 326:Generated_Source\PSoC4/UART_SPI_UART.c ****     *  than transmit buffer size.
 327:Generated_Source\PSoC4/UART_SPI_UART.c ****     *
 328:Generated_Source\PSoC4/UART_SPI_UART.c ****     * \param wrBuf: pointer to an array of data to be placed in transmit buffer. 
 329:Generated_Source\PSoC4/UART_SPI_UART.c ****     *  The width of the data to be transmitted depends on TX data width selection 
 330:Generated_Source\PSoC4/UART_SPI_UART.c ****     *  (the data bit counting starts from LSB for each array element).
 331:Generated_Source\PSoC4/UART_SPI_UART.c ****     * \param count: number of data elements to be placed in the transmit buffer.
 332:Generated_Source\PSoC4/UART_SPI_UART.c ****     *
ARM GAS  C:\Users\mewin\AppData\Local\Temp\ccvujhoe.s 			page 11


 333:Generated_Source\PSoC4/UART_SPI_UART.c ****     * \globalvars
 334:Generated_Source\PSoC4/UART_SPI_UART.c ****     *  UART_txBufferHead - the start index to put data into the 
 335:Generated_Source\PSoC4/UART_SPI_UART.c ****     *  software transmit buffer.
 336:Generated_Source\PSoC4/UART_SPI_UART.c ****     *  UART_txBufferTail - start index to get data from the software
 337:Generated_Source\PSoC4/UART_SPI_UART.c ****     *  transmit buffer.
 338:Generated_Source\PSoC4/UART_SPI_UART.c ****     *
 339:Generated_Source\PSoC4/UART_SPI_UART.c ****     *******************************************************************************/
 340:Generated_Source\PSoC4/UART_SPI_UART.c ****     void UART_SpiUartPutArray(const uint8 wrBuf[], uint32 count)
 341:Generated_Source\PSoC4/UART_SPI_UART.c ****     {
 238              		.loc 1 341 0
 239              		.cfi_startproc
 240              		@ args = 0, pretend = 0, frame = 0
 241              		@ frame_needed = 0, uses_anonymous_args = 0
 242              	.LVL14:
 243 0000 70B5     		push	{r4, r5, r6, lr}
 244              		.cfi_def_cfa_offset 16
 245              		.cfi_offset 4, -16
 246              		.cfi_offset 5, -12
 247              		.cfi_offset 6, -8
 248              		.cfi_offset 14, -4
 249 0002 0600     		movs	r6, r0
 250 0004 0D00     		movs	r5, r1
 251              	.LVL15:
 342:Generated_Source\PSoC4/UART_SPI_UART.c ****         uint32 i;
 343:Generated_Source\PSoC4/UART_SPI_UART.c **** 
 344:Generated_Source\PSoC4/UART_SPI_UART.c ****         for (i=0u; i < count; i++)
 252              		.loc 1 344 0
 253 0006 0024     		movs	r4, #0
 254 0008 03E0     		b	.L21
 255              	.LVL16:
 256              	.L22:
 345:Generated_Source\PSoC4/UART_SPI_UART.c ****         {
 346:Generated_Source\PSoC4/UART_SPI_UART.c ****             UART_SpiUartWriteTxData((uint32) wrBuf[i]);
 257              		.loc 1 346 0 discriminator 3
 258 000a 305D     		ldrb	r0, [r6, r4]
 259 000c FFF7FEFF 		bl	UART_SpiUartWriteTxData
 260              	.LVL17:
 344:Generated_Source\PSoC4/UART_SPI_UART.c ****         {
 261              		.loc 1 344 0 discriminator 3
 262 0010 0134     		adds	r4, r4, #1
 263              	.LVL18:
 264              	.L21:
 344:Generated_Source\PSoC4/UART_SPI_UART.c ****         {
 265              		.loc 1 344 0 is_stmt 0 discriminator 1
 266 0012 AC42     		cmp	r4, r5
 267 0014 F9D3     		bcc	.L22
 347:Generated_Source\PSoC4/UART_SPI_UART.c ****         }
 348:Generated_Source\PSoC4/UART_SPI_UART.c ****     }
 268              		.loc 1 348 0 is_stmt 1
 269              		@ sp needed
 270              	.LVL19:
 271              	.LVL20:
 272              	.LVL21:
 273 0016 70BD     		pop	{r4, r5, r6, pc}
 274              		.cfi_endproc
 275              	.LFE5:
 276              		.size	UART_SpiUartPutArray, .-UART_SpiUartPutArray
ARM GAS  C:\Users\mewin\AppData\Local\Temp\ccvujhoe.s 			page 12


 277              		.section	.text.UART_SpiUartGetTxBufferSize,"ax",%progbits
 278              		.align	2
 279              		.global	UART_SpiUartGetTxBufferSize
 280              		.code	16
 281              		.thumb_func
 282              		.type	UART_SpiUartGetTxBufferSize, %function
 283              	UART_SpiUartGetTxBufferSize:
 284              	.LFB6:
 349:Generated_Source\PSoC4/UART_SPI_UART.c **** 
 350:Generated_Source\PSoC4/UART_SPI_UART.c **** 
 351:Generated_Source\PSoC4/UART_SPI_UART.c ****     /*******************************************************************************
 352:Generated_Source\PSoC4/UART_SPI_UART.c ****     * Function Name: UART_SpiUartGetTxBufferSize
 353:Generated_Source\PSoC4/UART_SPI_UART.c ****     ****************************************************************************//**
 354:Generated_Source\PSoC4/UART_SPI_UART.c ****     *
 355:Generated_Source\PSoC4/UART_SPI_UART.c ****     *  Returns the number of elements currently in the transmit buffer.
 356:Generated_Source\PSoC4/UART_SPI_UART.c ****     *   - TX software buffer is disabled: returns the number of used entries in
 357:Generated_Source\PSoC4/UART_SPI_UART.c ****     *     TX FIFO.
 358:Generated_Source\PSoC4/UART_SPI_UART.c ****     *   - TX software buffer is enabled: returns the number of elements currently
 359:Generated_Source\PSoC4/UART_SPI_UART.c ****     *     used in the transmit buffer. This number does not include used entries in
 360:Generated_Source\PSoC4/UART_SPI_UART.c ****     *     the TX FIFO. The transmit buffer size is zero until the TX FIFO is
 361:Generated_Source\PSoC4/UART_SPI_UART.c ****     *     not full.
 362:Generated_Source\PSoC4/UART_SPI_UART.c ****     *
 363:Generated_Source\PSoC4/UART_SPI_UART.c ****     * \return
 364:Generated_Source\PSoC4/UART_SPI_UART.c ****     *  Number of data elements ready to transmit.
 365:Generated_Source\PSoC4/UART_SPI_UART.c ****     *
 366:Generated_Source\PSoC4/UART_SPI_UART.c ****     * \globalvars
 367:Generated_Source\PSoC4/UART_SPI_UART.c ****     *  UART_txBufferHead - the start index to put data into the 
 368:Generated_Source\PSoC4/UART_SPI_UART.c ****     *  software transmit buffer.
 369:Generated_Source\PSoC4/UART_SPI_UART.c ****     *  UART_txBufferTail - start index to get data from the software
 370:Generated_Source\PSoC4/UART_SPI_UART.c ****     *  transmit buffer.
 371:Generated_Source\PSoC4/UART_SPI_UART.c ****     *
 372:Generated_Source\PSoC4/UART_SPI_UART.c ****     *******************************************************************************/
 373:Generated_Source\PSoC4/UART_SPI_UART.c ****     uint32 UART_SpiUartGetTxBufferSize(void)
 374:Generated_Source\PSoC4/UART_SPI_UART.c ****     {
 285              		.loc 1 374 0
 286              		.cfi_startproc
 287              		@ args = 0, pretend = 0, frame = 0
 288              		@ frame_needed = 0, uses_anonymous_args = 0
 289              		@ link register save eliminated.
 375:Generated_Source\PSoC4/UART_SPI_UART.c ****         uint32 size;
 376:Generated_Source\PSoC4/UART_SPI_UART.c ****     #if (UART_INTERNAL_TX_SW_BUFFER_CONST)
 377:Generated_Source\PSoC4/UART_SPI_UART.c ****         uint32 locTail;
 378:Generated_Source\PSoC4/UART_SPI_UART.c ****     #endif /* (UART_INTERNAL_TX_SW_BUFFER_CONST) */
 379:Generated_Source\PSoC4/UART_SPI_UART.c **** 
 380:Generated_Source\PSoC4/UART_SPI_UART.c ****         #if (UART_CHECK_TX_SW_BUFFER)
 381:Generated_Source\PSoC4/UART_SPI_UART.c ****         {
 382:Generated_Source\PSoC4/UART_SPI_UART.c ****             /* Get current Tail index */
 383:Generated_Source\PSoC4/UART_SPI_UART.c ****             locTail = UART_txBufferTail;
 384:Generated_Source\PSoC4/UART_SPI_UART.c **** 
 385:Generated_Source\PSoC4/UART_SPI_UART.c ****             if (UART_txBufferHead >= locTail)
 386:Generated_Source\PSoC4/UART_SPI_UART.c ****             {
 387:Generated_Source\PSoC4/UART_SPI_UART.c ****                 size = (UART_txBufferHead - locTail);
 388:Generated_Source\PSoC4/UART_SPI_UART.c ****             }
 389:Generated_Source\PSoC4/UART_SPI_UART.c ****             else
 390:Generated_Source\PSoC4/UART_SPI_UART.c ****             {
 391:Generated_Source\PSoC4/UART_SPI_UART.c ****                 size = (UART_txBufferHead + (UART_TX_BUFFER_SIZE - locTail));
 392:Generated_Source\PSoC4/UART_SPI_UART.c ****             }
ARM GAS  C:\Users\mewin\AppData\Local\Temp\ccvujhoe.s 			page 13


 393:Generated_Source\PSoC4/UART_SPI_UART.c ****         }
 394:Generated_Source\PSoC4/UART_SPI_UART.c ****         #else
 395:Generated_Source\PSoC4/UART_SPI_UART.c ****         {
 396:Generated_Source\PSoC4/UART_SPI_UART.c ****             size = UART_GET_TX_FIFO_ENTRIES;
 290              		.loc 1 396 0
 291 0000 024B     		ldr	r3, .L24
 292 0002 1B68     		ldr	r3, [r3]
 293 0004 1F20     		movs	r0, #31
 294 0006 1840     		ands	r0, r3
 295              	.LVL22:
 397:Generated_Source\PSoC4/UART_SPI_UART.c ****         }
 398:Generated_Source\PSoC4/UART_SPI_UART.c ****         #endif
 399:Generated_Source\PSoC4/UART_SPI_UART.c **** 
 400:Generated_Source\PSoC4/UART_SPI_UART.c ****         return (size);
 401:Generated_Source\PSoC4/UART_SPI_UART.c ****     }
 296              		.loc 1 401 0
 297              		@ sp needed
 298 0008 7047     		bx	lr
 299              	.L25:
 300 000a C046     		.align	2
 301              	.L24:
 302 000c 08022540 		.word	1076167176
 303              		.cfi_endproc
 304              	.LFE6:
 305              		.size	UART_SpiUartGetTxBufferSize, .-UART_SpiUartGetTxBufferSize
 306              		.section	.text.UART_SpiUartClearTxBuffer,"ax",%progbits
 307              		.align	2
 308              		.global	UART_SpiUartClearTxBuffer
 309              		.code	16
 310              		.thumb_func
 311              		.type	UART_SpiUartClearTxBuffer, %function
 312              	UART_SpiUartClearTxBuffer:
 313              	.LFB7:
 402:Generated_Source\PSoC4/UART_SPI_UART.c **** 
 403:Generated_Source\PSoC4/UART_SPI_UART.c **** 
 404:Generated_Source\PSoC4/UART_SPI_UART.c ****     /*******************************************************************************
 405:Generated_Source\PSoC4/UART_SPI_UART.c ****     * Function Name: UART_SpiUartClearTxBuffer
 406:Generated_Source\PSoC4/UART_SPI_UART.c ****     ****************************************************************************//**
 407:Generated_Source\PSoC4/UART_SPI_UART.c ****     *
 408:Generated_Source\PSoC4/UART_SPI_UART.c ****     *  Clears the transmit buffer and TX FIFO.
 409:Generated_Source\PSoC4/UART_SPI_UART.c ****     *
 410:Generated_Source\PSoC4/UART_SPI_UART.c ****     * \globalvars
 411:Generated_Source\PSoC4/UART_SPI_UART.c ****     *  UART_txBufferHead - the start index to put data into the 
 412:Generated_Source\PSoC4/UART_SPI_UART.c ****     *  software transmit buffer.
 413:Generated_Source\PSoC4/UART_SPI_UART.c ****     *  UART_txBufferTail - start index to get data from the software
 414:Generated_Source\PSoC4/UART_SPI_UART.c ****     *  transmit buffer.
 415:Generated_Source\PSoC4/UART_SPI_UART.c ****     *
 416:Generated_Source\PSoC4/UART_SPI_UART.c ****     *******************************************************************************/
 417:Generated_Source\PSoC4/UART_SPI_UART.c ****     void UART_SpiUartClearTxBuffer(void)
 418:Generated_Source\PSoC4/UART_SPI_UART.c ****     {
 314              		.loc 1 418 0
 315              		.cfi_startproc
 316              		@ args = 0, pretend = 0, frame = 0
 317              		@ frame_needed = 0, uses_anonymous_args = 0
 318              		@ link register save eliminated.
 419:Generated_Source\PSoC4/UART_SPI_UART.c ****         #if (UART_CHECK_TX_SW_BUFFER)
 420:Generated_Source\PSoC4/UART_SPI_UART.c ****         {
ARM GAS  C:\Users\mewin\AppData\Local\Temp\ccvujhoe.s 			page 14


 421:Generated_Source\PSoC4/UART_SPI_UART.c ****             /* Lock from component interruption */
 422:Generated_Source\PSoC4/UART_SPI_UART.c ****             UART_DisableInt();
 423:Generated_Source\PSoC4/UART_SPI_UART.c **** 
 424:Generated_Source\PSoC4/UART_SPI_UART.c ****             /* Flush TX software buffer */
 425:Generated_Source\PSoC4/UART_SPI_UART.c ****             UART_txBufferHead = UART_txBufferTail;
 426:Generated_Source\PSoC4/UART_SPI_UART.c **** 
 427:Generated_Source\PSoC4/UART_SPI_UART.c ****             UART_INTR_TX_MASK_REG &= (uint32) ~UART_INTR_TX_NOT_FULL;
 428:Generated_Source\PSoC4/UART_SPI_UART.c ****             UART_CLEAR_TX_FIFO;
 429:Generated_Source\PSoC4/UART_SPI_UART.c ****             UART_ClearTxInterruptSource(UART_INTR_TX_ALL);
 430:Generated_Source\PSoC4/UART_SPI_UART.c **** 
 431:Generated_Source\PSoC4/UART_SPI_UART.c ****             /* Release lock */
 432:Generated_Source\PSoC4/UART_SPI_UART.c ****             UART_EnableInt();
 433:Generated_Source\PSoC4/UART_SPI_UART.c ****         }
 434:Generated_Source\PSoC4/UART_SPI_UART.c ****         #else
 435:Generated_Source\PSoC4/UART_SPI_UART.c ****         {
 436:Generated_Source\PSoC4/UART_SPI_UART.c ****             UART_CLEAR_TX_FIFO;
 319              		.loc 1 436 0
 320 0000 054B     		ldr	r3, .L27
 321 0002 1A68     		ldr	r2, [r3]
 322 0004 8021     		movs	r1, #128
 323 0006 4902     		lsls	r1, r1, #9
 324 0008 0A43     		orrs	r2, r1
 325 000a 1A60     		str	r2, [r3]
 326 000c 1968     		ldr	r1, [r3]
 327 000e 034A     		ldr	r2, .L27+4
 328 0010 0A40     		ands	r2, r1
 329 0012 1A60     		str	r2, [r3]
 437:Generated_Source\PSoC4/UART_SPI_UART.c ****         }
 438:Generated_Source\PSoC4/UART_SPI_UART.c ****         #endif
 439:Generated_Source\PSoC4/UART_SPI_UART.c ****     }
 330              		.loc 1 439 0
 331              		@ sp needed
 332 0014 7047     		bx	lr
 333              	.L28:
 334 0016 C046     		.align	2
 335              	.L27:
 336 0018 04022540 		.word	1076167172
 337 001c FFFFFEFF 		.word	-65537
 338              		.cfi_endproc
 339              	.LFE7:
 340              		.size	UART_SpiUartClearTxBuffer, .-UART_SpiUartClearTxBuffer
 341              		.section	.text.UART_SpiUartDisableIntRx,"ax",%progbits
 342              		.align	2
 343              		.global	UART_SpiUartDisableIntRx
 344              		.code	16
 345              		.thumb_func
 346              		.type	UART_SpiUartDisableIntRx, %function
 347              	UART_SpiUartDisableIntRx:
 348              	.LFB8:
 440:Generated_Source\PSoC4/UART_SPI_UART.c **** 
 441:Generated_Source\PSoC4/UART_SPI_UART.c **** #endif /* (UART_TX_DIRECTION) */
 442:Generated_Source\PSoC4/UART_SPI_UART.c **** 
 443:Generated_Source\PSoC4/UART_SPI_UART.c **** 
 444:Generated_Source\PSoC4/UART_SPI_UART.c **** /*******************************************************************************
 445:Generated_Source\PSoC4/UART_SPI_UART.c **** * Function Name: UART_SpiUartDisableIntRx
 446:Generated_Source\PSoC4/UART_SPI_UART.c **** ****************************************************************************//**
 447:Generated_Source\PSoC4/UART_SPI_UART.c **** *
ARM GAS  C:\Users\mewin\AppData\Local\Temp\ccvujhoe.s 			page 15


 448:Generated_Source\PSoC4/UART_SPI_UART.c **** *  Disables the RX interrupt sources.
 449:Generated_Source\PSoC4/UART_SPI_UART.c **** *
 450:Generated_Source\PSoC4/UART_SPI_UART.c **** *  \return
 451:Generated_Source\PSoC4/UART_SPI_UART.c **** *   Returns the RX interrupt sources enabled before the function call.
 452:Generated_Source\PSoC4/UART_SPI_UART.c **** *
 453:Generated_Source\PSoC4/UART_SPI_UART.c **** *******************************************************************************/
 454:Generated_Source\PSoC4/UART_SPI_UART.c **** uint32 UART_SpiUartDisableIntRx(void)
 455:Generated_Source\PSoC4/UART_SPI_UART.c **** {
 349              		.loc 1 455 0
 350              		.cfi_startproc
 351              		@ args = 0, pretend = 0, frame = 0
 352              		@ frame_needed = 0, uses_anonymous_args = 0
 353              		@ link register save eliminated.
 456:Generated_Source\PSoC4/UART_SPI_UART.c ****     uint32 intSource;
 457:Generated_Source\PSoC4/UART_SPI_UART.c **** 
 458:Generated_Source\PSoC4/UART_SPI_UART.c ****     intSource = UART_GetRxInterruptMode();
 354              		.loc 1 458 0
 355 0000 024B     		ldr	r3, .L30
 356 0002 1868     		ldr	r0, [r3]
 357              	.LVL23:
 459:Generated_Source\PSoC4/UART_SPI_UART.c **** 
 460:Generated_Source\PSoC4/UART_SPI_UART.c ****     UART_SetRxInterruptMode(UART_NO_INTR_SOURCES);
 358              		.loc 1 460 0
 359 0004 0022     		movs	r2, #0
 360 0006 1A60     		str	r2, [r3]
 461:Generated_Source\PSoC4/UART_SPI_UART.c **** 
 462:Generated_Source\PSoC4/UART_SPI_UART.c ****     return (intSource);
 463:Generated_Source\PSoC4/UART_SPI_UART.c **** }
 361              		.loc 1 463 0
 362              		@ sp needed
 363 0008 7047     		bx	lr
 364              	.L31:
 365 000a C046     		.align	2
 366              	.L30:
 367 000c C80F2540 		.word	1076170696
 368              		.cfi_endproc
 369              	.LFE8:
 370              		.size	UART_SpiUartDisableIntRx, .-UART_SpiUartDisableIntRx
 371              		.section	.text.UART_SpiUartDisableIntTx,"ax",%progbits
 372              		.align	2
 373              		.global	UART_SpiUartDisableIntTx
 374              		.code	16
 375              		.thumb_func
 376              		.type	UART_SpiUartDisableIntTx, %function
 377              	UART_SpiUartDisableIntTx:
 378              	.LFB9:
 464:Generated_Source\PSoC4/UART_SPI_UART.c **** 
 465:Generated_Source\PSoC4/UART_SPI_UART.c **** 
 466:Generated_Source\PSoC4/UART_SPI_UART.c **** /*******************************************************************************
 467:Generated_Source\PSoC4/UART_SPI_UART.c **** * Function Name: UART_SpiUartDisableIntTx
 468:Generated_Source\PSoC4/UART_SPI_UART.c **** ****************************************************************************//**
 469:Generated_Source\PSoC4/UART_SPI_UART.c **** *
 470:Generated_Source\PSoC4/UART_SPI_UART.c **** *  Disables TX interrupt sources.
 471:Generated_Source\PSoC4/UART_SPI_UART.c **** *
 472:Generated_Source\PSoC4/UART_SPI_UART.c **** *  \return
 473:Generated_Source\PSoC4/UART_SPI_UART.c **** *   Returns TX interrupt sources enabled before function call.
 474:Generated_Source\PSoC4/UART_SPI_UART.c **** *
ARM GAS  C:\Users\mewin\AppData\Local\Temp\ccvujhoe.s 			page 16


 475:Generated_Source\PSoC4/UART_SPI_UART.c **** *******************************************************************************/
 476:Generated_Source\PSoC4/UART_SPI_UART.c **** uint32 UART_SpiUartDisableIntTx(void)
 477:Generated_Source\PSoC4/UART_SPI_UART.c **** {
 379              		.loc 1 477 0
 380              		.cfi_startproc
 381              		@ args = 0, pretend = 0, frame = 0
 382              		@ frame_needed = 0, uses_anonymous_args = 0
 383              		@ link register save eliminated.
 478:Generated_Source\PSoC4/UART_SPI_UART.c ****     uint32 intSourceMask;
 479:Generated_Source\PSoC4/UART_SPI_UART.c **** 
 480:Generated_Source\PSoC4/UART_SPI_UART.c ****     intSourceMask = UART_GetTxInterruptMode();
 384              		.loc 1 480 0
 385 0000 024B     		ldr	r3, .L33
 386 0002 1868     		ldr	r0, [r3]
 387              	.LVL24:
 481:Generated_Source\PSoC4/UART_SPI_UART.c **** 
 482:Generated_Source\PSoC4/UART_SPI_UART.c ****     UART_SetTxInterruptMode(UART_NO_INTR_SOURCES);
 388              		.loc 1 482 0
 389 0004 0022     		movs	r2, #0
 390 0006 1A60     		str	r2, [r3]
 483:Generated_Source\PSoC4/UART_SPI_UART.c **** 
 484:Generated_Source\PSoC4/UART_SPI_UART.c ****     return (intSourceMask);
 485:Generated_Source\PSoC4/UART_SPI_UART.c **** }
 391              		.loc 1 485 0
 392              		@ sp needed
 393 0008 7047     		bx	lr
 394              	.L34:
 395 000a C046     		.align	2
 396              	.L33:
 397 000c 880F2540 		.word	1076170632
 398              		.cfi_endproc
 399              	.LFE9:
 400              		.size	UART_SpiUartDisableIntTx, .-UART_SpiUartDisableIntTx
 401              		.comm	UART_rxBufferInternal,17,4
 402              		.comm	UART_rxBufferOverflow,1,1
 403              		.comm	UART_rxBufferTail,4,4
 404              		.comm	UART_rxBufferHead,4,4
 405              		.text
 406              	.Letext0:
 407              		.file 2 "Generated_Source\\PSoC4/cytypes.h"
 408              		.file 3 "Generated_Source\\PSoC4/CyLib.h"
 409              		.section	.debug_info,"",%progbits
 410              	.Ldebug_info0:
 411 0000 DB020000 		.4byte	0x2db
 412 0004 0400     		.2byte	0x4
 413 0006 00000000 		.4byte	.Ldebug_abbrev0
 414 000a 04       		.byte	0x4
 415 000b 01       		.uleb128 0x1
 416 000c DC010000 		.4byte	.LASF40
 417 0010 0C       		.byte	0xc
 418 0011 D4020000 		.4byte	.LASF41
 419 0015 33000000 		.4byte	.LASF42
 420 0019 00000000 		.4byte	.Ldebug_ranges0+0
 421 001d 00000000 		.4byte	0
 422 0021 00000000 		.4byte	.Ldebug_line0
 423 0025 02       		.uleb128 0x2
 424 0026 01       		.byte	0x1
ARM GAS  C:\Users\mewin\AppData\Local\Temp\ccvujhoe.s 			page 17


 425 0027 06       		.byte	0x6
 426 0028 46030000 		.4byte	.LASF0
 427 002c 02       		.uleb128 0x2
 428 002d 01       		.byte	0x1
 429 002e 08       		.byte	0x8
 430 002f 2A010000 		.4byte	.LASF1
 431 0033 02       		.uleb128 0x2
 432 0034 02       		.byte	0x2
 433 0035 05       		.byte	0x5
 434 0036 CA020000 		.4byte	.LASF2
 435 003a 02       		.uleb128 0x2
 436 003b 02       		.byte	0x2
 437 003c 07       		.byte	0x7
 438 003d 13000000 		.4byte	.LASF3
 439 0041 02       		.uleb128 0x2
 440 0042 04       		.byte	0x4
 441 0043 05       		.byte	0x5
 442 0044 12030000 		.4byte	.LASF4
 443 0048 02       		.uleb128 0x2
 444 0049 04       		.byte	0x4
 445 004a 07       		.byte	0x7
 446 004b F3000000 		.4byte	.LASF5
 447 004f 02       		.uleb128 0x2
 448 0050 08       		.byte	0x8
 449 0051 05       		.byte	0x5
 450 0052 7B020000 		.4byte	.LASF6
 451 0056 02       		.uleb128 0x2
 452 0057 08       		.byte	0x8
 453 0058 07       		.byte	0x7
 454 0059 AF010000 		.4byte	.LASF7
 455 005d 03       		.uleb128 0x3
 456 005e 04       		.byte	0x4
 457 005f 05       		.byte	0x5
 458 0060 696E7400 		.ascii	"int\000"
 459 0064 02       		.uleb128 0x2
 460 0065 04       		.byte	0x4
 461 0066 07       		.byte	0x7
 462 0067 26000000 		.4byte	.LASF8
 463 006b 04       		.uleb128 0x4
 464 006c 05010000 		.4byte	.LASF9
 465 0070 02       		.byte	0x2
 466 0071 FC01     		.2byte	0x1fc
 467 0073 2C000000 		.4byte	0x2c
 468 0077 04       		.uleb128 0x4
 469 0078 61010000 		.4byte	.LASF10
 470 007c 02       		.byte	0x2
 471 007d FE01     		.2byte	0x1fe
 472 007f 48000000 		.4byte	0x48
 473 0083 02       		.uleb128 0x2
 474 0084 04       		.byte	0x4
 475 0085 04       		.byte	0x4
 476 0086 CF000000 		.4byte	.LASF11
 477 008a 02       		.uleb128 0x2
 478 008b 08       		.byte	0x8
 479 008c 04       		.byte	0x4
 480 008d 4E010000 		.4byte	.LASF12
 481 0091 02       		.uleb128 0x2
ARM GAS  C:\Users\mewin\AppData\Local\Temp\ccvujhoe.s 			page 18


 482 0092 01       		.byte	0x1
 483 0093 08       		.byte	0x8
 484 0094 1B030000 		.4byte	.LASF13
 485 0098 05       		.uleb128 0x5
 486 0099 6B000000 		.4byte	0x6b
 487 009d 04       		.uleb128 0x4
 488 009e 00000000 		.4byte	.LASF14
 489 00a2 02       		.byte	0x2
 490 00a3 A802     		.2byte	0x2a8
 491 00a5 A9000000 		.4byte	0xa9
 492 00a9 05       		.uleb128 0x5
 493 00aa 77000000 		.4byte	0x77
 494 00ae 02       		.uleb128 0x2
 495 00af 08       		.byte	0x8
 496 00b0 04       		.byte	0x4
 497 00b1 3A030000 		.4byte	.LASF15
 498 00b5 02       		.uleb128 0x2
 499 00b6 04       		.byte	0x4
 500 00b7 07       		.byte	0x7
 501 00b8 72020000 		.4byte	.LASF16
 502 00bc 06       		.uleb128 0x6
 503 00bd FB020000 		.4byte	.LASF19
 504 00c1 01       		.byte	0x1
 505 00c2 53       		.byte	0x53
 506 00c3 77000000 		.4byte	0x77
 507 00c7 00000000 		.4byte	.LFB1
 508 00cb 34000000 		.4byte	.LFE1-.LFB1
 509 00cf 01       		.uleb128 0x1
 510 00d0 9C       		.byte	0x9c
 511 00d1 F4000000 		.4byte	0xf4
 512 00d5 07       		.uleb128 0x7
 513 00d6 1D010000 		.4byte	.LASF17
 514 00da 01       		.byte	0x1
 515 00db 55       		.byte	0x55
 516 00dc 77000000 		.4byte	0x77
 517 00e0 00000000 		.4byte	.LLST0
 518 00e4 07       		.uleb128 0x7
 519 00e5 6A020000 		.4byte	.LASF18
 520 00e9 01       		.byte	0x1
 521 00ea 58       		.byte	0x58
 522 00eb 77000000 		.4byte	0x77
 523 00ef 36000000 		.4byte	.LLST1
 524 00f3 00       		.byte	0
 525 00f4 06       		.uleb128 0x6
 526 00f5 52030000 		.4byte	.LASF20
 527 00f9 01       		.byte	0x1
 528 00fa 9D       		.byte	0x9d
 529 00fb 77000000 		.4byte	0x77
 530 00ff 00000000 		.4byte	.LFB2
 531 0103 28000000 		.4byte	.LFE2-.LFB2
 532 0107 01       		.uleb128 0x1
 533 0108 9C       		.byte	0x9c
 534 0109 2C010000 		.4byte	0x12c
 535 010d 07       		.uleb128 0x7
 536 010e EE000000 		.4byte	.LASF21
 537 0112 01       		.byte	0x1
 538 0113 9F       		.byte	0x9f
ARM GAS  C:\Users\mewin\AppData\Local\Temp\ccvujhoe.s 			page 19


 539 0114 77000000 		.4byte	0x77
 540 0118 49000000 		.4byte	.LLST2
 541 011c 07       		.uleb128 0x7
 542 011d C7000000 		.4byte	.LASF22
 543 0121 01       		.byte	0x1
 544 0122 A1       		.byte	0xa1
 545 0123 77000000 		.4byte	0x77
 546 0127 67000000 		.4byte	.LLST3
 547 012b 00       		.byte	0
 548 012c 08       		.uleb128 0x8
 549 012d 20030000 		.4byte	.LASF23
 550 0131 01       		.byte	0x1
 551 0132 C8       		.byte	0xc8
 552 0133 00000000 		.4byte	.LFB3
 553 0137 54000000 		.4byte	.LFE3-.LFB3
 554 013b 01       		.uleb128 0x1
 555 013c 9C       		.byte	0x9c
 556 013d 64010000 		.4byte	0x164
 557 0141 09       		.uleb128 0x9
 558 0142 08000000 		.4byte	.LVL11
 559 0146 C8020000 		.4byte	0x2c8
 560 014a 54010000 		.4byte	0x154
 561 014e 0A       		.uleb128 0xa
 562 014f 01       		.uleb128 0x1
 563 0150 50       		.byte	0x50
 564 0151 01       		.uleb128 0x1
 565 0152 3A       		.byte	0x3a
 566 0153 00       		.byte	0
 567 0154 0B       		.uleb128 0xb
 568 0155 36000000 		.4byte	.LVL12
 569 0159 D3020000 		.4byte	0x2d3
 570 015d 0A       		.uleb128 0xa
 571 015e 01       		.uleb128 0x1
 572 015f 50       		.byte	0x50
 573 0160 01       		.uleb128 0x1
 574 0161 3A       		.byte	0x3a
 575 0162 00       		.byte	0
 576 0163 00       		.byte	0
 577 0164 0C       		.uleb128 0xc
 578 0165 89020000 		.4byte	.LASF24
 579 0169 01       		.byte	0x1
 580 016a 0101     		.2byte	0x101
 581 016c 00000000 		.4byte	.LFB4
 582 0170 1C000000 		.4byte	.LFE4-.LFB4
 583 0174 01       		.uleb128 0x1
 584 0175 9C       		.byte	0x9c
 585 0176 89010000 		.4byte	0x189
 586 017a 0D       		.uleb128 0xd
 587 017b 0C000000 		.4byte	.LASF26
 588 017f 01       		.byte	0x1
 589 0180 0101     		.2byte	0x101
 590 0182 77000000 		.4byte	0x77
 591 0186 01       		.uleb128 0x1
 592 0187 50       		.byte	0x50
 593 0188 00       		.byte	0
 594 0189 0C       		.uleb128 0xc
 595 018a 82010000 		.4byte	.LASF25
ARM GAS  C:\Users\mewin\AppData\Local\Temp\ccvujhoe.s 			page 20


 596 018e 01       		.byte	0x1
 597 018f 5401     		.2byte	0x154
 598 0191 00000000 		.4byte	.LFB5
 599 0195 18000000 		.4byte	.LFE5-.LFB5
 600 0199 01       		.uleb128 0x1
 601 019a 9C       		.byte	0x9c
 602 019b D7010000 		.4byte	0x1d7
 603 019f 0E       		.uleb128 0xe
 604 01a0 24010000 		.4byte	.LASF27
 605 01a4 01       		.byte	0x1
 606 01a5 5401     		.2byte	0x154
 607 01a7 D7010000 		.4byte	0x1d7
 608 01ab 7A000000 		.4byte	.LLST4
 609 01af 0E       		.uleb128 0xe
 610 01b0 06000000 		.4byte	.LASF28
 611 01b4 01       		.byte	0x1
 612 01b5 5401     		.2byte	0x154
 613 01b7 77000000 		.4byte	0x77
 614 01bb A6000000 		.4byte	.LLST5
 615 01bf 0F       		.uleb128 0xf
 616 01c0 6900     		.ascii	"i\000"
 617 01c2 01       		.byte	0x1
 618 01c3 5601     		.2byte	0x156
 619 01c5 77000000 		.4byte	0x77
 620 01c9 D2000000 		.4byte	.LLST6
 621 01cd 10       		.uleb128 0x10
 622 01ce 10000000 		.4byte	.LVL17
 623 01d2 64010000 		.4byte	0x164
 624 01d6 00       		.byte	0
 625 01d7 11       		.uleb128 0x11
 626 01d8 04       		.byte	0x4
 627 01d9 DD010000 		.4byte	0x1dd
 628 01dd 12       		.uleb128 0x12
 629 01de 6B000000 		.4byte	0x6b
 630 01e2 13       		.uleb128 0x13
 631 01e3 A1020000 		.4byte	.LASF29
 632 01e7 01       		.byte	0x1
 633 01e8 7501     		.2byte	0x175
 634 01ea 77000000 		.4byte	0x77
 635 01ee 00000000 		.4byte	.LFB6
 636 01f2 10000000 		.4byte	.LFE6-.LFB6
 637 01f6 01       		.uleb128 0x1
 638 01f7 9C       		.byte	0x9c
 639 01f8 0B020000 		.4byte	0x20b
 640 01fc 14       		.uleb128 0x14
 641 01fd EE000000 		.4byte	.LASF21
 642 0201 01       		.byte	0x1
 643 0202 7701     		.2byte	0x177
 644 0204 77000000 		.4byte	0x77
 645 0208 01       		.uleb128 0x1
 646 0209 50       		.byte	0x50
 647 020a 00       		.byte	0
 648 020b 15       		.uleb128 0x15
 649 020c 68010000 		.4byte	.LASF43
 650 0210 01       		.byte	0x1
 651 0211 A101     		.2byte	0x1a1
 652 0213 00000000 		.4byte	.LFB7
ARM GAS  C:\Users\mewin\AppData\Local\Temp\ccvujhoe.s 			page 21


 653 0217 20000000 		.4byte	.LFE7-.LFB7
 654 021b 01       		.uleb128 0x1
 655 021c 9C       		.byte	0x9c
 656 021d 13       		.uleb128 0x13
 657 021e AE000000 		.4byte	.LASF30
 658 0222 01       		.byte	0x1
 659 0223 C601     		.2byte	0x1c6
 660 0225 77000000 		.4byte	0x77
 661 0229 00000000 		.4byte	.LFB8
 662 022d 10000000 		.4byte	.LFE8-.LFB8
 663 0231 01       		.uleb128 0x1
 664 0232 9C       		.byte	0x9c
 665 0233 46020000 		.4byte	0x246
 666 0237 14       		.uleb128 0x14
 667 0238 A5010000 		.4byte	.LASF31
 668 023c 01       		.byte	0x1
 669 023d C801     		.2byte	0x1c8
 670 023f 77000000 		.4byte	0x77
 671 0243 01       		.uleb128 0x1
 672 0244 50       		.byte	0x50
 673 0245 00       		.byte	0
 674 0246 13       		.uleb128 0x13
 675 0247 D5000000 		.4byte	.LASF32
 676 024b 01       		.byte	0x1
 677 024c DC01     		.2byte	0x1dc
 678 024e 77000000 		.4byte	0x77
 679 0252 00000000 		.4byte	.LFB9
 680 0256 10000000 		.4byte	.LFE9-.LFB9
 681 025a 01       		.uleb128 0x1
 682 025b 9C       		.byte	0x9c
 683 025c 6F020000 		.4byte	0x26f
 684 0260 14       		.uleb128 0x14
 685 0261 97010000 		.4byte	.LASF33
 686 0265 01       		.byte	0x1
 687 0266 DE01     		.2byte	0x1de
 688 0268 77000000 		.4byte	0x77
 689 026c 01       		.uleb128 0x1
 690 026d 50       		.byte	0x50
 691 026e 00       		.byte	0
 692 026f 16       		.uleb128 0x16
 693 0270 6E030000 		.4byte	.LASF34
 694 0274 01       		.byte	0x1
 695 0275 1C       		.byte	0x1c
 696 0276 A9000000 		.4byte	0xa9
 697 027a 05       		.uleb128 0x5
 698 027b 03       		.byte	0x3
 699 027c 00000000 		.4byte	UART_rxBufferHead
 700 0280 16       		.uleb128 0x16
 701 0281 0B010000 		.4byte	.LASF35
 702 0285 01       		.byte	0x1
 703 0286 1E       		.byte	0x1e
 704 0287 A9000000 		.4byte	0xa9
 705 028b 05       		.uleb128 0x5
 706 028c 03       		.byte	0x3
 707 028d 00000000 		.4byte	UART_rxBufferTail
 708 0291 16       		.uleb128 0x16
 709 0292 C6010000 		.4byte	.LASF36
ARM GAS  C:\Users\mewin\AppData\Local\Temp\ccvujhoe.s 			page 22


 710 0296 01       		.byte	0x1
 711 0297 26       		.byte	0x26
 712 0298 98000000 		.4byte	0x98
 713 029c 05       		.uleb128 0x5
 714 029d 03       		.byte	0x3
 715 029e 00000000 		.4byte	UART_rxBufferOverflow
 716 02a2 17       		.uleb128 0x17
 717 02a3 98000000 		.4byte	0x98
 718 02a7 B2020000 		.4byte	0x2b2
 719 02ab 18       		.uleb128 0x18
 720 02ac B5000000 		.4byte	0xb5
 721 02b0 10       		.byte	0x10
 722 02b1 00       		.byte	0
 723 02b2 16       		.uleb128 0x16
 724 02b3 38010000 		.4byte	.LASF37
 725 02b7 01       		.byte	0x1
 726 02b8 33       		.byte	0x33
 727 02b9 C3020000 		.4byte	0x2c3
 728 02bd 05       		.uleb128 0x5
 729 02be 03       		.byte	0x3
 730 02bf 00000000 		.4byte	UART_rxBufferInternal
 731 02c3 05       		.uleb128 0x5
 732 02c4 A2020000 		.4byte	0x2a2
 733 02c8 19       		.uleb128 0x19
 734 02c9 BD020000 		.4byte	.LASF38
 735 02cd BD020000 		.4byte	.LASF38
 736 02d1 03       		.byte	0x3
 737 02d2 D8       		.byte	0xd8
 738 02d3 19       		.uleb128 0x19
 739 02d4 55010000 		.4byte	.LASF39
 740 02d8 55010000 		.4byte	.LASF39
 741 02dc 03       		.byte	0x3
 742 02dd D6       		.byte	0xd6
 743 02de 00       		.byte	0
 744              		.section	.debug_abbrev,"",%progbits
 745              	.Ldebug_abbrev0:
 746 0000 01       		.uleb128 0x1
 747 0001 11       		.uleb128 0x11
 748 0002 01       		.byte	0x1
 749 0003 25       		.uleb128 0x25
 750 0004 0E       		.uleb128 0xe
 751 0005 13       		.uleb128 0x13
 752 0006 0B       		.uleb128 0xb
 753 0007 03       		.uleb128 0x3
 754 0008 0E       		.uleb128 0xe
 755 0009 1B       		.uleb128 0x1b
 756 000a 0E       		.uleb128 0xe
 757 000b 55       		.uleb128 0x55
 758 000c 17       		.uleb128 0x17
 759 000d 11       		.uleb128 0x11
 760 000e 01       		.uleb128 0x1
 761 000f 10       		.uleb128 0x10
 762 0010 17       		.uleb128 0x17
 763 0011 00       		.byte	0
 764 0012 00       		.byte	0
 765 0013 02       		.uleb128 0x2
 766 0014 24       		.uleb128 0x24
ARM GAS  C:\Users\mewin\AppData\Local\Temp\ccvujhoe.s 			page 23


 767 0015 00       		.byte	0
 768 0016 0B       		.uleb128 0xb
 769 0017 0B       		.uleb128 0xb
 770 0018 3E       		.uleb128 0x3e
 771 0019 0B       		.uleb128 0xb
 772 001a 03       		.uleb128 0x3
 773 001b 0E       		.uleb128 0xe
 774 001c 00       		.byte	0
 775 001d 00       		.byte	0
 776 001e 03       		.uleb128 0x3
 777 001f 24       		.uleb128 0x24
 778 0020 00       		.byte	0
 779 0021 0B       		.uleb128 0xb
 780 0022 0B       		.uleb128 0xb
 781 0023 3E       		.uleb128 0x3e
 782 0024 0B       		.uleb128 0xb
 783 0025 03       		.uleb128 0x3
 784 0026 08       		.uleb128 0x8
 785 0027 00       		.byte	0
 786 0028 00       		.byte	0
 787 0029 04       		.uleb128 0x4
 788 002a 16       		.uleb128 0x16
 789 002b 00       		.byte	0
 790 002c 03       		.uleb128 0x3
 791 002d 0E       		.uleb128 0xe
 792 002e 3A       		.uleb128 0x3a
 793 002f 0B       		.uleb128 0xb
 794 0030 3B       		.uleb128 0x3b
 795 0031 05       		.uleb128 0x5
 796 0032 49       		.uleb128 0x49
 797 0033 13       		.uleb128 0x13
 798 0034 00       		.byte	0
 799 0035 00       		.byte	0
 800 0036 05       		.uleb128 0x5
 801 0037 35       		.uleb128 0x35
 802 0038 00       		.byte	0
 803 0039 49       		.uleb128 0x49
 804 003a 13       		.uleb128 0x13
 805 003b 00       		.byte	0
 806 003c 00       		.byte	0
 807 003d 06       		.uleb128 0x6
 808 003e 2E       		.uleb128 0x2e
 809 003f 01       		.byte	0x1
 810 0040 3F       		.uleb128 0x3f
 811 0041 19       		.uleb128 0x19
 812 0042 03       		.uleb128 0x3
 813 0043 0E       		.uleb128 0xe
 814 0044 3A       		.uleb128 0x3a
 815 0045 0B       		.uleb128 0xb
 816 0046 3B       		.uleb128 0x3b
 817 0047 0B       		.uleb128 0xb
 818 0048 27       		.uleb128 0x27
 819 0049 19       		.uleb128 0x19
 820 004a 49       		.uleb128 0x49
 821 004b 13       		.uleb128 0x13
 822 004c 11       		.uleb128 0x11
 823 004d 01       		.uleb128 0x1
ARM GAS  C:\Users\mewin\AppData\Local\Temp\ccvujhoe.s 			page 24


 824 004e 12       		.uleb128 0x12
 825 004f 06       		.uleb128 0x6
 826 0050 40       		.uleb128 0x40
 827 0051 18       		.uleb128 0x18
 828 0052 9742     		.uleb128 0x2117
 829 0054 19       		.uleb128 0x19
 830 0055 01       		.uleb128 0x1
 831 0056 13       		.uleb128 0x13
 832 0057 00       		.byte	0
 833 0058 00       		.byte	0
 834 0059 07       		.uleb128 0x7
 835 005a 34       		.uleb128 0x34
 836 005b 00       		.byte	0
 837 005c 03       		.uleb128 0x3
 838 005d 0E       		.uleb128 0xe
 839 005e 3A       		.uleb128 0x3a
 840 005f 0B       		.uleb128 0xb
 841 0060 3B       		.uleb128 0x3b
 842 0061 0B       		.uleb128 0xb
 843 0062 49       		.uleb128 0x49
 844 0063 13       		.uleb128 0x13
 845 0064 02       		.uleb128 0x2
 846 0065 17       		.uleb128 0x17
 847 0066 00       		.byte	0
 848 0067 00       		.byte	0
 849 0068 08       		.uleb128 0x8
 850 0069 2E       		.uleb128 0x2e
 851 006a 01       		.byte	0x1
 852 006b 3F       		.uleb128 0x3f
 853 006c 19       		.uleb128 0x19
 854 006d 03       		.uleb128 0x3
 855 006e 0E       		.uleb128 0xe
 856 006f 3A       		.uleb128 0x3a
 857 0070 0B       		.uleb128 0xb
 858 0071 3B       		.uleb128 0x3b
 859 0072 0B       		.uleb128 0xb
 860 0073 27       		.uleb128 0x27
 861 0074 19       		.uleb128 0x19
 862 0075 11       		.uleb128 0x11
 863 0076 01       		.uleb128 0x1
 864 0077 12       		.uleb128 0x12
 865 0078 06       		.uleb128 0x6
 866 0079 40       		.uleb128 0x40
 867 007a 18       		.uleb128 0x18
 868 007b 9742     		.uleb128 0x2117
 869 007d 19       		.uleb128 0x19
 870 007e 01       		.uleb128 0x1
 871 007f 13       		.uleb128 0x13
 872 0080 00       		.byte	0
 873 0081 00       		.byte	0
 874 0082 09       		.uleb128 0x9
 875 0083 898201   		.uleb128 0x4109
 876 0086 01       		.byte	0x1
 877 0087 11       		.uleb128 0x11
 878 0088 01       		.uleb128 0x1
 879 0089 31       		.uleb128 0x31
 880 008a 13       		.uleb128 0x13
ARM GAS  C:\Users\mewin\AppData\Local\Temp\ccvujhoe.s 			page 25


 881 008b 01       		.uleb128 0x1
 882 008c 13       		.uleb128 0x13
 883 008d 00       		.byte	0
 884 008e 00       		.byte	0
 885 008f 0A       		.uleb128 0xa
 886 0090 8A8201   		.uleb128 0x410a
 887 0093 00       		.byte	0
 888 0094 02       		.uleb128 0x2
 889 0095 18       		.uleb128 0x18
 890 0096 9142     		.uleb128 0x2111
 891 0098 18       		.uleb128 0x18
 892 0099 00       		.byte	0
 893 009a 00       		.byte	0
 894 009b 0B       		.uleb128 0xb
 895 009c 898201   		.uleb128 0x4109
 896 009f 01       		.byte	0x1
 897 00a0 11       		.uleb128 0x11
 898 00a1 01       		.uleb128 0x1
 899 00a2 31       		.uleb128 0x31
 900 00a3 13       		.uleb128 0x13
 901 00a4 00       		.byte	0
 902 00a5 00       		.byte	0
 903 00a6 0C       		.uleb128 0xc
 904 00a7 2E       		.uleb128 0x2e
 905 00a8 01       		.byte	0x1
 906 00a9 3F       		.uleb128 0x3f
 907 00aa 19       		.uleb128 0x19
 908 00ab 03       		.uleb128 0x3
 909 00ac 0E       		.uleb128 0xe
 910 00ad 3A       		.uleb128 0x3a
 911 00ae 0B       		.uleb128 0xb
 912 00af 3B       		.uleb128 0x3b
 913 00b0 05       		.uleb128 0x5
 914 00b1 27       		.uleb128 0x27
 915 00b2 19       		.uleb128 0x19
 916 00b3 11       		.uleb128 0x11
 917 00b4 01       		.uleb128 0x1
 918 00b5 12       		.uleb128 0x12
 919 00b6 06       		.uleb128 0x6
 920 00b7 40       		.uleb128 0x40
 921 00b8 18       		.uleb128 0x18
 922 00b9 9742     		.uleb128 0x2117
 923 00bb 19       		.uleb128 0x19
 924 00bc 01       		.uleb128 0x1
 925 00bd 13       		.uleb128 0x13
 926 00be 00       		.byte	0
 927 00bf 00       		.byte	0
 928 00c0 0D       		.uleb128 0xd
 929 00c1 05       		.uleb128 0x5
 930 00c2 00       		.byte	0
 931 00c3 03       		.uleb128 0x3
 932 00c4 0E       		.uleb128 0xe
 933 00c5 3A       		.uleb128 0x3a
 934 00c6 0B       		.uleb128 0xb
 935 00c7 3B       		.uleb128 0x3b
 936 00c8 05       		.uleb128 0x5
 937 00c9 49       		.uleb128 0x49
ARM GAS  C:\Users\mewin\AppData\Local\Temp\ccvujhoe.s 			page 26


 938 00ca 13       		.uleb128 0x13
 939 00cb 02       		.uleb128 0x2
 940 00cc 18       		.uleb128 0x18
 941 00cd 00       		.byte	0
 942 00ce 00       		.byte	0
 943 00cf 0E       		.uleb128 0xe
 944 00d0 05       		.uleb128 0x5
 945 00d1 00       		.byte	0
 946 00d2 03       		.uleb128 0x3
 947 00d3 0E       		.uleb128 0xe
 948 00d4 3A       		.uleb128 0x3a
 949 00d5 0B       		.uleb128 0xb
 950 00d6 3B       		.uleb128 0x3b
 951 00d7 05       		.uleb128 0x5
 952 00d8 49       		.uleb128 0x49
 953 00d9 13       		.uleb128 0x13
 954 00da 02       		.uleb128 0x2
 955 00db 17       		.uleb128 0x17
 956 00dc 00       		.byte	0
 957 00dd 00       		.byte	0
 958 00de 0F       		.uleb128 0xf
 959 00df 34       		.uleb128 0x34
 960 00e0 00       		.byte	0
 961 00e1 03       		.uleb128 0x3
 962 00e2 08       		.uleb128 0x8
 963 00e3 3A       		.uleb128 0x3a
 964 00e4 0B       		.uleb128 0xb
 965 00e5 3B       		.uleb128 0x3b
 966 00e6 05       		.uleb128 0x5
 967 00e7 49       		.uleb128 0x49
 968 00e8 13       		.uleb128 0x13
 969 00e9 02       		.uleb128 0x2
 970 00ea 17       		.uleb128 0x17
 971 00eb 00       		.byte	0
 972 00ec 00       		.byte	0
 973 00ed 10       		.uleb128 0x10
 974 00ee 898201   		.uleb128 0x4109
 975 00f1 00       		.byte	0
 976 00f2 11       		.uleb128 0x11
 977 00f3 01       		.uleb128 0x1
 978 00f4 31       		.uleb128 0x31
 979 00f5 13       		.uleb128 0x13
 980 00f6 00       		.byte	0
 981 00f7 00       		.byte	0
 982 00f8 11       		.uleb128 0x11
 983 00f9 0F       		.uleb128 0xf
 984 00fa 00       		.byte	0
 985 00fb 0B       		.uleb128 0xb
 986 00fc 0B       		.uleb128 0xb
 987 00fd 49       		.uleb128 0x49
 988 00fe 13       		.uleb128 0x13
 989 00ff 00       		.byte	0
 990 0100 00       		.byte	0
 991 0101 12       		.uleb128 0x12
 992 0102 26       		.uleb128 0x26
 993 0103 00       		.byte	0
 994 0104 49       		.uleb128 0x49
ARM GAS  C:\Users\mewin\AppData\Local\Temp\ccvujhoe.s 			page 27


 995 0105 13       		.uleb128 0x13
 996 0106 00       		.byte	0
 997 0107 00       		.byte	0
 998 0108 13       		.uleb128 0x13
 999 0109 2E       		.uleb128 0x2e
 1000 010a 01       		.byte	0x1
 1001 010b 3F       		.uleb128 0x3f
 1002 010c 19       		.uleb128 0x19
 1003 010d 03       		.uleb128 0x3
 1004 010e 0E       		.uleb128 0xe
 1005 010f 3A       		.uleb128 0x3a
 1006 0110 0B       		.uleb128 0xb
 1007 0111 3B       		.uleb128 0x3b
 1008 0112 05       		.uleb128 0x5
 1009 0113 27       		.uleb128 0x27
 1010 0114 19       		.uleb128 0x19
 1011 0115 49       		.uleb128 0x49
 1012 0116 13       		.uleb128 0x13
 1013 0117 11       		.uleb128 0x11
 1014 0118 01       		.uleb128 0x1
 1015 0119 12       		.uleb128 0x12
 1016 011a 06       		.uleb128 0x6
 1017 011b 40       		.uleb128 0x40
 1018 011c 18       		.uleb128 0x18
 1019 011d 9742     		.uleb128 0x2117
 1020 011f 19       		.uleb128 0x19
 1021 0120 01       		.uleb128 0x1
 1022 0121 13       		.uleb128 0x13
 1023 0122 00       		.byte	0
 1024 0123 00       		.byte	0
 1025 0124 14       		.uleb128 0x14
 1026 0125 34       		.uleb128 0x34
 1027 0126 00       		.byte	0
 1028 0127 03       		.uleb128 0x3
 1029 0128 0E       		.uleb128 0xe
 1030 0129 3A       		.uleb128 0x3a
 1031 012a 0B       		.uleb128 0xb
 1032 012b 3B       		.uleb128 0x3b
 1033 012c 05       		.uleb128 0x5
 1034 012d 49       		.uleb128 0x49
 1035 012e 13       		.uleb128 0x13
 1036 012f 02       		.uleb128 0x2
 1037 0130 18       		.uleb128 0x18
 1038 0131 00       		.byte	0
 1039 0132 00       		.byte	0
 1040 0133 15       		.uleb128 0x15
 1041 0134 2E       		.uleb128 0x2e
 1042 0135 00       		.byte	0
 1043 0136 3F       		.uleb128 0x3f
 1044 0137 19       		.uleb128 0x19
 1045 0138 03       		.uleb128 0x3
 1046 0139 0E       		.uleb128 0xe
 1047 013a 3A       		.uleb128 0x3a
 1048 013b 0B       		.uleb128 0xb
 1049 013c 3B       		.uleb128 0x3b
 1050 013d 05       		.uleb128 0x5
 1051 013e 27       		.uleb128 0x27
ARM GAS  C:\Users\mewin\AppData\Local\Temp\ccvujhoe.s 			page 28


 1052 013f 19       		.uleb128 0x19
 1053 0140 11       		.uleb128 0x11
 1054 0141 01       		.uleb128 0x1
 1055 0142 12       		.uleb128 0x12
 1056 0143 06       		.uleb128 0x6
 1057 0144 40       		.uleb128 0x40
 1058 0145 18       		.uleb128 0x18
 1059 0146 9742     		.uleb128 0x2117
 1060 0148 19       		.uleb128 0x19
 1061 0149 00       		.byte	0
 1062 014a 00       		.byte	0
 1063 014b 16       		.uleb128 0x16
 1064 014c 34       		.uleb128 0x34
 1065 014d 00       		.byte	0
 1066 014e 03       		.uleb128 0x3
 1067 014f 0E       		.uleb128 0xe
 1068 0150 3A       		.uleb128 0x3a
 1069 0151 0B       		.uleb128 0xb
 1070 0152 3B       		.uleb128 0x3b
 1071 0153 0B       		.uleb128 0xb
 1072 0154 49       		.uleb128 0x49
 1073 0155 13       		.uleb128 0x13
 1074 0156 3F       		.uleb128 0x3f
 1075 0157 19       		.uleb128 0x19
 1076 0158 02       		.uleb128 0x2
 1077 0159 18       		.uleb128 0x18
 1078 015a 00       		.byte	0
 1079 015b 00       		.byte	0
 1080 015c 17       		.uleb128 0x17
 1081 015d 01       		.uleb128 0x1
 1082 015e 01       		.byte	0x1
 1083 015f 49       		.uleb128 0x49
 1084 0160 13       		.uleb128 0x13
 1085 0161 01       		.uleb128 0x1
 1086 0162 13       		.uleb128 0x13
 1087 0163 00       		.byte	0
 1088 0164 00       		.byte	0
 1089 0165 18       		.uleb128 0x18
 1090 0166 21       		.uleb128 0x21
 1091 0167 00       		.byte	0
 1092 0168 49       		.uleb128 0x49
 1093 0169 13       		.uleb128 0x13
 1094 016a 2F       		.uleb128 0x2f
 1095 016b 0B       		.uleb128 0xb
 1096 016c 00       		.byte	0
 1097 016d 00       		.byte	0
 1098 016e 19       		.uleb128 0x19
 1099 016f 2E       		.uleb128 0x2e
 1100 0170 00       		.byte	0
 1101 0171 3F       		.uleb128 0x3f
 1102 0172 19       		.uleb128 0x19
 1103 0173 3C       		.uleb128 0x3c
 1104 0174 19       		.uleb128 0x19
 1105 0175 6E       		.uleb128 0x6e
 1106 0176 0E       		.uleb128 0xe
 1107 0177 03       		.uleb128 0x3
 1108 0178 0E       		.uleb128 0xe
ARM GAS  C:\Users\mewin\AppData\Local\Temp\ccvujhoe.s 			page 29


 1109 0179 3A       		.uleb128 0x3a
 1110 017a 0B       		.uleb128 0xb
 1111 017b 3B       		.uleb128 0x3b
 1112 017c 0B       		.uleb128 0xb
 1113 017d 00       		.byte	0
 1114 017e 00       		.byte	0
 1115 017f 00       		.byte	0
 1116              		.section	.debug_loc,"",%progbits
 1117              	.Ldebug_loc0:
 1118              	.LLST0:
 1119 0000 00000000 		.4byte	.LVL0
 1120 0004 1E000000 		.4byte	.LVL3
 1121 0008 0200     		.2byte	0x2
 1122 000a 30       		.byte	0x30
 1123 000b 9F       		.byte	0x9f
 1124 000c 1E000000 		.4byte	.LVL3
 1125 0010 24000000 		.4byte	.LVL4
 1126 0014 0100     		.2byte	0x1
 1127 0016 50       		.byte	0x50
 1128 0017 24000000 		.4byte	.LVL4
 1129 001b 26000000 		.4byte	.LVL5
 1130 001f 0200     		.2byte	0x2
 1131 0021 30       		.byte	0x30
 1132 0022 9F       		.byte	0x9f
 1133 0023 26000000 		.4byte	.LVL5
 1134 0027 34000000 		.4byte	.LFE1
 1135 002b 0100     		.2byte	0x1
 1136 002d 50       		.byte	0x50
 1137 002e 00000000 		.4byte	0
 1138 0032 00000000 		.4byte	0
 1139              	.LLST1:
 1140 0036 12000000 		.4byte	.LVL1
 1141 003a 24000000 		.4byte	.LVL4
 1142 003e 0100     		.2byte	0x1
 1143 0040 53       		.byte	0x53
 1144 0041 00000000 		.4byte	0
 1145 0045 00000000 		.4byte	0
 1146              	.LLST2:
 1147 0049 12000000 		.4byte	.LVL7
 1148 004d 14000000 		.4byte	.LVL8
 1149 0051 0100     		.2byte	0x1
 1150 0053 50       		.byte	0x50
 1151 0054 1E000000 		.4byte	.LVL10
 1152 0058 28000000 		.4byte	.LFE2
 1153 005c 0100     		.2byte	0x1
 1154 005e 50       		.byte	0x50
 1155 005f 00000000 		.4byte	0
 1156 0063 00000000 		.4byte	0
 1157              	.LLST3:
 1158 0067 04000000 		.4byte	.LVL6
 1159 006b 1A000000 		.4byte	.LVL9
 1160 006f 0100     		.2byte	0x1
 1161 0071 53       		.byte	0x53
 1162 0072 00000000 		.4byte	0
 1163 0076 00000000 		.4byte	0
 1164              	.LLST4:
 1165 007a 00000000 		.4byte	.LVL14
ARM GAS  C:\Users\mewin\AppData\Local\Temp\ccvujhoe.s 			page 30


 1166 007e 0A000000 		.4byte	.LVL16
 1167 0082 0100     		.2byte	0x1
 1168 0084 50       		.byte	0x50
 1169 0085 0A000000 		.4byte	.LVL16
 1170 0089 16000000 		.4byte	.LVL21
 1171 008d 0100     		.2byte	0x1
 1172 008f 56       		.byte	0x56
 1173 0090 16000000 		.4byte	.LVL21
 1174 0094 18000000 		.4byte	.LFE5
 1175 0098 0400     		.2byte	0x4
 1176 009a F3       		.byte	0xf3
 1177 009b 01       		.uleb128 0x1
 1178 009c 50       		.byte	0x50
 1179 009d 9F       		.byte	0x9f
 1180 009e 00000000 		.4byte	0
 1181 00a2 00000000 		.4byte	0
 1182              	.LLST5:
 1183 00a6 00000000 		.4byte	.LVL14
 1184 00aa 0A000000 		.4byte	.LVL16
 1185 00ae 0100     		.2byte	0x1
 1186 00b0 51       		.byte	0x51
 1187 00b1 0A000000 		.4byte	.LVL16
 1188 00b5 16000000 		.4byte	.LVL20
 1189 00b9 0100     		.2byte	0x1
 1190 00bb 55       		.byte	0x55
 1191 00bc 16000000 		.4byte	.LVL20
 1192 00c0 18000000 		.4byte	.LFE5
 1193 00c4 0400     		.2byte	0x4
 1194 00c6 F3       		.byte	0xf3
 1195 00c7 01       		.uleb128 0x1
 1196 00c8 51       		.byte	0x51
 1197 00c9 9F       		.byte	0x9f
 1198 00ca 00000000 		.4byte	0
 1199 00ce 00000000 		.4byte	0
 1200              	.LLST6:
 1201 00d2 06000000 		.4byte	.LVL15
 1202 00d6 0A000000 		.4byte	.LVL16
 1203 00da 0200     		.2byte	0x2
 1204 00dc 30       		.byte	0x30
 1205 00dd 9F       		.byte	0x9f
 1206 00de 0A000000 		.4byte	.LVL16
 1207 00e2 16000000 		.4byte	.LVL19
 1208 00e6 0100     		.2byte	0x1
 1209 00e8 54       		.byte	0x54
 1210 00e9 00000000 		.4byte	0
 1211 00ed 00000000 		.4byte	0
 1212              		.section	.debug_aranges,"",%progbits
 1213 0000 5C000000 		.4byte	0x5c
 1214 0004 0200     		.2byte	0x2
 1215 0006 00000000 		.4byte	.Ldebug_info0
 1216 000a 04       		.byte	0x4
 1217 000b 00       		.byte	0
 1218 000c 0000     		.2byte	0
 1219 000e 0000     		.2byte	0
 1220 0010 00000000 		.4byte	.LFB1
 1221 0014 34000000 		.4byte	.LFE1-.LFB1
 1222 0018 00000000 		.4byte	.LFB2
ARM GAS  C:\Users\mewin\AppData\Local\Temp\ccvujhoe.s 			page 31


 1223 001c 28000000 		.4byte	.LFE2-.LFB2
 1224 0020 00000000 		.4byte	.LFB3
 1225 0024 54000000 		.4byte	.LFE3-.LFB3
 1226 0028 00000000 		.4byte	.LFB4
 1227 002c 1C000000 		.4byte	.LFE4-.LFB4
 1228 0030 00000000 		.4byte	.LFB5
 1229 0034 18000000 		.4byte	.LFE5-.LFB5
 1230 0038 00000000 		.4byte	.LFB6
 1231 003c 10000000 		.4byte	.LFE6-.LFB6
 1232 0040 00000000 		.4byte	.LFB7
 1233 0044 20000000 		.4byte	.LFE7-.LFB7
 1234 0048 00000000 		.4byte	.LFB8
 1235 004c 10000000 		.4byte	.LFE8-.LFB8
 1236 0050 00000000 		.4byte	.LFB9
 1237 0054 10000000 		.4byte	.LFE9-.LFB9
 1238 0058 00000000 		.4byte	0
 1239 005c 00000000 		.4byte	0
 1240              		.section	.debug_ranges,"",%progbits
 1241              	.Ldebug_ranges0:
 1242 0000 00000000 		.4byte	.LFB1
 1243 0004 34000000 		.4byte	.LFE1
 1244 0008 00000000 		.4byte	.LFB2
 1245 000c 28000000 		.4byte	.LFE2
 1246 0010 00000000 		.4byte	.LFB3
 1247 0014 54000000 		.4byte	.LFE3
 1248 0018 00000000 		.4byte	.LFB4
 1249 001c 1C000000 		.4byte	.LFE4
 1250 0020 00000000 		.4byte	.LFB5
 1251 0024 18000000 		.4byte	.LFE5
 1252 0028 00000000 		.4byte	.LFB6
 1253 002c 10000000 		.4byte	.LFE6
 1254 0030 00000000 		.4byte	.LFB7
 1255 0034 20000000 		.4byte	.LFE7
 1256 0038 00000000 		.4byte	.LFB8
 1257 003c 10000000 		.4byte	.LFE8
 1258 0040 00000000 		.4byte	.LFB9
 1259 0044 10000000 		.4byte	.LFE9
 1260 0048 00000000 		.4byte	0
 1261 004c 00000000 		.4byte	0
 1262              		.section	.debug_line,"",%progbits
 1263              	.Ldebug_line0:
 1264 0000 33010000 		.section	.debug_str,"MS",%progbits,1
 1264      02005500 
 1264      00000201 
 1264      FB0E0D00 
 1264      01010101 
 1265              	.LASF14:
 1266 0000 72656733 		.ascii	"reg32\000"
 1266      3200
 1267              	.LASF28:
 1268 0006 636F756E 		.ascii	"count\000"
 1268      7400
 1269              	.LASF26:
 1270 000c 74784461 		.ascii	"txData\000"
 1270      746100
 1271              	.LASF3:
 1272 0013 73686F72 		.ascii	"short unsigned int\000"
ARM GAS  C:\Users\mewin\AppData\Local\Temp\ccvujhoe.s 			page 32


 1272      7420756E 
 1272      7369676E 
 1272      65642069 
 1272      6E7400
 1273              	.LASF8:
 1274 0026 756E7369 		.ascii	"unsigned int\000"
 1274      676E6564 
 1274      20696E74 
 1274      00
 1275              	.LASF42:
 1276 0033 433A5C55 		.ascii	"C:\\Users\\mewin\\OneDrive\\Documents\\PSoC Creator"
 1276      73657273 
 1276      5C6D6577 
 1276      696E5C4F 
 1276      6E654472 
 1277 0061 5C537765 		.ascii	"\\Swerve Motor Board 2023\\Swerve_Motor_Board_PY202"
 1277      72766520 
 1277      4D6F746F 
 1277      7220426F 
 1277      61726420 
 1278 0092 335C5377 		.ascii	"3\\SwerveMotorFirmware.cydsn\000"
 1278      65727665 
 1278      4D6F746F 
 1278      72466972 
 1278      6D776172 
 1279              	.LASF30:
 1280 00ae 55415254 		.ascii	"UART_SpiUartDisableIntRx\000"
 1280      5F537069 
 1280      55617274 
 1280      44697361 
 1280      626C6549 
 1281              	.LASF22:
 1282 00c7 6C6F6348 		.ascii	"locHead\000"
 1282      65616400 
 1283              	.LASF11:
 1284 00cf 666C6F61 		.ascii	"float\000"
 1284      7400
 1285              	.LASF32:
 1286 00d5 55415254 		.ascii	"UART_SpiUartDisableIntTx\000"
 1286      5F537069 
 1286      55617274 
 1286      44697361 
 1286      626C6549 
 1287              	.LASF21:
 1288 00ee 73697A65 		.ascii	"size\000"
 1288      00
 1289              	.LASF5:
 1290 00f3 6C6F6E67 		.ascii	"long unsigned int\000"
 1290      20756E73 
 1290      69676E65 
 1290      6420696E 
 1290      7400
 1291              	.LASF9:
 1292 0105 75696E74 		.ascii	"uint8\000"
 1292      3800
 1293              	.LASF35:
 1294 010b 55415254 		.ascii	"UART_rxBufferTail\000"
ARM GAS  C:\Users\mewin\AppData\Local\Temp\ccvujhoe.s 			page 33


 1294      5F727842 
 1294      75666665 
 1294      72546169 
 1294      6C00
 1295              	.LASF17:
 1296 011d 72784461 		.ascii	"rxData\000"
 1296      746100
 1297              	.LASF27:
 1298 0124 77724275 		.ascii	"wrBuf\000"
 1298      6600
 1299              	.LASF1:
 1300 012a 756E7369 		.ascii	"unsigned char\000"
 1300      676E6564 
 1300      20636861 
 1300      7200
 1301              	.LASF37:
 1302 0138 55415254 		.ascii	"UART_rxBufferInternal\000"
 1302      5F727842 
 1302      75666665 
 1302      72496E74 
 1302      65726E61 
 1303              	.LASF12:
 1304 014e 646F7562 		.ascii	"double\000"
 1304      6C6500
 1305              	.LASF39:
 1306 0155 4379496E 		.ascii	"CyIntEnable\000"
 1306      74456E61 
 1306      626C6500 
 1307              	.LASF10:
 1308 0161 75696E74 		.ascii	"uint32\000"
 1308      333200
 1309              	.LASF43:
 1310 0168 55415254 		.ascii	"UART_SpiUartClearTxBuffer\000"
 1310      5F537069 
 1310      55617274 
 1310      436C6561 
 1310      72547842 
 1311              	.LASF25:
 1312 0182 55415254 		.ascii	"UART_SpiUartPutArray\000"
 1312      5F537069 
 1312      55617274 
 1312      50757441 
 1312      72726179 
 1313              	.LASF33:
 1314 0197 696E7453 		.ascii	"intSourceMask\000"
 1314      6F757263 
 1314      654D6173 
 1314      6B00
 1315              	.LASF31:
 1316 01a5 696E7453 		.ascii	"intSource\000"
 1316      6F757263 
 1316      6500
 1317              	.LASF7:
 1318 01af 6C6F6E67 		.ascii	"long long unsigned int\000"
 1318      206C6F6E 
 1318      6720756E 
 1318      7369676E 
ARM GAS  C:\Users\mewin\AppData\Local\Temp\ccvujhoe.s 			page 34


 1318      65642069 
 1319              	.LASF36:
 1320 01c6 55415254 		.ascii	"UART_rxBufferOverflow\000"
 1320      5F727842 
 1320      75666665 
 1320      724F7665 
 1320      72666C6F 
 1321              	.LASF40:
 1322 01dc 474E5520 		.ascii	"GNU C11 5.4.1 20160609 (release) [ARM/embedded-5-br"
 1322      43313120 
 1322      352E342E 
 1322      31203230 
 1322      31363036 
 1323 020f 616E6368 		.ascii	"anch revision 237715] -mcpu=cortex-m0 -mthumb -g -O"
 1323      20726576 
 1323      6973696F 
 1323      6E203233 
 1323      37373135 
 1324 0242 67202D66 		.ascii	"g -ffunction-sections -ffat-lto-objects\000"
 1324      66756E63 
 1324      74696F6E 
 1324      2D736563 
 1324      74696F6E 
 1325              	.LASF18:
 1326 026a 6C6F6354 		.ascii	"locTail\000"
 1326      61696C00 
 1327              	.LASF16:
 1328 0272 73697A65 		.ascii	"sizetype\000"
 1328      74797065 
 1328      00
 1329              	.LASF6:
 1330 027b 6C6F6E67 		.ascii	"long long int\000"
 1330      206C6F6E 
 1330      6720696E 
 1330      7400
 1331              	.LASF24:
 1332 0289 55415254 		.ascii	"UART_SpiUartWriteTxData\000"
 1332      5F537069 
 1332      55617274 
 1332      57726974 
 1332      65547844 
 1333              	.LASF29:
 1334 02a1 55415254 		.ascii	"UART_SpiUartGetTxBufferSize\000"
 1334      5F537069 
 1334      55617274 
 1334      47657454 
 1334      78427566 
 1335              	.LASF38:
 1336 02bd 4379496E 		.ascii	"CyIntDisable\000"
 1336      74446973 
 1336      61626C65 
 1336      00
 1337              	.LASF2:
 1338 02ca 73686F72 		.ascii	"short int\000"
 1338      7420696E 
 1338      7400
 1339              	.LASF41:
ARM GAS  C:\Users\mewin\AppData\Local\Temp\ccvujhoe.s 			page 35


 1340 02d4 47656E65 		.ascii	"Generated_Source\\PSoC4\\UART_SPI_UART.c\000"
 1340      72617465 
 1340      645F536F 
 1340      75726365 
 1340      5C50536F 
 1341              	.LASF19:
 1342 02fb 55415254 		.ascii	"UART_SpiUartReadRxData\000"
 1342      5F537069 
 1342      55617274 
 1342      52656164 
 1342      52784461 
 1343              	.LASF4:
 1344 0312 6C6F6E67 		.ascii	"long int\000"
 1344      20696E74 
 1344      00
 1345              	.LASF13:
 1346 031b 63686172 		.ascii	"char\000"
 1346      00
 1347              	.LASF23:
 1348 0320 55415254 		.ascii	"UART_SpiUartClearRxBuffer\000"
 1348      5F537069 
 1348      55617274 
 1348      436C6561 
 1348      72527842 
 1349              	.LASF15:
 1350 033a 6C6F6E67 		.ascii	"long double\000"
 1350      20646F75 
 1350      626C6500 
 1351              	.LASF0:
 1352 0346 7369676E 		.ascii	"signed char\000"
 1352      65642063 
 1352      68617200 
 1353              	.LASF20:
 1354 0352 55415254 		.ascii	"UART_SpiUartGetRxBufferSize\000"
 1354      5F537069 
 1354      55617274 
 1354      47657452 
 1354      78427566 
 1355              	.LASF34:
 1356 036e 55415254 		.ascii	"UART_rxBufferHead\000"
 1356      5F727842 
 1356      75666665 
 1356      72486561 
 1356      6400
 1357              		.ident	"GCC: (GNU Tools for ARM Embedded Processors) 5.4.1 20160609 (release) [ARM/embedded-5-bran
