ARM GAS  C:\Users\mewin\AppData\Local\Temp\ccpFVeUw.s 			page 1


   1              		.syntax unified
   2              		.cpu cortex-m0
   3              		.fpu softvfp
   4              		.eabi_attribute 20, 1
   5              		.eabi_attribute 21, 1
   6              		.eabi_attribute 23, 3
   7              		.eabi_attribute 24, 1
   8              		.eabi_attribute 25, 1
   9              		.eabi_attribute 26, 1
  10              		.eabi_attribute 30, 1
  11              		.eabi_attribute 34, 0
  12              		.eabi_attribute 18, 4
  13              		.thumb
  14              		.syntax unified
  15              		.file	"UART_SPI_UART_INT.c"
  16              		.text
  17              	.Ltext0:
  18              		.cfi_sections	.debug_frame
  19              		.section	.text.UART_SPI_UART_ISR,"ax",%progbits
  20              		.align	2
  21              		.global	UART_SPI_UART_ISR
  22              		.code	16
  23              		.thumb_func
  24              		.type	UART_SPI_UART_ISR, %function
  25              	UART_SPI_UART_ISR:
  26              	.LFB1:
  27              		.file 1 "Generated_Source\\PSoC4\\UART_SPI_UART_INT.c"
   1:Generated_Source\PSoC4/UART_SPI_UART_INT.c **** /***************************************************************************//**
   2:Generated_Source\PSoC4/UART_SPI_UART_INT.c **** * \file UART_SPI_UART_INT.c
   3:Generated_Source\PSoC4/UART_SPI_UART_INT.c **** * \version 4.0
   4:Generated_Source\PSoC4/UART_SPI_UART_INT.c **** *
   5:Generated_Source\PSoC4/UART_SPI_UART_INT.c **** * \brief
   6:Generated_Source\PSoC4/UART_SPI_UART_INT.c **** *  This file provides the source code to the Interrupt Service Routine for
   7:Generated_Source\PSoC4/UART_SPI_UART_INT.c **** *  the SCB Component in SPI and UART modes.
   8:Generated_Source\PSoC4/UART_SPI_UART_INT.c **** *
   9:Generated_Source\PSoC4/UART_SPI_UART_INT.c **** * Note:
  10:Generated_Source\PSoC4/UART_SPI_UART_INT.c **** *
  11:Generated_Source\PSoC4/UART_SPI_UART_INT.c **** ********************************************************************************
  12:Generated_Source\PSoC4/UART_SPI_UART_INT.c **** * \copyright
  13:Generated_Source\PSoC4/UART_SPI_UART_INT.c **** * Copyright 2013-2017, Cypress Semiconductor Corporation.  All rights reserved.
  14:Generated_Source\PSoC4/UART_SPI_UART_INT.c **** * You may use this file only in accordance with the license, terms, conditions,
  15:Generated_Source\PSoC4/UART_SPI_UART_INT.c **** * disclaimers, and limitations in the end user license agreement accompanying
  16:Generated_Source\PSoC4/UART_SPI_UART_INT.c **** * the software package with which this file was provided.
  17:Generated_Source\PSoC4/UART_SPI_UART_INT.c **** *******************************************************************************/
  18:Generated_Source\PSoC4/UART_SPI_UART_INT.c **** 
  19:Generated_Source\PSoC4/UART_SPI_UART_INT.c **** #include "UART_PVT.h"
  20:Generated_Source\PSoC4/UART_SPI_UART_INT.c **** #include "UART_SPI_UART_PVT.h"
  21:Generated_Source\PSoC4/UART_SPI_UART_INT.c **** #include "cyapicallbacks.h"
  22:Generated_Source\PSoC4/UART_SPI_UART_INT.c **** 
  23:Generated_Source\PSoC4/UART_SPI_UART_INT.c **** #if (UART_SCB_IRQ_INTERNAL)
  24:Generated_Source\PSoC4/UART_SPI_UART_INT.c **** /*******************************************************************************
  25:Generated_Source\PSoC4/UART_SPI_UART_INT.c **** * Function Name: UART_SPI_UART_ISR
  26:Generated_Source\PSoC4/UART_SPI_UART_INT.c **** ****************************************************************************//**
  27:Generated_Source\PSoC4/UART_SPI_UART_INT.c **** *
  28:Generated_Source\PSoC4/UART_SPI_UART_INT.c **** *  Handles the Interrupt Service Routine for the SCB SPI or UART modes.
  29:Generated_Source\PSoC4/UART_SPI_UART_INT.c **** *
  30:Generated_Source\PSoC4/UART_SPI_UART_INT.c **** *******************************************************************************/
ARM GAS  C:\Users\mewin\AppData\Local\Temp\ccpFVeUw.s 			page 2


  31:Generated_Source\PSoC4/UART_SPI_UART_INT.c **** CY_ISR(UART_SPI_UART_ISR)
  32:Generated_Source\PSoC4/UART_SPI_UART_INT.c **** {
  28              		.loc 1 32 0
  29              		.cfi_startproc
  30              		@ args = 0, pretend = 0, frame = 0
  31              		@ frame_needed = 0, uses_anonymous_args = 0
  32 0000 10B5     		push	{r4, lr}
  33              		.cfi_def_cfa_offset 8
  34              		.cfi_offset 4, -8
  35              		.cfi_offset 14, -4
  33:Generated_Source\PSoC4/UART_SPI_UART_INT.c **** #if (UART_INTERNAL_RX_SW_BUFFER_CONST)
  34:Generated_Source\PSoC4/UART_SPI_UART_INT.c ****     uint32 locHead;
  35:Generated_Source\PSoC4/UART_SPI_UART_INT.c **** #endif /* (UART_INTERNAL_RX_SW_BUFFER_CONST) */
  36:Generated_Source\PSoC4/UART_SPI_UART_INT.c **** 
  37:Generated_Source\PSoC4/UART_SPI_UART_INT.c **** #if (UART_INTERNAL_TX_SW_BUFFER_CONST)
  38:Generated_Source\PSoC4/UART_SPI_UART_INT.c ****     uint32 locTail;
  39:Generated_Source\PSoC4/UART_SPI_UART_INT.c **** #endif /* (UART_INTERNAL_TX_SW_BUFFER_CONST) */
  40:Generated_Source\PSoC4/UART_SPI_UART_INT.c **** 
  41:Generated_Source\PSoC4/UART_SPI_UART_INT.c **** #ifdef UART_SPI_UART_ISR_ENTRY_CALLBACK
  42:Generated_Source\PSoC4/UART_SPI_UART_INT.c ****     UART_SPI_UART_ISR_EntryCallback();
  43:Generated_Source\PSoC4/UART_SPI_UART_INT.c **** #endif /* UART_SPI_UART_ISR_ENTRY_CALLBACK */
  44:Generated_Source\PSoC4/UART_SPI_UART_INT.c **** 
  45:Generated_Source\PSoC4/UART_SPI_UART_INT.c ****     if (NULL != UART_customIntrHandler)
  36              		.loc 1 45 0
  37 0002 144B     		ldr	r3, .L9
  38 0004 1B68     		ldr	r3, [r3]
  39 0006 002B     		cmp	r3, #0
  40 0008 00D0     		beq	.L2
  46:Generated_Source\PSoC4/UART_SPI_UART_INT.c ****     {
  47:Generated_Source\PSoC4/UART_SPI_UART_INT.c ****         UART_customIntrHandler();
  41              		.loc 1 47 0
  42 000a 9847     		blx	r3
  43              	.LVL0:
  44              	.L2:
  48:Generated_Source\PSoC4/UART_SPI_UART_INT.c ****     }
  49:Generated_Source\PSoC4/UART_SPI_UART_INT.c **** 
  50:Generated_Source\PSoC4/UART_SPI_UART_INT.c ****     #if(UART_CHECK_SPI_WAKE_ENABLE)
  51:Generated_Source\PSoC4/UART_SPI_UART_INT.c ****     {
  52:Generated_Source\PSoC4/UART_SPI_UART_INT.c ****         /* Clear SPI wakeup source */
  53:Generated_Source\PSoC4/UART_SPI_UART_INT.c ****         UART_ClearSpiExtClkInterruptSource(UART_INTR_SPI_EC_WAKE_UP);
  54:Generated_Source\PSoC4/UART_SPI_UART_INT.c ****     }
  55:Generated_Source\PSoC4/UART_SPI_UART_INT.c ****     #endif
  56:Generated_Source\PSoC4/UART_SPI_UART_INT.c **** 
  57:Generated_Source\PSoC4/UART_SPI_UART_INT.c ****     #if (UART_CHECK_RX_SW_BUFFER)
  58:Generated_Source\PSoC4/UART_SPI_UART_INT.c ****     {
  59:Generated_Source\PSoC4/UART_SPI_UART_INT.c ****         if (UART_CHECK_INTR_RX_MASKED(UART_INTR_RX_NOT_EMPTY))
  45              		.loc 1 59 0
  46 000c 124B     		ldr	r3, .L9+4
  47 000e 1B68     		ldr	r3, [r3]
  48 0010 5B07     		lsls	r3, r3, #29
  49 0012 1DD5     		bpl	.L1
  50              	.L7:
  60:Generated_Source\PSoC4/UART_SPI_UART_INT.c ****         {
  61:Generated_Source\PSoC4/UART_SPI_UART_INT.c ****             do
  62:Generated_Source\PSoC4/UART_SPI_UART_INT.c ****             {
  63:Generated_Source\PSoC4/UART_SPI_UART_INT.c ****                 /* Move local head index */
  64:Generated_Source\PSoC4/UART_SPI_UART_INT.c ****                 locHead = (UART_rxBufferHead + 1u);
ARM GAS  C:\Users\mewin\AppData\Local\Temp\ccpFVeUw.s 			page 3


  51              		.loc 1 64 0
  52 0014 114B     		ldr	r3, .L9+8
  53 0016 1B68     		ldr	r3, [r3]
  54 0018 0133     		adds	r3, r3, #1
  55              	.LVL1:
  65:Generated_Source\PSoC4/UART_SPI_UART_INT.c **** 
  66:Generated_Source\PSoC4/UART_SPI_UART_INT.c ****                 /* Adjust local head index */
  67:Generated_Source\PSoC4/UART_SPI_UART_INT.c ****                 if (UART_INTERNAL_RX_BUFFER_SIZE == locHead)
  56              		.loc 1 67 0
  57 001a 112B     		cmp	r3, #17
  58 001c 00D1     		bne	.L4
  68:Generated_Source\PSoC4/UART_SPI_UART_INT.c ****                 {
  69:Generated_Source\PSoC4/UART_SPI_UART_INT.c ****                     locHead = 0u;
  59              		.loc 1 69 0
  60 001e 0023     		movs	r3, #0
  61              	.LVL2:
  62              	.L4:
  70:Generated_Source\PSoC4/UART_SPI_UART_INT.c ****                 }
  71:Generated_Source\PSoC4/UART_SPI_UART_INT.c **** 
  72:Generated_Source\PSoC4/UART_SPI_UART_INT.c ****                 if (locHead == UART_rxBufferTail)
  63              		.loc 1 72 0
  64 0020 0F4A     		ldr	r2, .L9+12
  65 0022 1268     		ldr	r2, [r2]
  66 0024 9342     		cmp	r3, r2
  67 0026 05D1     		bne	.L5
  73:Generated_Source\PSoC4/UART_SPI_UART_INT.c ****                 {
  74:Generated_Source\PSoC4/UART_SPI_UART_INT.c ****                     #if (UART_CHECK_UART_RTS_CONTROL_FLOW)
  75:Generated_Source\PSoC4/UART_SPI_UART_INT.c ****                     {
  76:Generated_Source\PSoC4/UART_SPI_UART_INT.c ****                         /* There is no space in the software buffer - disable the
  77:Generated_Source\PSoC4/UART_SPI_UART_INT.c ****                         * RX Not Empty interrupt source. The data elements are
  78:Generated_Source\PSoC4/UART_SPI_UART_INT.c ****                         * still being received into the RX FIFO until the RTS signal
  79:Generated_Source\PSoC4/UART_SPI_UART_INT.c ****                         * stops the transmitter. After the data element is read from the
  80:Generated_Source\PSoC4/UART_SPI_UART_INT.c ****                         * buffer, the RX Not Empty interrupt source is enabled to
  81:Generated_Source\PSoC4/UART_SPI_UART_INT.c ****                         * move the next data element in the software buffer.
  82:Generated_Source\PSoC4/UART_SPI_UART_INT.c ****                         */
  83:Generated_Source\PSoC4/UART_SPI_UART_INT.c ****                         UART_INTR_RX_MASK_REG &= ~UART_INTR_RX_NOT_EMPTY;
  84:Generated_Source\PSoC4/UART_SPI_UART_INT.c ****                         break;
  85:Generated_Source\PSoC4/UART_SPI_UART_INT.c ****                     }
  86:Generated_Source\PSoC4/UART_SPI_UART_INT.c ****                     #else
  87:Generated_Source\PSoC4/UART_SPI_UART_INT.c ****                     {
  88:Generated_Source\PSoC4/UART_SPI_UART_INT.c ****                         /* Overflow: through away received data element */
  89:Generated_Source\PSoC4/UART_SPI_UART_INT.c ****                         (void) UART_RX_FIFO_RD_REG;
  68              		.loc 1 89 0
  69 0028 0E4B     		ldr	r3, .L9+16
  70              	.LVL3:
  71 002a 1B68     		ldr	r3, [r3]
  90:Generated_Source\PSoC4/UART_SPI_UART_INT.c ****                         UART_rxBufferOverflow = (uint8) UART_INTR_RX_OVERFLOW;
  72              		.loc 1 90 0
  73 002c 2022     		movs	r2, #32
  74 002e 0E4B     		ldr	r3, .L9+20
  75 0030 1A70     		strb	r2, [r3]
  76 0032 06E0     		b	.L6
  77              	.LVL4:
  78              	.L5:
  91:Generated_Source\PSoC4/UART_SPI_UART_INT.c ****                     }
  92:Generated_Source\PSoC4/UART_SPI_UART_INT.c ****                     #endif
  93:Generated_Source\PSoC4/UART_SPI_UART_INT.c ****                 }
ARM GAS  C:\Users\mewin\AppData\Local\Temp\ccpFVeUw.s 			page 4


  94:Generated_Source\PSoC4/UART_SPI_UART_INT.c ****                 else
  95:Generated_Source\PSoC4/UART_SPI_UART_INT.c ****                 {
  96:Generated_Source\PSoC4/UART_SPI_UART_INT.c ****                     /* Store received data */
  97:Generated_Source\PSoC4/UART_SPI_UART_INT.c ****                     UART_PutWordInRxBuffer(locHead, UART_RX_FIFO_RD_REG);
  79              		.loc 1 97 0
  80 0034 0B4A     		ldr	r2, .L9+16
  81 0036 1268     		ldr	r2, [r2]
  82 0038 D2B2     		uxtb	r2, r2
  83 003a 0C49     		ldr	r1, .L9+24
  84 003c CA54     		strb	r2, [r1, r3]
  98:Generated_Source\PSoC4/UART_SPI_UART_INT.c **** 
  99:Generated_Source\PSoC4/UART_SPI_UART_INT.c ****                     /* Move head index */
 100:Generated_Source\PSoC4/UART_SPI_UART_INT.c ****                     UART_rxBufferHead = locHead;
  85              		.loc 1 100 0
  86 003e 074A     		ldr	r2, .L9+8
  87 0040 1360     		str	r3, [r2]
  88              	.LVL5:
  89              	.L6:
 101:Generated_Source\PSoC4/UART_SPI_UART_INT.c ****                 }
 102:Generated_Source\PSoC4/UART_SPI_UART_INT.c ****             }
 103:Generated_Source\PSoC4/UART_SPI_UART_INT.c ****             while(0u != UART_GET_RX_FIFO_ENTRIES);
  90              		.loc 1 103 0
  91 0042 0B4B     		ldr	r3, .L9+28
  92 0044 1B68     		ldr	r3, [r3]
  93 0046 DB06     		lsls	r3, r3, #27
  94 0048 E4D1     		bne	.L7
 104:Generated_Source\PSoC4/UART_SPI_UART_INT.c **** 
 105:Generated_Source\PSoC4/UART_SPI_UART_INT.c ****             UART_ClearRxInterruptSource(UART_INTR_RX_NOT_EMPTY);
  95              		.loc 1 105 0
  96 004a 0422     		movs	r2, #4
  97 004c 094B     		ldr	r3, .L9+32
  98 004e 1A60     		str	r2, [r3]
  99              	.L1:
 106:Generated_Source\PSoC4/UART_SPI_UART_INT.c ****         }
 107:Generated_Source\PSoC4/UART_SPI_UART_INT.c ****     }
 108:Generated_Source\PSoC4/UART_SPI_UART_INT.c ****     #endif
 109:Generated_Source\PSoC4/UART_SPI_UART_INT.c **** 
 110:Generated_Source\PSoC4/UART_SPI_UART_INT.c **** 
 111:Generated_Source\PSoC4/UART_SPI_UART_INT.c ****     #if (UART_CHECK_TX_SW_BUFFER)
 112:Generated_Source\PSoC4/UART_SPI_UART_INT.c ****     {
 113:Generated_Source\PSoC4/UART_SPI_UART_INT.c ****         if (UART_CHECK_INTR_TX_MASKED(UART_INTR_TX_NOT_FULL))
 114:Generated_Source\PSoC4/UART_SPI_UART_INT.c ****         {
 115:Generated_Source\PSoC4/UART_SPI_UART_INT.c ****             do
 116:Generated_Source\PSoC4/UART_SPI_UART_INT.c ****             {
 117:Generated_Source\PSoC4/UART_SPI_UART_INT.c ****                 /* Check for room in TX software buffer */
 118:Generated_Source\PSoC4/UART_SPI_UART_INT.c ****                 if (UART_txBufferHead != UART_txBufferTail)
 119:Generated_Source\PSoC4/UART_SPI_UART_INT.c ****                 {
 120:Generated_Source\PSoC4/UART_SPI_UART_INT.c ****                     /* Move local tail index */
 121:Generated_Source\PSoC4/UART_SPI_UART_INT.c ****                     locTail = (UART_txBufferTail + 1u);
 122:Generated_Source\PSoC4/UART_SPI_UART_INT.c **** 
 123:Generated_Source\PSoC4/UART_SPI_UART_INT.c ****                     /* Adjust local tail index */
 124:Generated_Source\PSoC4/UART_SPI_UART_INT.c ****                     if (UART_TX_BUFFER_SIZE == locTail)
 125:Generated_Source\PSoC4/UART_SPI_UART_INT.c ****                     {
 126:Generated_Source\PSoC4/UART_SPI_UART_INT.c ****                         locTail = 0u;
 127:Generated_Source\PSoC4/UART_SPI_UART_INT.c ****                     }
 128:Generated_Source\PSoC4/UART_SPI_UART_INT.c **** 
 129:Generated_Source\PSoC4/UART_SPI_UART_INT.c ****                     /* Put data into TX FIFO */
ARM GAS  C:\Users\mewin\AppData\Local\Temp\ccpFVeUw.s 			page 5


 130:Generated_Source\PSoC4/UART_SPI_UART_INT.c ****                     UART_TX_FIFO_WR_REG = UART_GetWordFromTxBuffer(locTail);
 131:Generated_Source\PSoC4/UART_SPI_UART_INT.c **** 
 132:Generated_Source\PSoC4/UART_SPI_UART_INT.c ****                     /* Move tail index */
 133:Generated_Source\PSoC4/UART_SPI_UART_INT.c ****                     UART_txBufferTail = locTail;
 134:Generated_Source\PSoC4/UART_SPI_UART_INT.c ****                 }
 135:Generated_Source\PSoC4/UART_SPI_UART_INT.c ****                 else
 136:Generated_Source\PSoC4/UART_SPI_UART_INT.c ****                 {
 137:Generated_Source\PSoC4/UART_SPI_UART_INT.c ****                     /* TX software buffer is empty: complete transfer */
 138:Generated_Source\PSoC4/UART_SPI_UART_INT.c ****                     UART_DISABLE_INTR_TX(UART_INTR_TX_NOT_FULL);
 139:Generated_Source\PSoC4/UART_SPI_UART_INT.c ****                     break;
 140:Generated_Source\PSoC4/UART_SPI_UART_INT.c ****                 }
 141:Generated_Source\PSoC4/UART_SPI_UART_INT.c ****             }
 142:Generated_Source\PSoC4/UART_SPI_UART_INT.c ****             while (UART_SPI_UART_FIFO_SIZE != UART_GET_TX_FIFO_ENTRIES);
 143:Generated_Source\PSoC4/UART_SPI_UART_INT.c **** 
 144:Generated_Source\PSoC4/UART_SPI_UART_INT.c ****             UART_ClearTxInterruptSource(UART_INTR_TX_NOT_FULL);
 145:Generated_Source\PSoC4/UART_SPI_UART_INT.c ****         }
 146:Generated_Source\PSoC4/UART_SPI_UART_INT.c ****     }
 147:Generated_Source\PSoC4/UART_SPI_UART_INT.c ****     #endif
 148:Generated_Source\PSoC4/UART_SPI_UART_INT.c **** 
 149:Generated_Source\PSoC4/UART_SPI_UART_INT.c **** #ifdef UART_SPI_UART_ISR_EXIT_CALLBACK
 150:Generated_Source\PSoC4/UART_SPI_UART_INT.c ****     UART_SPI_UART_ISR_ExitCallback();
 151:Generated_Source\PSoC4/UART_SPI_UART_INT.c **** #endif /* UART_SPI_UART_ISR_EXIT_CALLBACK */
 152:Generated_Source\PSoC4/UART_SPI_UART_INT.c **** 
 153:Generated_Source\PSoC4/UART_SPI_UART_INT.c **** }
 100              		.loc 1 153 0
 101              		@ sp needed
 102 0050 10BD     		pop	{r4, pc}
 103              	.L10:
 104 0052 C046     		.align	2
 105              	.L9:
 106 0054 00000000 		.word	UART_customIntrHandler
 107 0058 CC0F2540 		.word	1076170700
 108 005c 00000000 		.word	UART_rxBufferHead
 109 0060 00000000 		.word	UART_rxBufferTail
 110 0064 40032540 		.word	1076167488
 111 0068 00000000 		.word	UART_rxBufferOverflow
 112 006c 00000000 		.word	UART_rxBufferInternal
 113 0070 08032540 		.word	1076167432
 114 0074 C00F2540 		.word	1076170688
 115              		.cfi_endproc
 116              	.LFE1:
 117              		.size	UART_SPI_UART_ISR, .-UART_SPI_UART_ISR
 118              		.text
 119              	.Letext0:
 120              		.file 2 "Generated_Source\\PSoC4/cytypes.h"
 121              		.file 3 "Generated_Source\\PSoC4\\UART_PVT.h"
 122              		.file 4 "Generated_Source\\PSoC4\\UART_SPI_UART_PVT.h"
 123              		.section	.debug_info,"",%progbits
 124              	.Ldebug_info0:
 125 0000 3D010000 		.4byte	0x13d
 126 0004 0400     		.2byte	0x4
 127 0006 00000000 		.4byte	.Ldebug_abbrev0
 128 000a 04       		.byte	0x4
 129 000b 01       		.uleb128 0x1
 130 000c 00010000 		.4byte	.LASF23
 131 0010 0C       		.byte	0xc
 132 0011 AD010000 		.4byte	.LASF24
ARM GAS  C:\Users\mewin\AppData\Local\Temp\ccpFVeUw.s 			page 6


 133 0015 FC010000 		.4byte	.LASF25
 134 0019 00000000 		.4byte	.Ldebug_ranges0+0
 135 001d 00000000 		.4byte	0
 136 0021 00000000 		.4byte	.Ldebug_line0
 137 0025 02       		.uleb128 0x2
 138 0026 01       		.byte	0x1
 139 0027 06       		.byte	0x6
 140 0028 A1010000 		.4byte	.LASF0
 141 002c 02       		.uleb128 0x2
 142 002d 01       		.byte	0x1
 143 002e 08       		.byte	0x8
 144 002f A9000000 		.4byte	.LASF1
 145 0033 02       		.uleb128 0x2
 146 0034 02       		.byte	0x2
 147 0035 05       		.byte	0x5
 148 0036 E9000000 		.4byte	.LASF2
 149 003a 02       		.uleb128 0x2
 150 003b 02       		.byte	0x2
 151 003c 07       		.byte	0x7
 152 003d 8E010000 		.4byte	.LASF3
 153 0041 02       		.uleb128 0x2
 154 0042 04       		.byte	0x4
 155 0043 05       		.byte	0x5
 156 0044 D3000000 		.4byte	.LASF4
 157 0048 02       		.uleb128 0x2
 158 0049 04       		.byte	0x4
 159 004a 07       		.byte	0x7
 160 004b 3E000000 		.4byte	.LASF5
 161 004f 02       		.uleb128 0x2
 162 0050 08       		.byte	0x8
 163 0051 05       		.byte	0x5
 164 0052 00000000 		.4byte	.LASF6
 165 0056 02       		.uleb128 0x2
 166 0057 08       		.byte	0x8
 167 0058 07       		.byte	0x7
 168 0059 58000000 		.4byte	.LASF7
 169 005d 03       		.uleb128 0x3
 170 005e 04       		.byte	0x4
 171 005f 05       		.byte	0x5
 172 0060 696E7400 		.ascii	"int\000"
 173 0064 02       		.uleb128 0x2
 174 0065 04       		.byte	0x4
 175 0066 07       		.byte	0x7
 176 0067 15000000 		.4byte	.LASF8
 177 006b 04       		.uleb128 0x4
 178 006c 38000000 		.4byte	.LASF9
 179 0070 02       		.byte	0x2
 180 0071 FC01     		.2byte	0x1fc
 181 0073 2C000000 		.4byte	0x2c
 182 0077 04       		.uleb128 0x4
 183 0078 0E000000 		.4byte	.LASF10
 184 007c 02       		.byte	0x2
 185 007d FE01     		.2byte	0x1fe
 186 007f 48000000 		.4byte	0x48
 187 0083 02       		.uleb128 0x2
 188 0084 04       		.byte	0x4
 189 0085 04       		.byte	0x4
ARM GAS  C:\Users\mewin\AppData\Local\Temp\ccpFVeUw.s 			page 7


 190 0086 F6010000 		.4byte	.LASF11
 191 008a 02       		.uleb128 0x2
 192 008b 08       		.byte	0x8
 193 008c 04       		.byte	0x4
 194 008d F3000000 		.4byte	.LASF12
 195 0091 02       		.uleb128 0x2
 196 0092 01       		.byte	0x1
 197 0093 08       		.byte	0x8
 198 0094 CE000000 		.4byte	.LASF13
 199 0098 05       		.uleb128 0x5
 200 0099 6B000000 		.4byte	0x6b
 201 009d 04       		.uleb128 0x4
 202 009e FA000000 		.4byte	.LASF14
 203 00a2 02       		.byte	0x2
 204 00a3 A802     		.2byte	0x2a8
 205 00a5 A9000000 		.4byte	0xa9
 206 00a9 05       		.uleb128 0x5
 207 00aa 77000000 		.4byte	0x77
 208 00ae 04       		.uleb128 0x4
 209 00af DC000000 		.4byte	.LASF15
 210 00b3 02       		.byte	0x2
 211 00b4 B802     		.2byte	0x2b8
 212 00b6 BA000000 		.4byte	0xba
 213 00ba 06       		.uleb128 0x6
 214 00bb 04       		.byte	0x4
 215 00bc C0000000 		.4byte	0xc0
 216 00c0 07       		.uleb128 0x7
 217 00c1 02       		.uleb128 0x2
 218 00c2 08       		.byte	0x8
 219 00c3 04       		.byte	0x4
 220 00c4 D8010000 		.4byte	.LASF16
 221 00c8 02       		.uleb128 0x2
 222 00c9 04       		.byte	0x4
 223 00ca 07       		.byte	0x7
 224 00cb 77020000 		.4byte	.LASF17
 225 00cf 08       		.uleb128 0x8
 226 00d0 E4010000 		.4byte	.LASF26
 227 00d4 01       		.byte	0x1
 228 00d5 1F       		.byte	0x1f
 229 00d6 00000000 		.4byte	.LFB1
 230 00da 78000000 		.4byte	.LFE1-.LFB1
 231 00de 01       		.uleb128 0x1
 232 00df 9C       		.byte	0x9c
 233 00e0 F4000000 		.4byte	0xf4
 234 00e4 09       		.uleb128 0x9
 235 00e5 50000000 		.4byte	.LASF27
 236 00e9 01       		.byte	0x1
 237 00ea 22       		.byte	0x22
 238 00eb 77000000 		.4byte	0x77
 239 00ef 00000000 		.4byte	.LLST0
 240 00f3 00       		.byte	0
 241 00f4 0A       		.uleb128 0xa
 242 00f5 B7000000 		.4byte	.LASF18
 243 00f9 03       		.byte	0x3
 244 00fa 3B       		.byte	0x3b
 245 00fb AE000000 		.4byte	0xae
 246 00ff 0A       		.uleb128 0xa
ARM GAS  C:\Users\mewin\AppData\Local\Temp\ccpFVeUw.s 			page 8


 247 0100 6F000000 		.4byte	.LASF19
 248 0104 04       		.byte	0x4
 249 0105 1F       		.byte	0x1f
 250 0106 A9000000 		.4byte	0xa9
 251 010a 0A       		.uleb128 0xa
 252 010b 81000000 		.4byte	.LASF20
 253 010f 04       		.byte	0x4
 254 0110 20       		.byte	0x20
 255 0111 A9000000 		.4byte	0xa9
 256 0115 0A       		.uleb128 0xa
 257 0116 22000000 		.4byte	.LASF21
 258 011a 04       		.byte	0x4
 259 011b 2A       		.byte	0x2a
 260 011c 98000000 		.4byte	0x98
 261 0120 0B       		.uleb128 0xb
 262 0121 98000000 		.4byte	0x98
 263 0125 30010000 		.4byte	0x130
 264 0129 0C       		.uleb128 0xc
 265 012a C8000000 		.4byte	0xc8
 266 012e 10       		.byte	0x10
 267 012f 00       		.byte	0
 268 0130 0A       		.uleb128 0xa
 269 0131 93000000 		.4byte	.LASF22
 270 0135 04       		.byte	0x4
 271 0136 34       		.byte	0x34
 272 0137 3B010000 		.4byte	0x13b
 273 013b 05       		.uleb128 0x5
 274 013c 20010000 		.4byte	0x120
 275 0140 00       		.byte	0
 276              		.section	.debug_abbrev,"",%progbits
 277              	.Ldebug_abbrev0:
 278 0000 01       		.uleb128 0x1
 279 0001 11       		.uleb128 0x11
 280 0002 01       		.byte	0x1
 281 0003 25       		.uleb128 0x25
 282 0004 0E       		.uleb128 0xe
 283 0005 13       		.uleb128 0x13
 284 0006 0B       		.uleb128 0xb
 285 0007 03       		.uleb128 0x3
 286 0008 0E       		.uleb128 0xe
 287 0009 1B       		.uleb128 0x1b
 288 000a 0E       		.uleb128 0xe
 289 000b 55       		.uleb128 0x55
 290 000c 17       		.uleb128 0x17
 291 000d 11       		.uleb128 0x11
 292 000e 01       		.uleb128 0x1
 293 000f 10       		.uleb128 0x10
 294 0010 17       		.uleb128 0x17
 295 0011 00       		.byte	0
 296 0012 00       		.byte	0
 297 0013 02       		.uleb128 0x2
 298 0014 24       		.uleb128 0x24
 299 0015 00       		.byte	0
 300 0016 0B       		.uleb128 0xb
 301 0017 0B       		.uleb128 0xb
 302 0018 3E       		.uleb128 0x3e
 303 0019 0B       		.uleb128 0xb
ARM GAS  C:\Users\mewin\AppData\Local\Temp\ccpFVeUw.s 			page 9


 304 001a 03       		.uleb128 0x3
 305 001b 0E       		.uleb128 0xe
 306 001c 00       		.byte	0
 307 001d 00       		.byte	0
 308 001e 03       		.uleb128 0x3
 309 001f 24       		.uleb128 0x24
 310 0020 00       		.byte	0
 311 0021 0B       		.uleb128 0xb
 312 0022 0B       		.uleb128 0xb
 313 0023 3E       		.uleb128 0x3e
 314 0024 0B       		.uleb128 0xb
 315 0025 03       		.uleb128 0x3
 316 0026 08       		.uleb128 0x8
 317 0027 00       		.byte	0
 318 0028 00       		.byte	0
 319 0029 04       		.uleb128 0x4
 320 002a 16       		.uleb128 0x16
 321 002b 00       		.byte	0
 322 002c 03       		.uleb128 0x3
 323 002d 0E       		.uleb128 0xe
 324 002e 3A       		.uleb128 0x3a
 325 002f 0B       		.uleb128 0xb
 326 0030 3B       		.uleb128 0x3b
 327 0031 05       		.uleb128 0x5
 328 0032 49       		.uleb128 0x49
 329 0033 13       		.uleb128 0x13
 330 0034 00       		.byte	0
 331 0035 00       		.byte	0
 332 0036 05       		.uleb128 0x5
 333 0037 35       		.uleb128 0x35
 334 0038 00       		.byte	0
 335 0039 49       		.uleb128 0x49
 336 003a 13       		.uleb128 0x13
 337 003b 00       		.byte	0
 338 003c 00       		.byte	0
 339 003d 06       		.uleb128 0x6
 340 003e 0F       		.uleb128 0xf
 341 003f 00       		.byte	0
 342 0040 0B       		.uleb128 0xb
 343 0041 0B       		.uleb128 0xb
 344 0042 49       		.uleb128 0x49
 345 0043 13       		.uleb128 0x13
 346 0044 00       		.byte	0
 347 0045 00       		.byte	0
 348 0046 07       		.uleb128 0x7
 349 0047 15       		.uleb128 0x15
 350 0048 00       		.byte	0
 351 0049 27       		.uleb128 0x27
 352 004a 19       		.uleb128 0x19
 353 004b 00       		.byte	0
 354 004c 00       		.byte	0
 355 004d 08       		.uleb128 0x8
 356 004e 2E       		.uleb128 0x2e
 357 004f 01       		.byte	0x1
 358 0050 3F       		.uleb128 0x3f
 359 0051 19       		.uleb128 0x19
 360 0052 03       		.uleb128 0x3
ARM GAS  C:\Users\mewin\AppData\Local\Temp\ccpFVeUw.s 			page 10


 361 0053 0E       		.uleb128 0xe
 362 0054 3A       		.uleb128 0x3a
 363 0055 0B       		.uleb128 0xb
 364 0056 3B       		.uleb128 0x3b
 365 0057 0B       		.uleb128 0xb
 366 0058 27       		.uleb128 0x27
 367 0059 19       		.uleb128 0x19
 368 005a 11       		.uleb128 0x11
 369 005b 01       		.uleb128 0x1
 370 005c 12       		.uleb128 0x12
 371 005d 06       		.uleb128 0x6
 372 005e 40       		.uleb128 0x40
 373 005f 18       		.uleb128 0x18
 374 0060 9642     		.uleb128 0x2116
 375 0062 19       		.uleb128 0x19
 376 0063 01       		.uleb128 0x1
 377 0064 13       		.uleb128 0x13
 378 0065 00       		.byte	0
 379 0066 00       		.byte	0
 380 0067 09       		.uleb128 0x9
 381 0068 34       		.uleb128 0x34
 382 0069 00       		.byte	0
 383 006a 03       		.uleb128 0x3
 384 006b 0E       		.uleb128 0xe
 385 006c 3A       		.uleb128 0x3a
 386 006d 0B       		.uleb128 0xb
 387 006e 3B       		.uleb128 0x3b
 388 006f 0B       		.uleb128 0xb
 389 0070 49       		.uleb128 0x49
 390 0071 13       		.uleb128 0x13
 391 0072 02       		.uleb128 0x2
 392 0073 17       		.uleb128 0x17
 393 0074 00       		.byte	0
 394 0075 00       		.byte	0
 395 0076 0A       		.uleb128 0xa
 396 0077 34       		.uleb128 0x34
 397 0078 00       		.byte	0
 398 0079 03       		.uleb128 0x3
 399 007a 0E       		.uleb128 0xe
 400 007b 3A       		.uleb128 0x3a
 401 007c 0B       		.uleb128 0xb
 402 007d 3B       		.uleb128 0x3b
 403 007e 0B       		.uleb128 0xb
 404 007f 49       		.uleb128 0x49
 405 0080 13       		.uleb128 0x13
 406 0081 3F       		.uleb128 0x3f
 407 0082 19       		.uleb128 0x19
 408 0083 3C       		.uleb128 0x3c
 409 0084 19       		.uleb128 0x19
 410 0085 00       		.byte	0
 411 0086 00       		.byte	0
 412 0087 0B       		.uleb128 0xb
 413 0088 01       		.uleb128 0x1
 414 0089 01       		.byte	0x1
 415 008a 49       		.uleb128 0x49
 416 008b 13       		.uleb128 0x13
 417 008c 01       		.uleb128 0x1
ARM GAS  C:\Users\mewin\AppData\Local\Temp\ccpFVeUw.s 			page 11


 418 008d 13       		.uleb128 0x13
 419 008e 00       		.byte	0
 420 008f 00       		.byte	0
 421 0090 0C       		.uleb128 0xc
 422 0091 21       		.uleb128 0x21
 423 0092 00       		.byte	0
 424 0093 49       		.uleb128 0x49
 425 0094 13       		.uleb128 0x13
 426 0095 2F       		.uleb128 0x2f
 427 0096 0B       		.uleb128 0xb
 428 0097 00       		.byte	0
 429 0098 00       		.byte	0
 430 0099 00       		.byte	0
 431              		.section	.debug_loc,"",%progbits
 432              	.Ldebug_loc0:
 433              	.LLST0:
 434 0000 1A000000 		.4byte	.LVL1
 435 0004 2A000000 		.4byte	.LVL3
 436 0008 0100     		.2byte	0x1
 437 000a 53       		.byte	0x53
 438 000b 34000000 		.4byte	.LVL4
 439 000f 42000000 		.4byte	.LVL5
 440 0013 0100     		.2byte	0x1
 441 0015 53       		.byte	0x53
 442 0016 00000000 		.4byte	0
 443 001a 00000000 		.4byte	0
 444              		.section	.debug_aranges,"",%progbits
 445 0000 1C000000 		.4byte	0x1c
 446 0004 0200     		.2byte	0x2
 447 0006 00000000 		.4byte	.Ldebug_info0
 448 000a 04       		.byte	0x4
 449 000b 00       		.byte	0
 450 000c 0000     		.2byte	0
 451 000e 0000     		.2byte	0
 452 0010 00000000 		.4byte	.LFB1
 453 0014 78000000 		.4byte	.LFE1-.LFB1
 454 0018 00000000 		.4byte	0
 455 001c 00000000 		.4byte	0
 456              		.section	.debug_ranges,"",%progbits
 457              	.Ldebug_ranges0:
 458 0000 00000000 		.4byte	.LFB1
 459 0004 78000000 		.4byte	.LFE1
 460 0008 00000000 		.4byte	0
 461 000c 00000000 		.4byte	0
 462              		.section	.debug_line,"",%progbits
 463              	.Ldebug_line0:
 464 0000 9E000000 		.section	.debug_str,"MS",%progbits,1
 464      02007300 
 464      00000201 
 464      FB0E0D00 
 464      01010101 
 465              	.LASF6:
 466 0000 6C6F6E67 		.ascii	"long long int\000"
 466      206C6F6E 
 466      6720696E 
 466      7400
 467              	.LASF10:
ARM GAS  C:\Users\mewin\AppData\Local\Temp\ccpFVeUw.s 			page 12


 468 000e 75696E74 		.ascii	"uint32\000"
 468      333200
 469              	.LASF8:
 470 0015 756E7369 		.ascii	"unsigned int\000"
 470      676E6564 
 470      20696E74 
 470      00
 471              	.LASF21:
 472 0022 55415254 		.ascii	"UART_rxBufferOverflow\000"
 472      5F727842 
 472      75666665 
 472      724F7665 
 472      72666C6F 
 473              	.LASF9:
 474 0038 75696E74 		.ascii	"uint8\000"
 474      3800
 475              	.LASF5:
 476 003e 6C6F6E67 		.ascii	"long unsigned int\000"
 476      20756E73 
 476      69676E65 
 476      6420696E 
 476      7400
 477              	.LASF27:
 478 0050 6C6F6348 		.ascii	"locHead\000"
 478      65616400 
 479              	.LASF7:
 480 0058 6C6F6E67 		.ascii	"long long unsigned int\000"
 480      206C6F6E 
 480      6720756E 
 480      7369676E 
 480      65642069 
 481              	.LASF19:
 482 006f 55415254 		.ascii	"UART_rxBufferHead\000"
 482      5F727842 
 482      75666665 
 482      72486561 
 482      6400
 483              	.LASF20:
 484 0081 55415254 		.ascii	"UART_rxBufferTail\000"
 484      5F727842 
 484      75666665 
 484      72546169 
 484      6C00
 485              	.LASF22:
 486 0093 55415254 		.ascii	"UART_rxBufferInternal\000"
 486      5F727842 
 486      75666665 
 486      72496E74 
 486      65726E61 
 487              	.LASF1:
 488 00a9 756E7369 		.ascii	"unsigned char\000"
 488      676E6564 
 488      20636861 
 488      7200
 489              	.LASF18:
 490 00b7 55415254 		.ascii	"UART_customIntrHandler\000"
 490      5F637573 
ARM GAS  C:\Users\mewin\AppData\Local\Temp\ccpFVeUw.s 			page 13


 490      746F6D49 
 490      6E747248 
 490      616E646C 
 491              	.LASF13:
 492 00ce 63686172 		.ascii	"char\000"
 492      00
 493              	.LASF4:
 494 00d3 6C6F6E67 		.ascii	"long int\000"
 494      20696E74 
 494      00
 495              	.LASF15:
 496 00dc 63796973 		.ascii	"cyisraddress\000"
 496      72616464 
 496      72657373 
 496      00
 497              	.LASF2:
 498 00e9 73686F72 		.ascii	"short int\000"
 498      7420696E 
 498      7400
 499              	.LASF12:
 500 00f3 646F7562 		.ascii	"double\000"
 500      6C6500
 501              	.LASF14:
 502 00fa 72656733 		.ascii	"reg32\000"
 502      3200
 503              	.LASF23:
 504 0100 474E5520 		.ascii	"GNU C11 5.4.1 20160609 (release) [ARM/embedded-5-br"
 504      43313120 
 504      352E342E 
 504      31203230 
 504      31363036 
 505 0133 616E6368 		.ascii	"anch revision 237715] -mcpu=cortex-m0 -mthumb -g -O"
 505      20726576 
 505      6973696F 
 505      6E203233 
 505      37373135 
 506 0166 67202D66 		.ascii	"g -ffunction-sections -ffat-lto-objects\000"
 506      66756E63 
 506      74696F6E 
 506      2D736563 
 506      74696F6E 
 507              	.LASF3:
 508 018e 73686F72 		.ascii	"short unsigned int\000"
 508      7420756E 
 508      7369676E 
 508      65642069 
 508      6E7400
 509              	.LASF0:
 510 01a1 7369676E 		.ascii	"signed char\000"
 510      65642063 
 510      68617200 
 511              	.LASF24:
 512 01ad 47656E65 		.ascii	"Generated_Source\\PSoC4\\UART_SPI_UART_INT.c\000"
 512      72617465 
 512      645F536F 
 512      75726365 
 512      5C50536F 
ARM GAS  C:\Users\mewin\AppData\Local\Temp\ccpFVeUw.s 			page 14


 513              	.LASF16:
 514 01d8 6C6F6E67 		.ascii	"long double\000"
 514      20646F75 
 514      626C6500 
 515              	.LASF26:
 516 01e4 55415254 		.ascii	"UART_SPI_UART_ISR\000"
 516      5F535049 
 516      5F554152 
 516      545F4953 
 516      5200
 517              	.LASF11:
 518 01f6 666C6F61 		.ascii	"float\000"
 518      7400
 519              	.LASF25:
 520 01fc 433A5C55 		.ascii	"C:\\Users\\mewin\\OneDrive\\Documents\\PSoC Creator"
 520      73657273 
 520      5C6D6577 
 520      696E5C4F 
 520      6E654472 
 521 022a 5C537765 		.ascii	"\\Swerve Motor Board 2023\\Swerve_Motor_Board_PY202"
 521      72766520 
 521      4D6F746F 
 521      7220426F 
 521      61726420 
 522 025b 335C5377 		.ascii	"3\\SwerveMotorFirmware.cydsn\000"
 522      65727665 
 522      4D6F746F 
 522      72466972 
 522      6D776172 
 523              	.LASF17:
 524 0277 73697A65 		.ascii	"sizetype\000"
 524      74797065 
 524      00
 525              		.ident	"GCC: (GNU Tools for ARM Embedded Processors) 5.4.1 20160609 (release) [ARM/embedded-5-bran
