--------------- Rebuild Started: 02/20/2023 17:33:09 Project: SwerveMotorFirmware, Configuration: ARM GCC 5.4-2016-q2-update Debug ---------------
Deleting file ".\CortexM0\ARM_GCC_541\Debug\main.o"
Deleting file ".\CortexM0\ARM_GCC_541\Debug\LED_Array.o"
Deleting file ".\CortexM0\ARM_GCC_541\Debug\MotorDrive.o"
Deleting file ".\CortexM0\ARM_GCC_541\Debug\PositionPID.o"
Deleting file ".\CortexM0\ARM_GCC_541\Debug\Motor_Unit_CAN.o"
Deleting file ".\CortexM0\ARM_GCC_541\Debug\Motor_Unit_FSM.o"
Deleting file ".\CortexM0\ARM_GCC_541\Debug\PortPSOC_swerve.o"
Deleting file ".\CortexM0\ARM_GCC_541\Debug\CANCommon.o"
Deleting file ".\CortexM0\ARM_GCC_541\Debug\CANGPIO.o"
Deleting file ".\CortexM0\ARM_GCC_541\Debug\CANLocalization.o"
Deleting file ".\CortexM0\ARM_GCC_541\Debug\CANMotorUnit.o"
Deleting file ".\CortexM0\ARM_GCC_541\Debug\CANPacket.o"
Deleting file ".\CortexM0\ARM_GCC_541\Debug\CANPower.o"
Deleting file ".\CortexM0\ARM_GCC_541\Debug\CANScience.o"
Deleting file ".\CortexM0\ARM_GCC_541\Debug\cyfitter_cfg.o"
Deleting file ".\CortexM0\ARM_GCC_541\Debug\cymetadata.o"
Deleting file ".\CortexM0\ARM_GCC_541\Debug\Limit1.o"
Deleting file ".\CortexM0\ARM_GCC_541\Debug\Limit1_PM.o"
Deleting file ".\CortexM0\ARM_GCC_541\Debug\Limit2.o"
Deleting file ".\CortexM0\ARM_GCC_541\Debug\Limit2_PM.o"
Deleting file ".\CortexM0\ARM_GCC_541\Debug\PWM_Motor1.o"
Deleting file ".\CortexM0\ARM_GCC_541\Debug\PWM_Motor1_PM.o"
Deleting file ".\CortexM0\ARM_GCC_541\Debug\isr_Limit_1.o"
Deleting file ".\CortexM0\ARM_GCC_541\Debug\Motor1PWM.o"
Deleting file ".\CortexM0\ARM_GCC_541\Debug\Motor1PWM_PM.o"
Deleting file ".\CortexM0\ARM_GCC_541\Debug\Clock_PWM1.o"
Deleting file ".\CortexM0\ARM_GCC_541\Debug\Potentiometer.o"
Deleting file ".\CortexM0\ARM_GCC_541\Debug\Potentiometer_PM.o"
Deleting file ".\CortexM0\ARM_GCC_541\Debug\Pin_Encoder_A.o"
Deleting file ".\CortexM0\ARM_GCC_541\Debug\Pin_Encoder_A_PM.o"
Deleting file ".\CortexM0\ARM_GCC_541\Debug\Pin_Encoder_B.o"
Deleting file ".\CortexM0\ARM_GCC_541\Debug\Pin_Encoder_B_PM.o"
Deleting file ".\CortexM0\ARM_GCC_541\Debug\Status_Reg_Switches.o"
Deleting file ".\CortexM0\ARM_GCC_541\Debug\Clock_2.o"
Deleting file ".\CortexM0\ARM_GCC_541\Debug\ADC_SAR_Seq_1.o"
Deleting file ".\CortexM0\ARM_GCC_541\Debug\ADC_SAR_Seq_1_PM.o"
Deleting file ".\CortexM0\ARM_GCC_541\Debug\ADC_SAR_Seq_1_INT.o"
Deleting file ".\CortexM0\ARM_GCC_541\Debug\CANRX.o"
Deleting file ".\CortexM0\ARM_GCC_541\Debug\CANRX_PM.o"
Deleting file ".\CortexM0\ARM_GCC_541\Debug\CANTX.o"
Deleting file ".\CortexM0\ARM_GCC_541\Debug\CANTX_PM.o"
Deleting file ".\CortexM0\ARM_GCC_541\Debug\CAN.o"
Deleting file ".\CortexM0\ARM_GCC_541\Debug\CAN_INT.o"
Deleting file ".\CortexM0\ARM_GCC_541\Debug\CAN_PM.o"
Deleting file ".\CortexM0\ARM_GCC_541\Debug\CAN_TX_RX_func.o"
Deleting file ".\CortexM0\ARM_GCC_541\Debug\UART.o"
Deleting file ".\CortexM0\ARM_GCC_541\Debug\UART_SPI_UART.o"
Deleting file ".\CortexM0\ARM_GCC_541\Debug\UART_SPI_UART_INT.o"
Deleting file ".\CortexM0\ARM_GCC_541\Debug\UART_PM.o"
Deleting file ".\CortexM0\ARM_GCC_541\Debug\UART_UART.o"
Deleting file ".\CortexM0\ARM_GCC_541\Debug\UART_BOOT.o"
Deleting file ".\CortexM0\ARM_GCC_541\Debug\UART_UART_BOOT.o"
Deleting file ".\CortexM0\ARM_GCC_541\Debug\Can_addr.o"
Deleting file ".\CortexM0\ARM_GCC_541\Debug\Dip1.o"
Deleting file ".\CortexM0\ARM_GCC_541\Debug\Dip1_PM.o"
Deleting file ".\CortexM0\ARM_GCC_541\Debug\Dip2.o"
Deleting file ".\CortexM0\ARM_GCC_541\Debug\Dip2_PM.o"
Deleting file ".\CortexM0\ARM_GCC_541\Debug\Dip3.o"
Deleting file ".\CortexM0\ARM_GCC_541\Debug\Dip3_PM.o"
Deleting file ".\CortexM0\ARM_GCC_541\Debug\Dip4.o"
Deleting file ".\CortexM0\ARM_GCC_541\Debug\Dip4_PM.o"
Deleting file ".\CortexM0\ARM_GCC_541\Debug\timer_clock.o"
Deleting file ".\CortexM0\ARM_GCC_541\Debug\Timer_1.o"
Deleting file ".\CortexM0\ARM_GCC_541\Debug\Timer_1_PM.o"
Deleting file ".\CortexM0\ARM_GCC_541\Debug\isr_period.o"
Deleting file ".\CortexM0\ARM_GCC_541\Debug\LED_Debug1.o"
Deleting file ".\CortexM0\ARM_GCC_541\Debug\LED_Debug1_PM.o"
Deleting file ".\CortexM0\ARM_GCC_541\Debug\LED_Debug2.o"
Deleting file ".\CortexM0\ARM_GCC_541\Debug\LED_Debug2_PM.o"
Deleting file ".\CortexM0\ARM_GCC_541\Debug\LED_CAN.o"
Deleting file ".\CortexM0\ARM_GCC_541\Debug\LED_CAN_PM.o"
Deleting file ".\CortexM0\ARM_GCC_541\Debug\LED_Error.o"
Deleting file ".\CortexM0\ARM_GCC_541\Debug\LED_Error_PM.o"
Deleting file ".\CortexM0\ARM_GCC_541\Debug\StripLights.o"
Deleting file ".\CortexM0\ARM_GCC_541\Debug\StripLights_fonts.o"
Deleting file ".\CortexM0\ARM_GCC_541\Debug\Array_LED.o"
Deleting file ".\CortexM0\ARM_GCC_541\Debug\Array_LED_PM.o"
Deleting file ".\CortexM0\ARM_GCC_541\Debug\Motor1Fault.o"
Deleting file ".\CortexM0\ARM_GCC_541\Debug\Motor1Fault_PM.o"
Deleting file ".\CortexM0\ARM_GCC_541\Debug\Motor2Fault.o"
Deleting file ".\CortexM0\ARM_GCC_541\Debug\Motor2Fault_PM.o"
Deleting file ".\CortexM0\ARM_GCC_541\Debug\PWM_Motor2.o"
Deleting file ".\CortexM0\ARM_GCC_541\Debug\PWM_Motor2_PM.o"
Deleting file ".\CortexM0\ARM_GCC_541\Debug\Motor1Direction.o"
Deleting file ".\CortexM0\ARM_GCC_541\Debug\Motor1Direction_PM.o"
Deleting file ".\CortexM0\ARM_GCC_541\Debug\Motor2PWM.o"
Deleting file ".\CortexM0\ARM_GCC_541\Debug\Motor2PWM_PM.o"
Deleting file ".\CortexM0\ARM_GCC_541\Debug\Clock_PWM2.o"
Deleting file ".\CortexM0\ARM_GCC_541\Debug\Motor2Direction.o"
Deleting file ".\CortexM0\ARM_GCC_541\Debug\Motor2Direction_PM.o"
Deleting file ".\CortexM0\ARM_GCC_541\Debug\ADC_SAR_Seq_1_IRQ.o"
Deleting file ".\CortexM0\ARM_GCC_541\Debug\ADC_SAR_Seq_1_intClock.o"
Deleting file ".\CortexM0\ARM_GCC_541\Debug\CAN_isr.o"
Deleting file ".\CortexM0\ARM_GCC_541\Debug\CAN_HFCLK.o"
Deleting file ".\CortexM0\ARM_GCC_541\Debug\UART_SCBCLK.o"
Deleting file ".\CortexM0\ARM_GCC_541\Debug\UART_tx.o"
Deleting file ".\CortexM0\ARM_GCC_541\Debug\UART_tx_PM.o"
Deleting file ".\CortexM0\ARM_GCC_541\Debug\UART_SCB_IRQ.o"
Deleting file ".\CortexM0\ARM_GCC_541\Debug\UART_rx.o"
Deleting file ".\CortexM0\ARM_GCC_541\Debug\UART_rx_PM.o"
Deleting file ".\CortexM0\ARM_GCC_541\Debug\StripLights_StringSel.o"
Deleting file ".\CortexM0\ARM_GCC_541\Debug\StripLights_StringSel_PM.o"
Deleting file ".\CortexM0\ARM_GCC_541\Debug\StripLights_cisr.o"
Deleting file ".\CortexM0\ARM_GCC_541\Debug\StripLights_fisr.o"
Deleting file ".\CortexM0\ARM_GCC_541\Debug\Cm0Start.o"
Deleting file ".\CortexM0\ARM_GCC_541\Debug\CyFlash.o"
Deleting file ".\CortexM0\ARM_GCC_541\Debug\CyLib.o"
Deleting file ".\CortexM0\ARM_GCC_541\Debug\cyPm.o"
Deleting file ".\CortexM0\ARM_GCC_541\Debug\cyutils.o"
Deleting file ".\CortexM0\ARM_GCC_541\Debug\CyBootAsmGnu.o"
Deleting file ".\CortexM0\ARM_GCC_541\Debug\CyDMA.o"
Deleting file ".\CortexM0\ARM_GCC_541\Debug\CyLFClk.o"
Deleting file ".\CortexM0\ARM_GCC_541\Debug\cy_em_eeprom.o"
Deleting file ".\CortexM0\ARM_GCC_541\Debug\Motor1CurrentSense.o"
Deleting file ".\CortexM0\ARM_GCC_541\Debug\Motor1CurrentSense_PM.o"
Deleting file ".\CortexM0\ARM_GCC_541\Debug\Motor2CurrentSense.o"
Deleting file ".\CortexM0\ARM_GCC_541\Debug\Motor2CurrentSense_PM.o"
Deleting file ".\CortexM0\ARM_GCC_541\Debug\SwerveMotorFirmware.hex"
Deleting file ".\CortexM0\ARM_GCC_541\Debug\SwerveMotorFirmware.elf"
Deleting file ".\CortexM0\ARM_GCC_541\Debug\SwerveMotorFirmware.map"
Deleting file ".\SwerveMotorFirmware.rpt"
Deleting file ".\SwerveMotorFirmware_timing.html"
Deleting file ".\CortexM0\ARM_GCC_541\Debug\.deps\SOURCE_C__ARM_GCC_GENERIC.P"
Deleting file ".\CortexM0\ARM_GCC_541\Debug\.deps\SOURCE_ASM__ARM_GCC_GENERIC.P"
cydsfit.exe -.appdatapath "C:\Users\mewin\AppData\Local\Cypress Semiconductor\PSoC Creator\4.4" -.fdsnotice -.fdswarpdepfile=warp_dependencies.txt -.fdselabdepfile=elab_dependencies.txt -.fdsbldfile=generated_files.txt -.fdsreffile=referenced_files.txt -p "C:\Users\mewin\OneDrive\Documents\PSoC Creator\Swerve Motor Board 2023\Swerve_Motor_Board_PY2023\SwerveMotorFirmware.cydsn\SwerveMotorFirmware.cyprj" -d CY8C4248AZI-L485 -s "C:\Users\mewin\OneDrive\Documents\PSoC Creator\Swerve Motor Board 2023\Swerve_Motor_Board_PY2023\SwerveMotorFirmware.cydsn\Generated_Source\PSoC4" -- -yv2 -q10 -ygs -o2 -v3 -.fftcfgtype=LE
Elaborating Design...
ADD: sdb.M0065: information: Analog terminal "Motor2CurrentSense.analog_0" on TopDesign is unconnected.
 * C:\Users\mewin\OneDrive\Documents\PSoC Creator\Swerve Motor Board 2023\Swerve_Motor_Board_PY2023\SwerveMotorFirmware.cydsn\TopDesign\TopDesign.cysch (Signal: Net_398)
 * C:\Users\mewin\OneDrive\Documents\PSoC Creator\Swerve Motor Board 2023\Swerve_Motor_Board_PY2023\SwerveMotorFirmware.cydsn\TopDesign\TopDesign.cysch (Shape_33.1)
ADD: sdb.M0065: information: Analog terminal "Motor1CurrentSense.analog_0" on TopDesign is unconnected.
 * C:\Users\mewin\OneDrive\Documents\PSoC Creator\Swerve Motor Board 2023\Swerve_Motor_Board_PY2023\SwerveMotorFirmware.cydsn\TopDesign\TopDesign.cysch (Signal: Net_397)
 * C:\Users\mewin\OneDrive\Documents\PSoC Creator\Swerve Motor Board 2023\Swerve_Motor_Board_PY2023\SwerveMotorFirmware.cydsn\TopDesign\TopDesign.cysch (Shape_32.1)
HDL Generation...
Synthesis...
Tech Mapping...
ADD: pft.M0040: information: The following 2 pin(s) will be assigned a location by the fitter: \ADC_SAR_Seq_1:Bypass(0)\, Array_LED(0)
Analog Placement...
ADD: fit.M0056: error: Error in fixed placement for Pin_Encoder_B(0): Mixed Interrupt Signal. Cannot assign 'Pin_Encoder_B(0)' with Interrupt Signal Pin_Encoder_B to physical port 6 where 'Pin_Encoder_A(0)' with Interrupt Signal Pin_Encoder_A is already placed.
 * C:\Users\mewin\OneDrive\Documents\PSoC Creator\Swerve Motor Board 2023\Swerve_Motor_Board_PY2023\SwerveMotorFirmware.cydsn\SwerveMotorFirmware.cydwr (Pin_Encoder_B)
Error: fit.M0059: FFB and IO placement failed: Mixed Interrupt Signal. Cannot assign 'Pin_Encoder_B(0)' with Interrupt Signal Pin_Encoder_B to physical port 6 where 'Pin_Encoder_A(0)' with Interrupt Signal Pin_Encoder_A is already placed. (App=cydsfit)
Dependency Generation...
Cleanup...
Error: fit.M0050: The fitter aborted due to errors, please address all errors and rebuild. (App=cydsfit)
--------------- Rebuild Failed: 02/20/2023 17:33:23 ---------------
